{"/Users/Marcin/workspace/workspace_tsx/railway-drawer/src/vite.config.ts": {"path":"/Users/Marcin/workspace/workspace_tsx/railway-drawer/src/vite.config.ts","statementMap":{"0":{"start":{"line":1,"column":0},"end":{"line":1,"column":35}},"1":{"start":{"line":2,"column":0},"end":{"line":2,"column":40}},"2":{"start":{"line":5,"column":0},"end":{"line":7,"column":null}}},"fnMap":{},"branchMap":{},"s":{"0":0,"1":0,"2":0},"f":{},"b":{}}
,"/Users/Marcin/workspace/workspace_tsx/railway-drawer/src/components/Button.tsx": {"path":"/Users/Marcin/workspace/workspace_tsx/railway-drawer/src/components/Button.tsx","statementMap":{"0":{"start":{"line":3,"column":72},"end":{"line":16,"column":1}},"1":{"start":{"line":3,"column":84},"end":{"line":3,"column":89}},"2":{"start":{"line":3,"column":94},"end":{"line":3,"column":98}},"3":{"start":{"line":5,"column":25},"end":{"line":5,"column":235}},"4":{"start":{"line":7,"column":2},"end":{"line":15,"column":4}},"5":{"start":{"line":18,"column":0},"end":{"line":18,"column":22}}},"fnMap":{"0":{"name":"(anonymous_1)","decl":{"start":{"line":3,"column":72},"end":{"line":3,"column":73}},"loc":{"start":{"line":3,"column":100},"end":{"line":16,"column":1}}}},"branchMap":{"0":{"loc":{"start":{"line":5,"column":25},"end":{"line":5,"column":235}},"type":"binary-expr","locations":[{"start":{"line":5,"column":25},"end":{"line":5,"column":34}},{"start":{"line":5,"column":38},"end":{"line":5,"column":235}}]}},"s":{"0":0,"1":0,"2":0,"3":0,"4":0,"5":0},"f":{"0":0},"b":{"0":[0,0]}}
,"/Users/Marcin/workspace/workspace_tsx/railway-drawer/src/components/Card.tsx": {"path":"/Users/Marcin/workspace/workspace_tsx/railway-drawer/src/components/Card.tsx","statementMap":{"0":{"start":{"line":3,"column":68},"end":{"line":18,"column":2}},"1":{"start":{"line":3,"column":79},"end":{"line":3,"column":84}},"2":{"start":{"line":3,"column":89},"end":{"line":3,"column":93}},"3":{"start":{"line":3,"column":96},"end":{"line":18,"column":2}},"4":{"start":{"line":3,"column":13},"end":{"line":3,"column":68}},"5":{"start":{"line":20,"column":68},"end":{"line":21,"column":null}},"6":{"start":{"line":21,"column":2},"end":{"line":21,"column":52}},"7":{"start":{"line":20,"column":13},"end":{"line":20,"column":68}}},"fnMap":{"0":{"name":"(anonymous_1)","decl":{"start":{"line":3,"column":68},"end":{"line":3,"column":69}},"loc":{"start":{"line":3,"column":95},"end":{"line":18,"column":2}}},"1":{"name":"(anonymous_2)","decl":{"start":{"line":20,"column":68},"end":{"line":20,"column":69}},"loc":{"start":{"line":21,"column":2},"end":{"line":21,"column":52}}}},"branchMap":{"0":{"loc":{"start":{"line":13,"column":10},"end":{"line":13,"column":27}},"type":"binary-expr","locations":[{"start":{"line":13,"column":10},"end":{"line":13,"column":21}},{"start":{"line":13,"column":25},"end":{"line":13,"column":27}}]}},"s":{"0":0,"1":0,"2":0,"3":0,"4":0,"5":0,"6":0,"7":0},"f":{"0":0,"1":0},"b":{"0":[0,0]}}
,"/Users/Marcin/workspace/workspace_tsx/railway-drawer/src/components/DrawArea.tsx": {"path":"/Users/Marcin/workspace/workspace_tsx/railway-drawer/src/components/DrawArea.tsx","statementMap":{"0":{"start":{"line":13,"column":0},"end":{"line":13,"column":92}},"1":{"start":{"line":14,"column":0},"end":{"line":14,"column":43}},"2":{"start":{"line":90,"column":17},"end":{"line":1132,"column":2}},"3":{"start":{"line":99,"column":34},"end":{"line":99,"column":61}},"4":{"start":{"line":102,"column":2},"end":{"line":108,"column":17}},"5":{"start":{"line":103,"column":4},"end":{"line":107,"column":7}},"6":{"start":{"line":105,"column":37},"end":{"line":105,"column":42}},"7":{"start":{"line":106,"column":48},"end":{"line":106,"column":57}},"8":{"start":{"line":110,"column":54},"end":{"line":110,"column":76}},"9":{"start":{"line":112,"column":50},"end":{"line":112,"column":79}},"10":{"start":{"line":114,"column":38},"end":{"line":114,"column":67}},"11":{"start":{"line":116,"column":24},"end":{"line":116,"column":51}},"12":{"start":{"line":118,"column":21},"end":{"line":118,"column":69}},"13":{"start":{"line":120,"column":48},"end":{"line":120,"column":75}},"14":{"start":{"line":122,"column":34},"end":{"line":122,"column":57}},"15":{"start":{"line":124,"column":25},"end":{"line":124,"column":54}},"16":{"start":{"line":126,"column":17},"end":{"line":126,"column":51}},"17":{"start":{"line":128,"column":29},"end":{"line":128,"column":42}},"18":{"start":{"line":131,"column":48},"end":{"line":131,"column":63}},"19":{"start":{"line":133,"column":46},"end":{"line":133,"column":93}},"20":{"start":{"line":135,"column":42},"end":{"line":135,"column":89}},"21":{"start":{"line":137,"column":26},"end":{"line":137,"column":71}},"22":{"start":{"line":140,"column":36},"end":{"line":140,"column":51}},"23":{"start":{"line":142,"column":34},"end":{"line":142,"column":81}},"24":{"start":{"line":144,"column":36},"end":{"line":144,"column":86}},"25":{"start":{"line":147,"column":35},"end":{"line":147,"column":133}},"26":{"start":{"line":149,"column":46},"end":{"line":149,"column":73}},"27":{"start":{"line":155,"column":2},"end":{"line":186,"column":64}},"28":{"start":{"line":155,"column":34},"end":{"line":186,"column":4}},"29":{"start":{"line":156,"column":25},"end":{"line":156,"column":39}},"30":{"start":{"line":157,"column":23},"end":{"line":157,"column":31}},"31":{"start":{"line":159,"column":6},"end":{"line":164,"column":9}},"32":{"start":{"line":162,"column":34},"end":{"line":162,"column":39}},"33":{"start":{"line":163,"column":45},"end":{"line":163,"column":54}},"34":{"start":{"line":165,"column":6},"end":{"line":165,"column":23}},"35":{"start":{"line":167,"column":42},"end":{"line":167,"column":62}},"36":{"start":{"line":168,"column":26},"end":{"line":168,"column":34}},"37":{"start":{"line":170,"column":6},"end":{"line":170,"column":32}},"38":{"start":{"line":171,"column":6},"end":{"line":173,"column":7}},"39":{"start":{"line":172,"column":8},"end":{"line":172,"column":53}},"40":{"start":{"line":175,"column":30},"end":{"line":175,"column":45}},"41":{"start":{"line":177,"column":6},"end":{"line":177,"column":55}},"42":{"start":{"line":177,"column":38},"end":{"line":177,"column":55}},"43":{"start":{"line":178,"column":6},"end":{"line":178,"column":94}},"44":{"start":{"line":178,"column":33},"end":{"line":178,"column":92}},"45":{"start":{"line":180,"column":33},"end":{"line":180,"column":51}},"46":{"start":{"line":184,"column":29},"end":{"line":184,"column":43}},"47":{"start":{"line":185,"column":47},"end":{"line":185,"column":69}},"48":{"start":{"line":192,"column":2},"end":{"line":194,"column":17}},"49":{"start":{"line":193,"column":4},"end":{"line":193,"column":76}},"50":{"start":{"line":193,"column":24},"end":{"line":193,"column":74}},"51":{"start":{"line":193,"column":39},"end":{"line":193,"column":73}},"52":{"start":{"line":197,"column":2},"end":{"line":202,"column":5}},"53":{"start":{"line":198,"column":4},"end":{"line":198,"column":30}},"54":{"start":{"line":199,"column":4},"end":{"line":199,"column":41}},"55":{"start":{"line":200,"column":4},"end":{"line":200,"column":36}},"56":{"start":{"line":201,"column":4},"end":{"line":201,"column":47}},"57":{"start":{"line":208,"column":2},"end":{"line":210,"column":19}},"58":{"start":{"line":209,"column":4},"end":{"line":209,"column":39}},"59":{"start":{"line":216,"column":2},"end":{"line":253,"column":98}},"60":{"start":{"line":218,"column":4},"end":{"line":218,"column":40}},"61":{"start":{"line":218,"column":33},"end":{"line":218,"column":40}},"62":{"start":{"line":222,"column":6},"end":{"line":227,"column":7}},"63":{"start":{"line":223,"column":8},"end":{"line":223,"column":100}},"64":{"start":{"line":223,"column":44},"end":{"line":223,"column":98}},"65":{"start":{"line":223,"column":62},"end":{"line":223,"column":97}},"66":{"start":{"line":224,"column":8},"end":{"line":224,"column":34}},"67":{"start":{"line":225,"column":8},"end":{"line":225,"column":34}},"68":{"start":{"line":226,"column":8},"end":{"line":226,"column":40}},"69":{"start":{"line":230,"column":6},"end":{"line":233,"column":7}},"70":{"start":{"line":231,"column":8},"end":{"line":231,"column":27}},"71":{"start":{"line":232,"column":8},"end":{"line":232,"column":31}},"72":{"start":{"line":236,"column":6},"end":{"line":239,"column":7}},"73":{"start":{"line":237,"column":8},"end":{"line":237,"column":27}},"74":{"start":{"line":238,"column":8},"end":{"line":238,"column":24}},"75":{"start":{"line":242,"column":6},"end":{"line":249,"column":7}},"76":{"start":{"line":243,"column":8},"end":{"line":248,"column":11}},"77":{"start":{"line":244,"column":10},"end":{"line":244,"column":45}},"78":{"start":{"line":244,"column":33},"end":{"line":244,"column":45}},"79":{"start":{"line":245,"column":23},"end":{"line":245,"column":44}},"80":{"start":{"line":246,"column":10},"end":{"line":246,"column":28}},"81":{"start":{"line":247,"column":10},"end":{"line":247,"column":35}},"82":{"start":{"line":251,"column":4},"end":{"line":251,"column":54}},"83":{"start":{"line":252,"column":4},"end":{"line":252,"column":70}},"84":{"start":{"line":252,"column":17},"end":{"line":252,"column":69}},"85":{"start":{"line":261,"column":4},"end":{"line":261,"column":67}},"86":{"start":{"line":261,"column":23},"end":{"line":261,"column":65}},"87":{"start":{"line":261,"column":52},"end":{"line":261,"column":63}},"88":{"start":{"line":262,"column":4},"end":{"line":262,"column":25}},"89":{"start":{"line":272,"column":19},"end":{"line":272,"column":59}},"90":{"start":{"line":273,"column":20},"end":{"line":273,"column":60}},"91":{"start":{"line":274,"column":18},"end":{"line":274,"column":58}},"92":{"start":{"line":275,"column":21},"end":{"line":275,"column":61}},"93":{"start":{"line":277,"column":4},"end":{"line":280,"column":49}},"94":{"start":{"line":290,"column":4},"end":{"line":290,"column":24}},"95":{"start":{"line":292,"column":4},"end":{"line":300,"column":5}},"96":{"start":{"line":293,"column":6},"end":{"line":297,"column":8}},"97":{"start":{"line":295,"column":54},"end":{"line":295,"column":66}},"98":{"start":{"line":299,"column":6},"end":{"line":299,"column":37}},"99":{"start":{"line":303,"column":4},"end":{"line":303,"column":29}},"100":{"start":{"line":305,"column":4},"end":{"line":305,"column":25}},"101":{"start":{"line":307,"column":4},"end":{"line":307,"column":39}},"102":{"start":{"line":308,"column":20},"end":{"line":308,"column":59}},"103":{"start":{"line":309,"column":4},"end":{"line":312,"column":6}},"104":{"start":{"line":315,"column":31},"end":{"line":315,"column":96}},"105":{"start":{"line":316,"column":4},"end":{"line":316,"column":45}},"106":{"start":{"line":317,"column":4},"end":{"line":324,"column":7}},"107":{"start":{"line":318,"column":6},"end":{"line":323,"column":7}},"108":{"start":{"line":319,"column":8},"end":{"line":322,"column":11}},"109":{"start":{"line":326,"column":4},"end":{"line":326,"column":62}},"110":{"start":{"line":327,"column":4},"end":{"line":327,"column":58}},"111":{"start":{"line":334,"column":4},"end":{"line":338,"column":7}},"112":{"start":{"line":340,"column":4},"end":{"line":340,"column":74}},"113":{"start":{"line":340,"column":62},"end":{"line":340,"column":74}},"114":{"start":{"line":342,"column":14},"end":{"line":342,"column":56}},"115":{"start":{"line":343,"column":14},"end":{"line":343,"column":56}},"116":{"start":{"line":344,"column":18},"end":{"line":344,"column":61}},"117":{"start":{"line":345,"column":19},"end":{"line":345,"column":62}},"118":{"start":{"line":347,"column":4},"end":{"line":347,"column":65}},"119":{"start":{"line":349,"column":4},"end":{"line":361,"column":6}},"120":{"start":{"line":368,"column":4},"end":{"line":368,"column":47}},"121":{"start":{"line":370,"column":4},"end":{"line":373,"column":5}},"122":{"start":{"line":371,"column":6},"end":{"line":371,"column":49}},"123":{"start":{"line":372,"column":6},"end":{"line":372,"column":13}},"124":{"start":{"line":376,"column":22},"end":{"line":376,"column":50}},"125":{"start":{"line":378,"column":4},"end":{"line":385,"column":5}},"126":{"start":{"line":379,"column":6},"end":{"line":379,"column":38}},"127":{"start":{"line":380,"column":6},"end":{"line":380,"column":25}},"128":{"start":{"line":381,"column":6},"end":{"line":381,"column":50}},"129":{"start":{"line":382,"column":6},"end":{"line":382,"column":60}},"130":{"start":{"line":383,"column":6},"end":{"line":383,"column":56}},"131":{"start":{"line":384,"column":6},"end":{"line":384,"column":13}},"132":{"start":{"line":387,"column":4},"end":{"line":510,"column":5}},"133":{"start":{"line":388,"column":6},"end":{"line":388,"column":45}},"134":{"start":{"line":389,"column":22},"end":{"line":389,"column":61}},"135":{"start":{"line":390,"column":6},"end":{"line":390,"column":27}},"136":{"start":{"line":390,"column":20},"end":{"line":390,"column":27}},"137":{"start":{"line":392,"column":22},"end":{"line":392,"column":46}},"138":{"start":{"line":393,"column":22},"end":{"line":393,"column":45}},"139":{"start":{"line":394,"column":16},"end":{"line":394,"column":46}},"140":{"start":{"line":395,"column":16},"end":{"line":395,"column":46}},"141":{"start":{"line":397,"column":6},"end":{"line":397,"column":60}},"142":{"start":{"line":400,"column":6},"end":{"line":400,"column":31}},"143":{"start":{"line":401,"column":6},"end":{"line":401,"column":34}},"144":{"start":{"line":402,"column":6},"end":{"line":402,"column":32}},"145":{"start":{"line":404,"column":6},"end":{"line":407,"column":7}},"146":{"start":{"line":405,"column":8},"end":{"line":405,"column":34}},"147":{"start":{"line":406,"column":8},"end":{"line":406,"column":40}},"148":{"start":{"line":410,"column":28},"end":{"line":410,"column":36}},"149":{"start":{"line":411,"column":24},"end":{"line":411,"column":28}},"150":{"start":{"line":414,"column":32},"end":{"line":434,"column":7}},"151":{"start":{"line":416,"column":8},"end":{"line":419,"column":9}},"152":{"start":{"line":417,"column":10},"end":{"line":417,"column":82}},"153":{"start":{"line":418,"column":10},"end":{"line":418,"column":17}},"154":{"start":{"line":421,"column":24},"end":{"line":421,"column":63}},"155":{"start":{"line":422,"column":8},"end":{"line":422,"column":29}},"156":{"start":{"line":422,"column":22},"end":{"line":422,"column":29}},"157":{"start":{"line":424,"column":24},"end":{"line":424,"column":48}},"158":{"start":{"line":425,"column":24},"end":{"line":425,"column":47}},"159":{"start":{"line":426,"column":18},"end":{"line":426,"column":48}},"160":{"start":{"line":427,"column":18},"end":{"line":427,"column":48}},"161":{"start":{"line":429,"column":8},"end":{"line":429,"column":60}},"162":{"start":{"line":432,"column":8},"end":{"line":432,"column":34}},"163":{"start":{"line":433,"column":8},"end":{"line":433,"column":43}},"164":{"start":{"line":436,"column":30},"end":{"line":504,"column":7}},"165":{"start":{"line":437,"column":8},"end":{"line":437,"column":52}},"166":{"start":{"line":439,"column":8},"end":{"line":439,"column":30}},"167":{"start":{"line":439,"column":23},"end":{"line":439,"column":30}},"168":{"start":{"line":441,"column":29},"end":{"line":441,"column":42}},"169":{"start":{"line":442,"column":27},"end":{"line":442,"column":67}},"170":{"start":{"line":444,"column":24},"end":{"line":449,"column":10}},"171":{"start":{"line":451,"column":8},"end":{"line":451,"column":53}},"172":{"start":{"line":454,"column":24},"end":{"line":454,"column":63}},"173":{"start":{"line":456,"column":8},"end":{"line":493,"column":9}},"174":{"start":{"line":457,"column":10},"end":{"line":457,"column":64}},"175":{"start":{"line":458,"column":10},"end":{"line":463,"column":11}},"176":{"start":{"line":459,"column":12},"end":{"line":459,"column":38}},"177":{"start":{"line":460,"column":12},"end":{"line":460,"column":44}},"178":{"start":{"line":461,"column":12},"end":{"line":461,"column":38}},"179":{"start":{"line":462,"column":12},"end":{"line":462,"column":32}},"180":{"start":{"line":465,"column":10},"end":{"line":465,"column":52}},"181":{"start":{"line":468,"column":38},"end":{"line":468,"column":94}},"182":{"start":{"line":468,"column":60},"end":{"line":468,"column":93}},"183":{"start":{"line":469,"column":33},"end":{"line":469,"column":69}},"184":{"start":{"line":469,"column":63},"end":{"line":469,"column":68}},"185":{"start":{"line":471,"column":10},"end":{"line":471,"column":64}},"186":{"start":{"line":473,"column":10},"end":{"line":492,"column":11}},"187":{"start":{"line":475,"column":38},"end":{"line":475,"column":94}},"188":{"start":{"line":476,"column":12},"end":{"line":476,"column":53}},"189":{"start":{"line":477,"column":12},"end":{"line":482,"column":13}},"190":{"start":{"line":478,"column":33},"end":{"line":478,"column":84}},"191":{"start":{"line":478,"column":53},"end":{"line":478,"column":83}},"192":{"start":{"line":479,"column":14},"end":{"line":479,"column":47}},"193":{"start":{"line":481,"column":14},"end":{"line":481,"column":46}},"194":{"start":{"line":485,"column":12},"end":{"line":485,"column":50}},"195":{"start":{"line":486,"column":12},"end":{"line":491,"column":13}},"196":{"start":{"line":487,"column":33},"end":{"line":487,"column":81}},"197":{"start":{"line":487,"column":53},"end":{"line":487,"column":80}},"198":{"start":{"line":488,"column":14},"end":{"line":488,"column":47}},"199":{"start":{"line":490,"column":14},"end":{"line":490,"column":46}},"200":{"start":{"line":496,"column":8},"end":{"line":496,"column":46}},"201":{"start":{"line":497,"column":8},"end":{"line":497,"column":28}},"202":{"start":{"line":498,"column":8},"end":{"line":498,"column":39}},"203":{"start":{"line":499,"column":8},"end":{"line":499,"column":34}},"204":{"start":{"line":500,"column":8},"end":{"line":500,"column":32}},"205":{"start":{"line":501,"column":8},"end":{"line":501,"column":30}},"206":{"start":{"line":502,"column":8},"end":{"line":502,"column":69}},"207":{"start":{"line":503,"column":8},"end":{"line":503,"column":65}},"208":{"start":{"line":507,"column":6},"end":{"line":507,"column":63}},"209":{"start":{"line":508,"column":6},"end":{"line":508,"column":64}},"210":{"start":{"line":509,"column":6},"end":{"line":509,"column":60}},"211":{"start":{"line":517,"column":4},"end":{"line":517,"column":40}},"212":{"start":{"line":517,"column":33},"end":{"line":517,"column":40}},"213":{"start":{"line":519,"column":19},"end":{"line":519,"column":41}},"214":{"start":{"line":520,"column":19},"end":{"line":520,"column":41}},"215":{"start":{"line":522,"column":4},"end":{"line":525,"column":8}},"216":{"start":{"line":522,"column":26},"end":{"line":525,"column":6}},"217":{"start":{"line":527,"column":4},"end":{"line":527,"column":48}},"218":{"start":{"line":534,"column":4},"end":{"line":534,"column":24}},"219":{"start":{"line":535,"column":4},"end":{"line":535,"column":22}},"220":{"start":{"line":536,"column":4},"end":{"line":536,"column":61}},"221":{"start":{"line":537,"column":4},"end":{"line":537,"column":57}},"222":{"start":{"line":547,"column":30},"end":{"line":547,"column":51}},"223":{"start":{"line":548,"column":4},"end":{"line":548,"column":35}},"224":{"start":{"line":548,"column":28},"end":{"line":548,"column":35}},"225":{"start":{"line":549,"column":20},"end":{"line":549,"column":59}},"226":{"start":{"line":550,"column":4},"end":{"line":550,"column":25}},"227":{"start":{"line":550,"column":18},"end":{"line":550,"column":25}},"228":{"start":{"line":552,"column":4},"end":{"line":555,"column":5}},"229":{"start":{"line":553,"column":6},"end":{"line":553,"column":69}},"230":{"start":{"line":553,"column":25},"end":{"line":553,"column":67}},"231":{"start":{"line":553,"column":54},"end":{"line":553,"column":65}},"232":{"start":{"line":554,"column":6},"end":{"line":554,"column":40}},"233":{"start":{"line":558,"column":15},"end":{"line":558,"column":71}},"234":{"start":{"line":559,"column":15},"end":{"line":559,"column":70}},"235":{"start":{"line":562,"column":30},"end":{"line":562,"column":85}},"236":{"start":{"line":563,"column":4},"end":{"line":563,"column":35}},"237":{"start":{"line":563,"column":28},"end":{"line":563,"column":35}},"238":{"start":{"line":566,"column":19},"end":{"line":566,"column":49}},"239":{"start":{"line":567,"column":19},"end":{"line":567,"column":49}},"240":{"start":{"line":569,"column":4},"end":{"line":590,"column":6}},"241":{"start":{"line":570,"column":6},"end":{"line":589,"column":8}},"242":{"start":{"line":572,"column":8},"end":{"line":587,"column":9}},"243":{"start":{"line":573,"column":29},"end":{"line":573,"column":72}},"244":{"start":{"line":574,"column":10},"end":{"line":586,"column":11}},"245":{"start":{"line":575,"column":12},"end":{"line":584,"column":null}},"246":{"start":{"line":588,"column":8},"end":{"line":588,"column":18}},"247":{"start":{"line":598,"column":4},"end":{"line":598,"column":24}},"248":{"start":{"line":599,"column":4},"end":{"line":599,"column":45}},"249":{"start":{"line":600,"column":4},"end":{"line":600,"column":65}},"250":{"start":{"line":601,"column":4},"end":{"line":601,"column":61}},"251":{"start":{"line":610,"column":4},"end":{"line":635,"column":6}},"252":{"start":{"line":613,"column":10},"end":{"line":614,"column":null}},"253":{"start":{"line":624,"column":10},"end":{"line":625,"column":null}},"254":{"start":{"line":644,"column":4},"end":{"line":644,"column":23}},"255":{"start":{"line":645,"column":20},"end":{"line":645,"column":59}},"256":{"start":{"line":646,"column":4},"end":{"line":646,"column":25}},"257":{"start":{"line":646,"column":18},"end":{"line":646,"column":25}},"258":{"start":{"line":647,"column":17},"end":{"line":647,"column":67}},"259":{"start":{"line":648,"column":4},"end":{"line":648,"column":22}},"260":{"start":{"line":648,"column":15},"end":{"line":648,"column":22}},"261":{"start":{"line":649,"column":17},"end":{"line":649,"column":33}},"262":{"start":{"line":650,"column":14},"end":{"line":650,"column":47}},"263":{"start":{"line":651,"column":14},"end":{"line":651,"column":46}},"264":{"start":{"line":652,"column":4},"end":{"line":652,"column":62}},"265":{"start":{"line":653,"column":4},"end":{"line":660,"column":7}},"266":{"start":{"line":654,"column":25},"end":{"line":654,"column":58}},"267":{"start":{"line":655,"column":6},"end":{"line":655,"column":63}},"268":{"start":{"line":656,"column":6},"end":{"line":656,"column":67}},"269":{"start":{"line":657,"column":26},"end":{"line":657,"column":47}},"270":{"start":{"line":658,"column":6},"end":{"line":658,"column":73}},"271":{"start":{"line":659,"column":6},"end":{"line":659,"column":25}},"272":{"start":{"line":674,"column":27},"end":{"line":674,"column":63}},"273":{"start":{"line":676,"column":26},"end":{"line":681,"column":6}},"274":{"start":{"line":683,"column":21},"end":{"line":700,"column":null}},"275":{"start":{"line":703,"column":4},"end":{"line":734,"column":5}},"276":{"start":{"line":705,"column":8},"end":{"line":708,"column":null}},"277":{"start":{"line":711,"column":8},"end":{"line":714,"column":null}},"278":{"start":{"line":717,"column":8},"end":{"line":720,"column":null}},"279":{"start":{"line":723,"column":8},"end":{"line":726,"column":null}},"280":{"start":{"line":729,"column":8},"end":{"line":732,"column":null}},"281":{"start":{"line":743,"column":27},"end":{"line":743,"column":84}},"282":{"start":{"line":743,"column":49},"end":{"line":743,"column":83}},"283":{"start":{"line":745,"column":4},"end":{"line":748,"column":5}},"284":{"start":{"line":746,"column":6},"end":{"line":746,"column":55}},"285":{"start":{"line":747,"column":6},"end":{"line":747,"column":13}},"286":{"start":{"line":751,"column":31},"end":{"line":780,"column":6}},"287":{"start":{"line":753,"column":23},"end":{"line":776,"column":null}},"288":{"start":{"line":779,"column":6},"end":{"line":779,"column":25}},"289":{"start":{"line":783,"column":4},"end":{"line":783,"column":42}},"290":{"start":{"line":786,"column":4},"end":{"line":796,"column":5}},"291":{"start":{"line":787,"column":28},"end":{"line":791,"column":8}},"292":{"start":{"line":792,"column":6},"end":{"line":792,"column":67}},"293":{"start":{"line":793,"column":6},"end":{"line":793,"column":75}},"294":{"start":{"line":795,"column":6},"end":{"line":795,"column":66}},"295":{"start":{"line":799,"column":4},"end":{"line":799,"column":30}},"296":{"start":{"line":808,"column":27},"end":{"line":808,"column":84}},"297":{"start":{"line":808,"column":49},"end":{"line":808,"column":83}},"298":{"start":{"line":810,"column":4},"end":{"line":813,"column":5}},"299":{"start":{"line":811,"column":6},"end":{"line":811,"column":55}},"300":{"start":{"line":812,"column":6},"end":{"line":812,"column":13}},"301":{"start":{"line":816,"column":31},"end":{"line":840,"column":6}},"302":{"start":{"line":817,"column":23},"end":{"line":836,"column":null}},"303":{"start":{"line":839,"column":6},"end":{"line":839,"column":25}},"304":{"start":{"line":843,"column":4},"end":{"line":843,"column":42}},"305":{"start":{"line":846,"column":4},"end":{"line":846,"column":96}},"306":{"start":{"line":846,"column":40},"end":{"line":846,"column":94}},"307":{"start":{"line":846,"column":58},"end":{"line":846,"column":93}},"308":{"start":{"line":847,"column":4},"end":{"line":847,"column":30}},"309":{"start":{"line":848,"column":4},"end":{"line":848,"column":30}},"310":{"start":{"line":849,"column":4},"end":{"line":849,"column":36}},"311":{"start":{"line":852,"column":4},"end":{"line":863,"column":5}},"312":{"start":{"line":853,"column":28},"end":{"line":858,"column":8}},"313":{"start":{"line":859,"column":6},"end":{"line":859,"column":67}},"314":{"start":{"line":860,"column":6},"end":{"line":860,"column":72}},"315":{"start":{"line":862,"column":6},"end":{"line":862,"column":66}},"316":{"start":{"line":866,"column":4},"end":{"line":866,"column":30}},"317":{"start":{"line":875,"column":4},"end":{"line":877,"column":5}},"318":{"start":{"line":876,"column":6},"end":{"line":876,"column":49}},"319":{"start":{"line":879,"column":15},"end":{"line":879,"column":23}},"320":{"start":{"line":880,"column":15},"end":{"line":880,"column":23}},"321":{"start":{"line":881,"column":15},"end":{"line":881,"column":24}},"322":{"start":{"line":882,"column":15},"end":{"line":882,"column":24}},"323":{"start":{"line":884,"column":4},"end":{"line":902,"column":7}},"324":{"start":{"line":886,"column":6},"end":{"line":891,"column":7}},"325":{"start":{"line":889,"column":8},"end":{"line":889,"column":76}},"326":{"start":{"line":890,"column":8},"end":{"line":890,"column":15}},"327":{"start":{"line":893,"column":19},"end":{"line":893,"column":49}},"328":{"start":{"line":894,"column":20},"end":{"line":894,"column":50}},"329":{"start":{"line":895,"column":18},"end":{"line":895,"column":48}},"330":{"start":{"line":896,"column":21},"end":{"line":896,"column":51}},"331":{"start":{"line":898,"column":6},"end":{"line":898,"column":34}},"332":{"start":{"line":899,"column":6},"end":{"line":899,"column":33}},"333":{"start":{"line":900,"column":6},"end":{"line":900,"column":35}},"334":{"start":{"line":901,"column":6},"end":{"line":901,"column":36}},"335":{"start":{"line":905,"column":4},"end":{"line":907,"column":5}},"336":{"start":{"line":906,"column":6},"end":{"line":906,"column":49}},"337":{"start":{"line":909,"column":4},"end":{"line":914,"column":6}},"338":{"start":{"line":924,"column":4},"end":{"line":927,"column":5}},"339":{"start":{"line":925,"column":6},"end":{"line":925,"column":56}},"340":{"start":{"line":926,"column":6},"end":{"line":926,"column":13}},"341":{"start":{"line":932,"column":4},"end":{"line":945,"column":5}},"342":{"start":{"line":933,"column":6},"end":{"line":933,"column":32}},"343":{"start":{"line":934,"column":6},"end":{"line":934,"column":32}},"344":{"start":{"line":937,"column":22},"end":{"line":937,"column":61}},"345":{"start":{"line":938,"column":6},"end":{"line":944,"column":7}},"346":{"start":{"line":939,"column":8},"end":{"line":939,"column":59}},"347":{"start":{"line":940,"column":8},"end":{"line":940,"column":60}},"348":{"start":{"line":942,"column":8},"end":{"line":942,"column":33}},"349":{"start":{"line":943,"column":8},"end":{"line":943,"column":34}},"350":{"start":{"line":948,"column":19},"end":{"line":948,"column":58}},"351":{"start":{"line":949,"column":20},"end":{"line":949,"column":47}},"352":{"start":{"line":950,"column":20},"end":{"line":950,"column":48}},"353":{"start":{"line":953,"column":20},"end":{"line":953,"column":37}},"354":{"start":{"line":954,"column":20},"end":{"line":954,"column":37}},"355":{"start":{"line":957,"column":24},"end":{"line":984,"column":6}},"356":{"start":{"line":958,"column":20},"end":{"line":958,"column":89}},"357":{"start":{"line":961,"column":22},"end":{"line":980,"column":null}},"358":{"start":{"line":978,"column":67},"end":{"line":978,"column":82}},"359":{"start":{"line":983,"column":6},"end":{"line":983,"column":24}},"360":{"start":{"line":987,"column":26},"end":{"line":990,"column":null}},"361":{"start":{"line":988,"column":6},"end":{"line":990,"column":66}},"362":{"start":{"line":993,"column":4},"end":{"line":995,"column":5}},"363":{"start":{"line":994,"column":6},"end":{"line":994,"column":110}},"364":{"start":{"line":997,"column":4},"end":{"line":1000,"column":5}},"365":{"start":{"line":998,"column":6},"end":{"line":998,"column":50}},"366":{"start":{"line":999,"column":6},"end":{"line":999,"column":13}},"367":{"start":{"line":1003,"column":4},"end":{"line":1003,"column":69}},"368":{"start":{"line":1003,"column":40},"end":{"line":1003,"column":67}},"369":{"start":{"line":1006,"column":26},"end":{"line":1006,"column":56}},"370":{"start":{"line":1006,"column":50},"end":{"line":1006,"column":55}},"371":{"start":{"line":1007,"column":4},"end":{"line":1007,"column":41}},"372":{"start":{"line":1009,"column":4},"end":{"line":1013,"column":5}},"373":{"start":{"line":1010,"column":6},"end":{"line":1010,"column":45}},"374":{"start":{"line":1012,"column":6},"end":{"line":1012,"column":38}},"375":{"start":{"line":1015,"column":4},"end":{"line":1015,"column":109}},"376":{"start":{"line":1024,"column":4},"end":{"line":1024,"column":23}},"377":{"start":{"line":1027,"column":20},"end":{"line":1027,"column":59}},"378":{"start":{"line":1028,"column":4},"end":{"line":1028,"column":25}},"379":{"start":{"line":1028,"column":18},"end":{"line":1028,"column":25}},"380":{"start":{"line":1030,"column":14},"end":{"line":1030,"column":61}},"381":{"start":{"line":1031,"column":14},"end":{"line":1031,"column":60}},"382":{"start":{"line":1034,"column":4},"end":{"line":1036,"column":5}},"383":{"start":{"line":1035,"column":6},"end":{"line":1035,"column":30}},"384":{"start":{"line":1040,"column":2},"end":{"line":1131,"column":4}},"385":{"start":{"line":1055,"column":23},"end":{"line":1055,"column":41}},"386":{"start":{"line":1065,"column":10},"end":{"line":1066,"column":null}},"387":{"start":{"line":1072,"column":14},"end":{"line":1072,"column":83}},"388":{"start":{"line":1072,"column":34},"end":{"line":1072,"column":82}},"389":{"start":{"line":1072,"column":48},"end":{"line":1072,"column":81}},"390":{"start":{"line":1080,"column":10},"end":{"line":1080,"column":63}},"391":{"start":{"line":1080,"column":51},"end":{"line":1080,"column":63}},"392":{"start":{"line":1082,"column":23},"end":{"line":1082,"column":53}},"393":{"start":{"line":1083,"column":22},"end":{"line":1083,"column":52}},"394":{"start":{"line":1084,"column":24},"end":{"line":1084,"column":55}},"395":{"start":{"line":1085,"column":25},"end":{"line":1085,"column":56}},"396":{"start":{"line":1087,"column":10},"end":{"line":1099,"column":12}},"397":{"start":{"line":1097,"column":36},"end":{"line":1097,"column":60}},"398":{"start":{"line":1104,"column":10},"end":{"line":1104,"column":63}},"399":{"start":{"line":1104,"column":51},"end":{"line":1104,"column":63}},"400":{"start":{"line":1106,"column":23},"end":{"line":1106,"column":53}},"401":{"start":{"line":1107,"column":22},"end":{"line":1107,"column":52}},"402":{"start":{"line":1108,"column":24},"end":{"line":1108,"column":55}},"403":{"start":{"line":1109,"column":25},"end":{"line":1109,"column":56}},"404":{"start":{"line":1111,"column":10},"end":{"line":1124,"column":12}},"405":{"start":{"line":1134,"column":0},"end":{"line":1134,"column":34}},"406":{"start":{"line":1136,"column":0},"end":{"line":1136,"column":24}}},"fnMap":{"0":{"name":"(anonymous_0)","decl":{"start":{"line":90,"column":56},"end":{"line":90,"column":57}},"loc":{"start":{"line":97,"column":10},"end":{"line":1132,"column":1}}},"1":{"name":"(anonymous_1)","decl":{"start":{"line":102,"column":12},"end":{"line":102,"column":15}},"loc":{"start":{"line":102,"column":17},"end":{"line":108,"column":3}}},"2":{"name":"(anonymous_2)","decl":{"start":{"line":105,"column":31},"end":{"line":105,"column":33}},"loc":{"start":{"line":105,"column":37},"end":{"line":105,"column":42}}},"3":{"name":"(anonymous_3)","decl":{"start":{"line":106,"column":42},"end":{"line":106,"column":44}},"loc":{"start":{"line":106,"column":48},"end":{"line":106,"column":57}}},"4":{"name":"(anonymous_4)","decl":{"start":{"line":155,"column":27},"end":{"line":155,"column":30}},"loc":{"start":{"line":155,"column":34},"end":{"line":186,"column":4}}},"5":{"name":"(anonymous_5)","decl":{"start":{"line":156,"column":19},"end":{"line":156,"column":22}},"loc":{"start":{"line":156,"column":25},"end":{"line":156,"column":39}}},"6":{"name":"(anonymous_6)","decl":{"start":{"line":157,"column":17},"end":{"line":157,"column":20}},"loc":{"start":{"line":157,"column":23},"end":{"line":157,"column":31}}},"7":{"name":"(anonymous_7)","decl":{"start":{"line":158,"column":17},"end":{"line":158,"column":18}},"loc":{"start":{"line":158,"column":40},"end":{"line":166,"column":5}}},"8":{"name":"(anonymous_8)","decl":{"start":{"line":162,"column":28},"end":{"line":162,"column":30}},"loc":{"start":{"line":162,"column":34},"end":{"line":162,"column":39}}},"9":{"name":"(anonymous_9)","decl":{"start":{"line":163,"column":39},"end":{"line":163,"column":41}},"loc":{"start":{"line":163,"column":45},"end":{"line":163,"column":54}}},"10":{"name":"(anonymous_10)","decl":{"start":{"line":167,"column":20},"end":{"line":167,"column":21}},"loc":{"start":{"line":167,"column":42},"end":{"line":167,"column":62}}},"11":{"name":"(anonymous_11)","decl":{"start":{"line":168,"column":20},"end":{"line":168,"column":23}},"loc":{"start":{"line":168,"column":26},"end":{"line":168,"column":34}}},"12":{"name":"(anonymous_12)","decl":{"start":{"line":169,"column":24},"end":{"line":169,"column":25}},"loc":{"start":{"line":169,"column":42},"end":{"line":174,"column":5}}},"13":{"name":"(anonymous_13)","decl":{"start":{"line":175,"column":24},"end":{"line":175,"column":27}},"loc":{"start":{"line":175,"column":30},"end":{"line":175,"column":45}}},"14":{"name":"(anonymous_14)","decl":{"start":{"line":176,"column":24},"end":{"line":176,"column":27}},"loc":{"start":{"line":176,"column":29},"end":{"line":179,"column":5}}},"15":{"name":"(anonymous_15)","decl":{"start":{"line":178,"column":27},"end":{"line":178,"column":29}},"loc":{"start":{"line":178,"column":33},"end":{"line":178,"column":92}}},"16":{"name":"(anonymous_16)","decl":{"start":{"line":180,"column":27},"end":{"line":180,"column":30}},"loc":{"start":{"line":180,"column":33},"end":{"line":180,"column":51}}},"17":{"name":"(anonymous_17)","decl":{"start":{"line":184,"column":23},"end":{"line":184,"column":26}},"loc":{"start":{"line":184,"column":29},"end":{"line":184,"column":43}}},"18":{"name":"(anonymous_18)","decl":{"start":{"line":185,"column":23},"end":{"line":185,"column":24}},"loc":{"start":{"line":185,"column":47},"end":{"line":185,"column":69}}},"19":{"name":"(anonymous_19)","decl":{"start":{"line":192,"column":12},"end":{"line":192,"column":15}},"loc":{"start":{"line":192,"column":17},"end":{"line":194,"column":3}}},"20":{"name":"(anonymous_20)","decl":{"start":{"line":193,"column":16},"end":{"line":193,"column":20}},"loc":{"start":{"line":193,"column":24},"end":{"line":193,"column":74}}},"21":{"name":"(anonymous_21)","decl":{"start":{"line":193,"column":33},"end":{"line":193,"column":35}},"loc":{"start":{"line":193,"column":39},"end":{"line":193,"column":73}}},"22":{"name":"(anonymous_22)","decl":{"start":{"line":197,"column":19},"end":{"line":197,"column":20}},"loc":{"start":{"line":197,"column":26},"end":{"line":202,"column":3}}},"23":{"name":"(anonymous_23)","decl":{"start":{"line":208,"column":12},"end":{"line":208,"column":15}},"loc":{"start":{"line":208,"column":17},"end":{"line":210,"column":3}}},"24":{"name":"(anonymous_24)","decl":{"start":{"line":216,"column":12},"end":{"line":216,"column":15}},"loc":{"start":{"line":216,"column":17},"end":{"line":253,"column":3}}},"25":{"name":"handleKeyDown","decl":{"start":{"line":220,"column":13},"end":{"line":220,"column":26}},"loc":{"start":{"line":220,"column":43},"end":{"line":250,"column":5}}},"26":{"name":"(anonymous_26)","decl":{"start":{"line":223,"column":36},"end":{"line":223,"column":40}},"loc":{"start":{"line":223,"column":44},"end":{"line":223,"column":98}}},"27":{"name":"(anonymous_27)","decl":{"start":{"line":223,"column":56},"end":{"line":223,"column":58}},"loc":{"start":{"line":223,"column":62},"end":{"line":223,"column":97}}},"28":{"name":"(anonymous_28)","decl":{"start":{"line":243,"column":19},"end":{"line":243,"column":23}},"loc":{"start":{"line":243,"column":26},"end":{"line":248,"column":9}}},"29":{"name":"(anonymous_29)","decl":{"start":{"line":252,"column":11},"end":{"line":252,"column":14}},"loc":{"start":{"line":252,"column":17},"end":{"line":252,"column":69}}},"30":{"name":"pushToHistoryAndSetElements","decl":{"start":{"line":260,"column":11},"end":{"line":260,"column":38}},"loc":{"start":{"line":260,"column":83},"end":{"line":263,"column":3}}},"31":{"name":"(anonymous_31)","decl":{"start":{"line":261,"column":15},"end":{"line":261,"column":19}},"loc":{"start":{"line":261,"column":23},"end":{"line":261,"column":65}}},"32":{"name":"(anonymous_32)","decl":{"start":{"line":261,"column":46},"end":{"line":261,"column":48}},"loc":{"start":{"line":261,"column":52},"end":{"line":261,"column":63}}},"33":{"name":"isElementInSelection","decl":{"start":{"line":271,"column":11},"end":{"line":271,"column":31}},"loc":{"start":{"line":271,"column":118},"end":{"line":281,"column":3}}},"34":{"name":"handlePointerDown","decl":{"start":{"line":289,"column":11},"end":{"line":289,"column":28}},"loc":{"start":{"line":289,"column":67},"end":{"line":328,"column":3}}},"35":{"name":"(anonymous_35)","decl":{"start":{"line":295,"column":38},"end":{"line":295,"column":39}},"loc":{"start":{"line":295,"column":54},"end":{"line":295,"column":66}}},"36":{"name":"(anonymous_36)","decl":{"start":{"line":317,"column":21},"end":{"line":317,"column":28}},"loc":{"start":{"line":317,"column":31},"end":{"line":324,"column":5}}},"37":{"name":"renderSelectionRectangle","decl":{"start":{"line":333,"column":11},"end":{"line":333,"column":35}},"loc":{"start":{"line":333,"column":35},"end":{"line":362,"column":3}}},"38":{"name":"handleSvgPointerDown","decl":{"start":{"line":367,"column":11},"end":{"line":367,"column":31}},"loc":{"start":{"line":367,"column":53},"end":{"line":511,"column":3}}},"39":{"name":"(anonymous_39)","decl":{"start":{"line":414,"column":32},"end":{"line":414,"column":33}},"loc":{"start":{"line":414,"column":52},"end":{"line":434,"column":7}}},"40":{"name":"(anonymous_40)","decl":{"start":{"line":436,"column":30},"end":{"line":436,"column":31}},"loc":{"start":{"line":436,"column":50},"end":{"line":504,"column":7}}},"41":{"name":"(anonymous_41)","decl":{"start":{"line":468,"column":54},"end":{"line":468,"column":56}},"loc":{"start":{"line":468,"column":60},"end":{"line":468,"column":93}}},"42":{"name":"(anonymous_42)","decl":{"start":{"line":469,"column":57},"end":{"line":469,"column":59}},"loc":{"start":{"line":469,"column":63},"end":{"line":469,"column":68}}},"43":{"name":"(anonymous_43)","decl":{"start":{"line":478,"column":47},"end":{"line":478,"column":49}},"loc":{"start":{"line":478,"column":53},"end":{"line":478,"column":83}}},"44":{"name":"(anonymous_44)","decl":{"start":{"line":487,"column":47},"end":{"line":487,"column":49}},"loc":{"start":{"line":487,"column":53},"end":{"line":487,"column":80}}},"45":{"name":"handlePanMove","decl":{"start":{"line":516,"column":11},"end":{"line":516,"column":24}},"loc":{"start":{"line":516,"column":40},"end":{"line":528,"column":3}}},"46":{"name":"(anonymous_46)","decl":{"start":{"line":522,"column":17},"end":{"line":522,"column":21}},"loc":{"start":{"line":522,"column":26},"end":{"line":525,"column":6}}},"47":{"name":"handlePanUp","decl":{"start":{"line":533,"column":11},"end":{"line":533,"column":22}},"loc":{"start":{"line":533,"column":22},"end":{"line":538,"column":3}}},"48":{"name":"handlePointerMove","decl":{"start":{"line":546,"column":11},"end":{"line":546,"column":28}},"loc":{"start":{"line":546,"column":44},"end":{"line":591,"column":3}}},"49":{"name":"(anonymous_49)","decl":{"start":{"line":553,"column":17},"end":{"line":553,"column":21}},"loc":{"start":{"line":553,"column":25},"end":{"line":553,"column":67}}},"50":{"name":"(anonymous_50)","decl":{"start":{"line":553,"column":48},"end":{"line":553,"column":50}},"loc":{"start":{"line":553,"column":54},"end":{"line":553,"column":65}}},"51":{"name":"(anonymous_51)","decl":{"start":{"line":569,"column":16},"end":{"line":569,"column":20}},"loc":{"start":{"line":570,"column":6},"end":{"line":589,"column":8}}},"52":{"name":"(anonymous_52)","decl":{"start":{"line":570,"column":15},"end":{"line":570,"column":17}},"loc":{"start":{"line":570,"column":20},"end":{"line":589,"column":7}}},"53":{"name":"handlePointerUp","decl":{"start":{"line":597,"column":11},"end":{"line":597,"column":26}},"loc":{"start":{"line":597,"column":26},"end":{"line":602,"column":3}}},"54":{"name":"renderGrid","decl":{"start":{"line":609,"column":11},"end":{"line":609,"column":21}},"loc":{"start":{"line":609,"column":21},"end":{"line":636,"column":3}}},"55":{"name":"(anonymous_55)","decl":{"start":{"line":612,"column":71},"end":{"line":612,"column":72}},"loc":{"start":{"line":613,"column":10},"end":{"line":614,"column":null}}},"56":{"name":"(anonymous_56)","decl":{"start":{"line":623,"column":72},"end":{"line":623,"column":73}},"loc":{"start":{"line":624,"column":10},"end":{"line":625,"column":null}}},"57":{"name":"handleDrop","decl":{"start":{"line":643,"column":11},"end":{"line":643,"column":21}},"loc":{"start":{"line":643,"column":55},"end":{"line":661,"column":3}}},"58":{"name":"(anonymous_58)","decl":{"start":{"line":653,"column":16},"end":{"line":653,"column":20}},"loc":{"start":{"line":653,"column":23},"end":{"line":660,"column":5}}},"59":{"name":"createCenteredElement","decl":{"start":{"line":671,"column":11},"end":{"line":671,"column":32}},"loc":{"start":{"line":671,"column":64},"end":{"line":735,"column":3}}},"60":{"name":"copySelectedElements","decl":{"start":{"line":742,"column":11},"end":{"line":742,"column":31}},"loc":{"start":{"line":742,"column":31},"end":{"line":800,"column":3}}},"61":{"name":"(anonymous_61)","decl":{"start":{"line":743,"column":43},"end":{"line":743,"column":45}},"loc":{"start":{"line":743,"column":49},"end":{"line":743,"column":83}}},"62":{"name":"(anonymous_62)","decl":{"start":{"line":751,"column":50},"end":{"line":751,"column":52}},"loc":{"start":{"line":751,"column":55},"end":{"line":780,"column":5}}},"63":{"name":"cutSelectedElements","decl":{"start":{"line":807,"column":11},"end":{"line":807,"column":30}},"loc":{"start":{"line":807,"column":30},"end":{"line":867,"column":3}}},"64":{"name":"(anonymous_64)","decl":{"start":{"line":808,"column":43},"end":{"line":808,"column":45}},"loc":{"start":{"line":808,"column":49},"end":{"line":808,"column":83}}},"65":{"name":"(anonymous_65)","decl":{"start":{"line":816,"column":50},"end":{"line":816,"column":52}},"loc":{"start":{"line":816,"column":55},"end":{"line":840,"column":5}}},"66":{"name":"(anonymous_66)","decl":{"start":{"line":846,"column":32},"end":{"line":846,"column":36}},"loc":{"start":{"line":846,"column":40},"end":{"line":846,"column":94}}},"67":{"name":"(anonymous_67)","decl":{"start":{"line":846,"column":52},"end":{"line":846,"column":54}},"loc":{"start":{"line":846,"column":58},"end":{"line":846,"column":93}}},"68":{"name":"calculateElementsBounds","decl":{"start":{"line":874,"column":11},"end":{"line":874,"column":34}},"loc":{"start":{"line":874,"column":58},"end":{"line":915,"column":3}}},"69":{"name":"(anonymous_69)","decl":{"start":{"line":884,"column":21},"end":{"line":884,"column":23}},"loc":{"start":{"line":884,"column":26},"end":{"line":902,"column":5}}},"70":{"name":"pasteElements","decl":{"start":{"line":923,"column":11},"end":{"line":923,"column":24}},"loc":{"start":{"line":923,"column":65},"end":{"line":1016,"column":3}}},"71":{"name":"(anonymous_71)","decl":{"start":{"line":957,"column":43},"end":{"line":957,"column":45}},"loc":{"start":{"line":957,"column":48},"end":{"line":984,"column":5}}},"72":{"name":"(anonymous_72)","decl":{"start":{"line":978,"column":57},"end":{"line":978,"column":63}},"loc":{"start":{"line":978,"column":67},"end":{"line":978,"column":82}}},"73":{"name":"(anonymous_73)","decl":{"start":{"line":987,"column":45},"end":{"line":987,"column":47}},"loc":{"start":{"line":988,"column":6},"end":{"line":990,"column":66}}},"74":{"name":"(anonymous_74)","decl":{"start":{"line":1003,"column":32},"end":{"line":1003,"column":36}},"loc":{"start":{"line":1003,"column":40},"end":{"line":1003,"column":67}}},"75":{"name":"(anonymous_75)","decl":{"start":{"line":1006,"column":44},"end":{"line":1006,"column":46}},"loc":{"start":{"line":1006,"column":50},"end":{"line":1006,"column":55}}},"76":{"name":"handleContextMenu","decl":{"start":{"line":1023,"column":11},"end":{"line":1023,"column":28}},"loc":{"start":{"line":1023,"column":48},"end":{"line":1037,"column":3}}},"77":{"name":"(anonymous_77)","decl":{"start":{"line":1055,"column":18},"end":{"line":1055,"column":19}},"loc":{"start":{"line":1055,"column":23},"end":{"line":1055,"column":41}}},"78":{"name":"(anonymous_78)","decl":{"start":{"line":1064,"column":22},"end":{"line":1064,"column":24}},"loc":{"start":{"line":1065,"column":10},"end":{"line":1066,"column":null}}},"79":{"name":"(anonymous_79)","decl":{"start":{"line":1071,"column":27},"end":{"line":1071,"column":34}},"loc":{"start":{"line":1072,"column":14},"end":{"line":1072,"column":83}}},"80":{"name":"(anonymous_80)","decl":{"start":{"line":1072,"column":26},"end":{"line":1072,"column":30}},"loc":{"start":{"line":1072,"column":34},"end":{"line":1072,"column":82}}},"81":{"name":"(anonymous_81)","decl":{"start":{"line":1072,"column":43},"end":{"line":1072,"column":44}},"loc":{"start":{"line":1072,"column":48},"end":{"line":1072,"column":81}}},"82":{"name":"(anonymous_82)","decl":{"start":{"line":1079,"column":22},"end":{"line":1079,"column":24}},"loc":{"start":{"line":1079,"column":27},"end":{"line":1100,"column":9}}},"83":{"name":"(anonymous_83)","decl":{"start":{"line":1097,"column":29},"end":{"line":1097,"column":30}},"loc":{"start":{"line":1097,"column":36},"end":{"line":1097,"column":60}}},"84":{"name":"(anonymous_84)","decl":{"start":{"line":1103,"column":22},"end":{"line":1103,"column":24}},"loc":{"start":{"line":1103,"column":27},"end":{"line":1125,"column":9}}}},"branchMap":{"0":{"loc":{"start":{"line":94,"column":2},"end":{"line":94,"column":10}},"type":"default-arg","locations":[{"start":{"line":94,"column":9},"end":{"line":94,"column":10}}]},"1":{"loc":{"start":{"line":96,"column":2},"end":{"line":96,"column":33}},"type":"default-arg","locations":[{"start":{"line":96,"column":28},"end":{"line":96,"column":33}}]},"2":{"loc":{"start":{"line":171,"column":6},"end":{"line":173,"column":7}},"type":"if","locations":[{"start":{"line":171,"column":6},"end":{"line":173,"column":7}},{"start":{},"end":{}}]},"3":{"loc":{"start":{"line":177,"column":6},"end":{"line":177,"column":55}},"type":"if","locations":[{"start":{"line":177,"column":6},"end":{"line":177,"column":55}},{"start":{},"end":{}}]},"4":{"loc":{"start":{"line":218,"column":4},"end":{"line":218,"column":40}},"type":"if","locations":[{"start":{"line":218,"column":4},"end":{"line":218,"column":40}},{"start":{},"end":{}}]},"5":{"loc":{"start":{"line":222,"column":6},"end":{"line":227,"column":7}},"type":"if","locations":[{"start":{"line":222,"column":6},"end":{"line":227,"column":7}},{"start":{},"end":{}}]},"6":{"loc":{"start":{"line":222,"column":10},"end":{"line":222,"column":63}},"type":"binary-expr","locations":[{"start":{"line":222,"column":11},"end":{"line":222,"column":29}},{"start":{"line":222,"column":34},"end":{"line":222,"column":63}}]},"7":{"loc":{"start":{"line":226,"column":8},"end":{"line":226,"column":39}},"type":"cond-expr","locations":[{"start":{"line":226,"column":26},"end":{"line":226,"column":29}},{"start":{"line":226,"column":8},"end":{"line":226,"column":39}}]},"8":{"loc":{"start":{"line":226,"column":8},"end":{"line":226,"column":29}},"type":"binary-expr","locations":[{"start":{"line":226,"column":8},"end":{"line":226,"column":29}},{"start":{"line":226,"column":8},"end":{"line":226,"column":29}}]},"9":{"loc":{"start":{"line":230,"column":6},"end":{"line":233,"column":7}},"type":"if","locations":[{"start":{"line":230,"column":6},"end":{"line":233,"column":7}},{"start":{},"end":{}}]},"10":{"loc":{"start":{"line":230,"column":10},"end":{"line":230,"column":98}},"type":"binary-expr","locations":[{"start":{"line":230,"column":11},"end":{"line":230,"column":20}},{"start":{"line":230,"column":24},"end":{"line":230,"column":33}},{"start":{"line":230,"column":38},"end":{"line":230,"column":65}},{"start":{"line":230,"column":69},"end":{"line":230,"column":98}}]},"11":{"loc":{"start":{"line":236,"column":6},"end":{"line":239,"column":7}},"type":"if","locations":[{"start":{"line":236,"column":6},"end":{"line":239,"column":7}},{"start":{},"end":{}}]},"12":{"loc":{"start":{"line":236,"column":10},"end":{"line":236,"column":94}},"type":"binary-expr","locations":[{"start":{"line":236,"column":11},"end":{"line":236,"column":20}},{"start":{"line":236,"column":24},"end":{"line":236,"column":33}},{"start":{"line":236,"column":38},"end":{"line":236,"column":65}},{"start":{"line":236,"column":69},"end":{"line":236,"column":94}}]},"13":{"loc":{"start":{"line":242,"column":6},"end":{"line":249,"column":7}},"type":"if","locations":[{"start":{"line":242,"column":6},"end":{"line":249,"column":7}},{"start":{},"end":{}}]},"14":{"loc":{"start":{"line":242,"column":10},"end":{"line":242,"column":80}},"type":"binary-expr","locations":[{"start":{"line":242,"column":11},"end":{"line":242,"column":20}},{"start":{"line":242,"column":24},"end":{"line":242,"column":33}},{"start":{"line":242,"column":38},"end":{"line":242,"column":65}},{"start":{"line":242,"column":69},"end":{"line":242,"column":80}}]},"15":{"loc":{"start":{"line":244,"column":10},"end":{"line":244,"column":45}},"type":"if","locations":[{"start":{"line":244,"column":10},"end":{"line":244,"column":45}},{"start":{},"end":{}}]},"16":{"loc":{"start":{"line":277,"column":13},"end":{"line":280,"column":47}},"type":"binary-expr","locations":[{"start":{"line":277,"column":13},"end":{"line":277,"column":32}},{"start":{"line":278,"column":13},"end":{"line":278,"column":47}},{"start":{"line":279,"column":13},"end":{"line":279,"column":33}},{"start":{"line":280,"column":13},"end":{"line":280,"column":47}}]},"17":{"loc":{"start":{"line":292,"column":4},"end":{"line":300,"column":5}},"type":"if","locations":[{"start":{"line":292,"column":4},"end":{"line":300,"column":5}},{"start":{"line":298,"column":11},"end":{"line":300,"column":5}}]},"18":{"loc":{"start":{"line":292,"column":8},"end":{"line":292,"column":30}},"type":"binary-expr","locations":[{"start":{"line":292,"column":8},"end":{"line":292,"column":17}},{"start":{"line":292,"column":21},"end":{"line":292,"column":30}}]},"19":{"loc":{"start":{"line":294,"column":8},"end":{"line":296,"column":42}},"type":"cond-expr","locations":[{"start":{"line":295,"column":12},"end":{"line":295,"column":67}},{"start":{"line":296,"column":12},"end":{"line":296,"column":42}}]},"20":{"loc":{"start":{"line":303,"column":4},"end":{"line":303,"column":28}},"type":"cond-expr","locations":[{"start":{"line":303,"column":22},"end":{"line":303,"column":25}},{"start":{"line":303,"column":4},"end":{"line":303,"column":28}}]},"21":{"loc":{"start":{"line":303,"column":4},"end":{"line":303,"column":25}},"type":"binary-expr","locations":[{"start":{"line":303,"column":4},"end":{"line":303,"column":25}},{"start":{"line":303,"column":4},"end":{"line":303,"column":25}}]},"22":{"loc":{"start":{"line":308,"column":20},"end":{"line":308,"column":59}},"type":"cond-expr","locations":[{"start":{"line":308,"column":34},"end":{"line":308,"column":36}},{"start":{"line":308,"column":34},"end":{"line":308,"column":59}}]},"23":{"loc":{"start":{"line":308,"column":20},"end":{"line":308,"column":36}},"type":"binary-expr","locations":[{"start":{"line":308,"column":20},"end":{"line":308,"column":36}},{"start":{"line":308,"column":34},"end":{"line":308,"column":36}}]},"24":{"loc":{"start":{"line":310,"column":22},"end":{"line":310,"column":40}},"type":"cond-expr","locations":[{"start":{"line":310,"column":35},"end":{"line":310,"column":39}},{"start":{"line":310,"column":39},"end":{"line":310,"column":40}}]},"25":{"loc":{"start":{"line":310,"column":22},"end":{"line":310,"column":39}},"type":"binary-expr","locations":[{"start":{"line":310,"column":22},"end":{"line":310,"column":39}},{"start":{"line":310,"column":35},"end":{"line":310,"column":39}}]},"26":{"loc":{"start":{"line":310,"column":22},"end":{"line":310,"column":35}},"type":"cond-expr","locations":[{"start":{"line":310,"column":29},"end":{"line":310,"column":31}},{"start":{"line":310,"column":22},"end":{"line":310,"column":35}}]},"27":{"loc":{"start":{"line":310,"column":22},"end":{"line":310,"column":31}},"type":"binary-expr","locations":[{"start":{"line":310,"column":22},"end":{"line":310,"column":31}},{"start":{"line":310,"column":22},"end":{"line":310,"column":31}}]},"28":{"loc":{"start":{"line":311,"column":22},"end":{"line":311,"column":39}},"type":"cond-expr","locations":[{"start":{"line":311,"column":34},"end":{"line":311,"column":38}},{"start":{"line":311,"column":38},"end":{"line":311,"column":39}}]},"29":{"loc":{"start":{"line":311,"column":22},"end":{"line":311,"column":38}},"type":"binary-expr","locations":[{"start":{"line":311,"column":22},"end":{"line":311,"column":38}},{"start":{"line":311,"column":34},"end":{"line":311,"column":38}}]},"30":{"loc":{"start":{"line":311,"column":22},"end":{"line":311,"column":34}},"type":"cond-expr","locations":[{"start":{"line":311,"column":29},"end":{"line":311,"column":31}},{"start":{"line":311,"column":22},"end":{"line":311,"column":34}}]},"31":{"loc":{"start":{"line":311,"column":22},"end":{"line":311,"column":31}},"type":"binary-expr","locations":[{"start":{"line":311,"column":22},"end":{"line":311,"column":31}},{"start":{"line":311,"column":22},"end":{"line":311,"column":31}}]},"32":{"loc":{"start":{"line":315,"column":31},"end":{"line":315,"column":96}},"type":"cond-expr","locations":[{"start":{"line":315,"column":68},"end":{"line":315,"column":86}},{"start":{"line":315,"column":89},"end":{"line":315,"column":96}}]},"33":{"loc":{"start":{"line":318,"column":6},"end":{"line":323,"column":7}},"type":"if","locations":[{"start":{"line":318,"column":6},"end":{"line":323,"column":7}},{"start":{},"end":{}}]},"34":{"loc":{"start":{"line":340,"column":4},"end":{"line":340,"column":74}},"type":"if","locations":[{"start":{"line":340,"column":4},"end":{"line":340,"column":74}},{"start":{},"end":{}}]},"35":{"loc":{"start":{"line":340,"column":8},"end":{"line":340,"column":60}},"type":"binary-expr","locations":[{"start":{"line":340,"column":8},"end":{"line":340,"column":24}},{"start":{"line":340,"column":28},"end":{"line":340,"column":43}},{"start":{"line":340,"column":47},"end":{"line":340,"column":60}}]},"36":{"loc":{"start":{"line":370,"column":4},"end":{"line":373,"column":5}},"type":"if","locations":[{"start":{"line":370,"column":4},"end":{"line":373,"column":5}},{"start":{},"end":{}}]},"37":{"loc":{"start":{"line":370,"column":8},"end":{"line":370,"column":67}},"type":"binary-expr","locations":[{"start":{"line":370,"column":8},"end":{"line":370,"column":35}},{"start":{"line":370,"column":39},"end":{"line":370,"column":67}}]},"38":{"loc":{"start":{"line":376,"column":22},"end":{"line":376,"column":50}},"type":"binary-expr","locations":[{"start":{"line":376,"column":22},"end":{"line":376,"column":36}},{"start":{"line":376,"column":40},"end":{"line":376,"column":50}}]},"39":{"loc":{"start":{"line":378,"column":4},"end":{"line":385,"column":5}},"type":"if","locations":[{"start":{"line":378,"column":4},"end":{"line":385,"column":5}},{"start":{},"end":{}}]},"40":{"loc":{"start":{"line":387,"column":4},"end":{"line":510,"column":5}},"type":"if","locations":[{"start":{"line":387,"column":4},"end":{"line":510,"column":5}},{"start":{},"end":{}}]},"41":{"loc":{"start":{"line":389,"column":22},"end":{"line":389,"column":61}},"type":"cond-expr","locations":[{"start":{"line":389,"column":36},"end":{"line":389,"column":38}},{"start":{"line":389,"column":36},"end":{"line":389,"column":61}}]},"42":{"loc":{"start":{"line":389,"column":22},"end":{"line":389,"column":38}},"type":"binary-expr","locations":[{"start":{"line":389,"column":22},"end":{"line":389,"column":38}},{"start":{"line":389,"column":36},"end":{"line":389,"column":38}}]},"43":{"loc":{"start":{"line":390,"column":6},"end":{"line":390,"column":27}},"type":"if","locations":[{"start":{"line":390,"column":6},"end":{"line":390,"column":27}},{"start":{},"end":{}}]},"44":{"loc":{"start":{"line":404,"column":6},"end":{"line":407,"column":7}},"type":"if","locations":[{"start":{"line":404,"column":6},"end":{"line":407,"column":7}},{"start":{},"end":{}}]},"45":{"loc":{"start":{"line":404,"column":10},"end":{"line":404,"column":34}},"type":"binary-expr","locations":[{"start":{"line":404,"column":10},"end":{"line":404,"column":20}},{"start":{"line":404,"column":24},"end":{"line":404,"column":34}}]},"46":{"loc":{"start":{"line":406,"column":8},"end":{"line":406,"column":39}},"type":"cond-expr","locations":[{"start":{"line":406,"column":26},"end":{"line":406,"column":29}},{"start":{"line":406,"column":8},"end":{"line":406,"column":39}}]},"47":{"loc":{"start":{"line":406,"column":8},"end":{"line":406,"column":29}},"type":"binary-expr","locations":[{"start":{"line":406,"column":8},"end":{"line":406,"column":29}},{"start":{"line":406,"column":8},"end":{"line":406,"column":29}}]},"48":{"loc":{"start":{"line":416,"column":8},"end":{"line":419,"column":9}},"type":"if","locations":[{"start":{"line":416,"column":8},"end":{"line":419,"column":9}},{"start":{},"end":{}}]},"49":{"loc":{"start":{"line":416,"column":12},"end":{"line":416,"column":37}},"type":"binary-expr","locations":[{"start":{"line":416,"column":12},"end":{"line":416,"column":24}},{"start":{"line":416,"column":28},"end":{"line":416,"column":37}}]},"50":{"loc":{"start":{"line":421,"column":24},"end":{"line":421,"column":63}},"type":"cond-expr","locations":[{"start":{"line":421,"column":38},"end":{"line":421,"column":40}},{"start":{"line":421,"column":38},"end":{"line":421,"column":63}}]},"51":{"loc":{"start":{"line":421,"column":24},"end":{"line":421,"column":40}},"type":"binary-expr","locations":[{"start":{"line":421,"column":24},"end":{"line":421,"column":40}},{"start":{"line":421,"column":38},"end":{"line":421,"column":40}}]},"52":{"loc":{"start":{"line":422,"column":8},"end":{"line":422,"column":29}},"type":"if","locations":[{"start":{"line":422,"column":8},"end":{"line":422,"column":29}},{"start":{},"end":{}}]},"53":{"loc":{"start":{"line":439,"column":8},"end":{"line":439,"column":30}},"type":"if","locations":[{"start":{"line":439,"column":8},"end":{"line":439,"column":30}},{"start":{},"end":{}}]},"54":{"loc":{"start":{"line":442,"column":27},"end":{"line":442,"column":67}},"type":"binary-expr","locations":[{"start":{"line":442,"column":27},"end":{"line":442,"column":50}},{"start":{"line":442,"column":54},"end":{"line":442,"column":67}}]},"55":{"loc":{"start":{"line":454,"column":24},"end":{"line":454,"column":63}},"type":"binary-expr","locations":[{"start":{"line":454,"column":24},"end":{"line":454,"column":41}},{"start":{"line":454,"column":45},"end":{"line":454,"column":63}}]},"56":{"loc":{"start":{"line":456,"column":8},"end":{"line":493,"column":9}},"type":"if","locations":[{"start":{"line":456,"column":8},"end":{"line":493,"column":9}},{"start":{"line":464,"column":15},"end":{"line":493,"column":9}}]},"57":{"loc":{"start":{"line":458,"column":10},"end":{"line":463,"column":11}},"type":"if","locations":[{"start":{"line":458,"column":10},"end":{"line":463,"column":11}},{"start":{},"end":{}}]},"58":{"loc":{"start":{"line":458,"column":14},"end":{"line":458,"column":38}},"type":"binary-expr","locations":[{"start":{"line":458,"column":14},"end":{"line":458,"column":24}},{"start":{"line":458,"column":28},"end":{"line":458,"column":38}}]},"59":{"loc":{"start":{"line":460,"column":12},"end":{"line":460,"column":43}},"type":"cond-expr","locations":[{"start":{"line":460,"column":30},"end":{"line":460,"column":33}},{"start":{"line":460,"column":12},"end":{"line":460,"column":43}}]},"60":{"loc":{"start":{"line":460,"column":12},"end":{"line":460,"column":33}},"type":"binary-expr","locations":[{"start":{"line":460,"column":12},"end":{"line":460,"column":33}},{"start":{"line":460,"column":12},"end":{"line":460,"column":33}}]},"61":{"loc":{"start":{"line":473,"column":10},"end":{"line":492,"column":11}},"type":"if","locations":[{"start":{"line":473,"column":10},"end":{"line":492,"column":11}},{"start":{"line":483,"column":17},"end":{"line":492,"column":11}}]},"62":{"loc":{"start":{"line":473,"column":14},"end":{"line":473,"column":36}},"type":"binary-expr","locations":[{"start":{"line":473,"column":14},"end":{"line":473,"column":23}},{"start":{"line":473,"column":27},"end":{"line":473,"column":36}}]},"63":{"loc":{"start":{"line":477,"column":12},"end":{"line":482,"column":13}},"type":"if","locations":[{"start":{"line":477,"column":12},"end":{"line":482,"column":13}},{"start":{"line":480,"column":19},"end":{"line":482,"column":13}}]},"64":{"loc":{"start":{"line":479,"column":14},"end":{"line":479,"column":46}},"type":"cond-expr","locations":[{"start":{"line":479,"column":32},"end":{"line":479,"column":35}},{"start":{"line":479,"column":14},"end":{"line":479,"column":46}}]},"65":{"loc":{"start":{"line":479,"column":14},"end":{"line":479,"column":35}},"type":"binary-expr","locations":[{"start":{"line":479,"column":14},"end":{"line":479,"column":35}},{"start":{"line":479,"column":14},"end":{"line":479,"column":35}}]},"66":{"loc":{"start":{"line":481,"column":14},"end":{"line":481,"column":45}},"type":"cond-expr","locations":[{"start":{"line":481,"column":32},"end":{"line":481,"column":35}},{"start":{"line":481,"column":14},"end":{"line":481,"column":45}}]},"67":{"loc":{"start":{"line":481,"column":14},"end":{"line":481,"column":35}},"type":"binary-expr","locations":[{"start":{"line":481,"column":14},"end":{"line":481,"column":35}},{"start":{"line":481,"column":14},"end":{"line":481,"column":35}}]},"68":{"loc":{"start":{"line":486,"column":12},"end":{"line":491,"column":13}},"type":"if","locations":[{"start":{"line":486,"column":12},"end":{"line":491,"column":13}},{"start":{"line":489,"column":19},"end":{"line":491,"column":13}}]},"69":{"loc":{"start":{"line":488,"column":14},"end":{"line":488,"column":46}},"type":"cond-expr","locations":[{"start":{"line":488,"column":32},"end":{"line":488,"column":35}},{"start":{"line":488,"column":14},"end":{"line":488,"column":46}}]},"70":{"loc":{"start":{"line":488,"column":14},"end":{"line":488,"column":35}},"type":"binary-expr","locations":[{"start":{"line":488,"column":14},"end":{"line":488,"column":35}},{"start":{"line":488,"column":14},"end":{"line":488,"column":35}}]},"71":{"loc":{"start":{"line":490,"column":14},"end":{"line":490,"column":45}},"type":"cond-expr","locations":[{"start":{"line":490,"column":32},"end":{"line":490,"column":35}},{"start":{"line":490,"column":14},"end":{"line":490,"column":45}}]},"72":{"loc":{"start":{"line":490,"column":14},"end":{"line":490,"column":35}},"type":"binary-expr","locations":[{"start":{"line":490,"column":14},"end":{"line":490,"column":35}},{"start":{"line":490,"column":14},"end":{"line":490,"column":35}}]},"73":{"loc":{"start":{"line":517,"column":4},"end":{"line":517,"column":40}},"type":"if","locations":[{"start":{"line":517,"column":4},"end":{"line":517,"column":40}},{"start":{},"end":{}}]},"74":{"loc":{"start":{"line":517,"column":8},"end":{"line":517,"column":31}},"type":"binary-expr","locations":[{"start":{"line":517,"column":8},"end":{"line":517,"column":18}},{"start":{"line":517,"column":22},"end":{"line":517,"column":31}}]},"75":{"loc":{"start":{"line":548,"column":4},"end":{"line":548,"column":35}},"type":"if","locations":[{"start":{"line":548,"column":4},"end":{"line":548,"column":35}},{"start":{},"end":{}}]},"76":{"loc":{"start":{"line":549,"column":20},"end":{"line":549,"column":59}},"type":"cond-expr","locations":[{"start":{"line":549,"column":34},"end":{"line":549,"column":36}},{"start":{"line":549,"column":34},"end":{"line":549,"column":59}}]},"77":{"loc":{"start":{"line":549,"column":20},"end":{"line":549,"column":36}},"type":"binary-expr","locations":[{"start":{"line":549,"column":20},"end":{"line":549,"column":36}},{"start":{"line":549,"column":34},"end":{"line":549,"column":36}}]},"78":{"loc":{"start":{"line":550,"column":4},"end":{"line":550,"column":25}},"type":"if","locations":[{"start":{"line":550,"column":4},"end":{"line":550,"column":25}},{"start":{},"end":{}}]},"79":{"loc":{"start":{"line":552,"column":4},"end":{"line":555,"column":5}},"type":"if","locations":[{"start":{"line":552,"column":4},"end":{"line":555,"column":5}},{"start":{},"end":{}}]},"80":{"loc":{"start":{"line":563,"column":4},"end":{"line":563,"column":35}},"type":"if","locations":[{"start":{"line":563,"column":4},"end":{"line":563,"column":35}},{"start":{},"end":{}}]},"81":{"loc":{"start":{"line":572,"column":8},"end":{"line":587,"column":9}},"type":"if","locations":[{"start":{"line":572,"column":8},"end":{"line":587,"column":9}},{"start":{},"end":{}}]},"82":{"loc":{"start":{"line":574,"column":10},"end":{"line":586,"column":11}},"type":"if","locations":[{"start":{"line":574,"column":10},"end":{"line":586,"column":11}},{"start":{},"end":{}}]},"83":{"loc":{"start":{"line":645,"column":20},"end":{"line":645,"column":59}},"type":"cond-expr","locations":[{"start":{"line":645,"column":34},"end":{"line":645,"column":36}},{"start":{"line":645,"column":34},"end":{"line":645,"column":59}}]},"84":{"loc":{"start":{"line":645,"column":20},"end":{"line":645,"column":36}},"type":"binary-expr","locations":[{"start":{"line":645,"column":20},"end":{"line":645,"column":36}},{"start":{"line":645,"column":34},"end":{"line":645,"column":36}}]},"85":{"loc":{"start":{"line":646,"column":4},"end":{"line":646,"column":25}},"type":"if","locations":[{"start":{"line":646,"column":4},"end":{"line":646,"column":25}},{"start":{},"end":{}}]},"86":{"loc":{"start":{"line":648,"column":4},"end":{"line":648,"column":22}},"type":"if","locations":[{"start":{"line":648,"column":4},"end":{"line":648,"column":22}},{"start":{},"end":{}}]},"87":{"loc":{"start":{"line":674,"column":27},"end":{"line":674,"column":63}},"type":"binary-expr","locations":[{"start":{"line":674,"column":27},"end":{"line":674,"column":37}},{"start":{"line":674,"column":41},"end":{"line":674,"column":63}}]},"88":{"loc":{"start":{"line":676,"column":26},"end":{"line":681,"column":6}},"type":"cond-expr","locations":[{"start":{"line":676,"column":43},"end":{"line":676,"column":52}},{"start":{"line":676,"column":55},"end":{"line":681,"column":6}}]},"89":{"loc":{"start":{"line":699,"column":10},"end":{"line":699,"column":52}},"type":"binary-expr","locations":[{"start":{"line":699,"column":10},"end":{"line":699,"column":23}},{"start":{"line":699,"column":27},"end":{"line":699,"column":52}}]},"90":{"loc":{"start":{"line":700,"column":10},"end":{"line":700,"column":63}},"type":"binary-expr","locations":[{"start":{"line":700,"column":10},"end":{"line":700,"column":26}},{"start":{"line":700,"column":30},"end":{"line":700,"column":63}}]},"91":{"loc":{"start":{"line":703,"column":4},"end":{"line":734,"column":5}},"type":"switch","locations":[{"start":{"line":704,"column":6},"end":{"line":708,"column":null}},{"start":{"line":710,"column":6},"end":{"line":714,"column":null}},{"start":{"line":716,"column":6},"end":{"line":720,"column":null}},{"start":{"line":722,"column":6},"end":{"line":726,"column":null}},{"start":{"line":728,"column":6},"end":{"line":732,"column":null}}]},"92":{"loc":{"start":{"line":703,"column":12},"end":{"line":703,"column":27}},"type":"cond-expr","locations":[{"start":{"line":703,"column":21},"end":{"line":703,"column":23}},{"start":{"line":703,"column":21},"end":{"line":703,"column":27}}]},"93":{"loc":{"start":{"line":703,"column":12},"end":{"line":703,"column":23}},"type":"binary-expr","locations":[{"start":{"line":703,"column":12},"end":{"line":703,"column":23}},{"start":{"line":703,"column":21},"end":{"line":703,"column":23}}]},"94":{"loc":{"start":{"line":745,"column":4},"end":{"line":748,"column":5}},"type":"if","locations":[{"start":{"line":745,"column":4},"end":{"line":748,"column":5}},{"start":{},"end":{}}]},"95":{"loc":{"start":{"line":756,"column":21},"end":{"line":756,"column":47}},"type":"cond-expr","locations":[{"start":{"line":756,"column":35},"end":{"line":756,"column":39}},{"start":{"line":756,"column":39},"end":{"line":756,"column":47}}]},"96":{"loc":{"start":{"line":756,"column":21},"end":{"line":756,"column":39}},"type":"binary-expr","locations":[{"start":{"line":756,"column":21},"end":{"line":756,"column":39}},{"start":{"line":756,"column":35},"end":{"line":756,"column":39}}]},"97":{"loc":{"start":{"line":757,"column":25},"end":{"line":757,"column":62}},"type":"cond-expr","locations":[{"start":{"line":757,"column":43},"end":{"line":757,"column":47}},{"start":{"line":757,"column":47},"end":{"line":757,"column":62}}]},"98":{"loc":{"start":{"line":757,"column":25},"end":{"line":757,"column":47}},"type":"binary-expr","locations":[{"start":{"line":757,"column":25},"end":{"line":757,"column":47}},{"start":{"line":757,"column":43},"end":{"line":757,"column":47}}]},"99":{"loc":{"start":{"line":764,"column":21},"end":{"line":764,"column":69}},"type":"cond-expr","locations":[{"start":{"line":764,"column":38},"end":{"line":764,"column":57}},{"start":{"line":764,"column":60},"end":{"line":764,"column":69}}]},"100":{"loc":{"start":{"line":765,"column":18},"end":{"line":765,"column":34}},"type":"cond-expr","locations":[{"start":{"line":765,"column":29},"end":{"line":765,"column":33}},{"start":{"line":765,"column":33},"end":{"line":765,"column":34}}]},"101":{"loc":{"start":{"line":765,"column":18},"end":{"line":765,"column":33}},"type":"binary-expr","locations":[{"start":{"line":765,"column":18},"end":{"line":765,"column":33}},{"start":{"line":765,"column":29},"end":{"line":765,"column":33}}]},"102":{"loc":{"start":{"line":810,"column":4},"end":{"line":813,"column":5}},"type":"if","locations":[{"start":{"line":810,"column":4},"end":{"line":813,"column":5}},{"start":{},"end":{}}]},"103":{"loc":{"start":{"line":819,"column":21},"end":{"line":819,"column":47}},"type":"cond-expr","locations":[{"start":{"line":819,"column":35},"end":{"line":819,"column":39}},{"start":{"line":819,"column":39},"end":{"line":819,"column":47}}]},"104":{"loc":{"start":{"line":819,"column":21},"end":{"line":819,"column":39}},"type":"binary-expr","locations":[{"start":{"line":819,"column":21},"end":{"line":819,"column":39}},{"start":{"line":819,"column":35},"end":{"line":819,"column":39}}]},"105":{"loc":{"start":{"line":820,"column":25},"end":{"line":820,"column":62}},"type":"cond-expr","locations":[{"start":{"line":820,"column":43},"end":{"line":820,"column":47}},{"start":{"line":820,"column":47},"end":{"line":820,"column":62}}]},"106":{"loc":{"start":{"line":820,"column":25},"end":{"line":820,"column":47}},"type":"binary-expr","locations":[{"start":{"line":820,"column":25},"end":{"line":820,"column":47}},{"start":{"line":820,"column":43},"end":{"line":820,"column":47}}]},"107":{"loc":{"start":{"line":825,"column":21},"end":{"line":825,"column":69}},"type":"cond-expr","locations":[{"start":{"line":825,"column":38},"end":{"line":825,"column":57}},{"start":{"line":825,"column":60},"end":{"line":825,"column":69}}]},"108":{"loc":{"start":{"line":826,"column":18},"end":{"line":826,"column":34}},"type":"cond-expr","locations":[{"start":{"line":826,"column":29},"end":{"line":826,"column":33}},{"start":{"line":826,"column":33},"end":{"line":826,"column":34}}]},"109":{"loc":{"start":{"line":826,"column":18},"end":{"line":826,"column":33}},"type":"binary-expr","locations":[{"start":{"line":826,"column":18},"end":{"line":826,"column":33}},{"start":{"line":826,"column":29},"end":{"line":826,"column":33}}]},"110":{"loc":{"start":{"line":849,"column":4},"end":{"line":849,"column":35}},"type":"cond-expr","locations":[{"start":{"line":849,"column":22},"end":{"line":849,"column":25}},{"start":{"line":849,"column":4},"end":{"line":849,"column":35}}]},"111":{"loc":{"start":{"line":849,"column":4},"end":{"line":849,"column":25}},"type":"binary-expr","locations":[{"start":{"line":849,"column":4},"end":{"line":849,"column":25}},{"start":{"line":849,"column":4},"end":{"line":849,"column":25}}]},"112":{"loc":{"start":{"line":875,"column":4},"end":{"line":877,"column":5}},"type":"if","locations":[{"start":{"line":875,"column":4},"end":{"line":877,"column":5}},{"start":{},"end":{}}]},"113":{"loc":{"start":{"line":886,"column":6},"end":{"line":891,"column":7}},"type":"if","locations":[{"start":{"line":886,"column":6},"end":{"line":891,"column":7}},{"start":{},"end":{}}]},"114":{"loc":{"start":{"line":886,"column":10},"end":{"line":888,"column":70}},"type":"binary-expr","locations":[{"start":{"line":886,"column":10},"end":{"line":886,"column":19}},{"start":{"line":886,"column":23},"end":{"line":886,"column":30}},{"start":{"line":887,"column":10},"end":{"line":887,"column":40}},{"start":{"line":887,"column":44},"end":{"line":887,"column":74}},{"start":{"line":888,"column":10},"end":{"line":888,"column":38}},{"start":{"line":888,"column":42},"end":{"line":888,"column":70}}]},"115":{"loc":{"start":{"line":905,"column":4},"end":{"line":907,"column":5}},"type":"if","locations":[{"start":{"line":905,"column":4},"end":{"line":907,"column":5}},{"start":{},"end":{}}]},"116":{"loc":{"start":{"line":905,"column":8},"end":{"line":905,"column":90}},"type":"binary-expr","locations":[{"start":{"line":905,"column":8},"end":{"line":905,"column":25}},{"start":{"line":905,"column":29},"end":{"line":905,"column":46}},{"start":{"line":905,"column":50},"end":{"line":905,"column":68}},{"start":{"line":905,"column":72},"end":{"line":905,"column":90}}]},"117":{"loc":{"start":{"line":924,"column":4},"end":{"line":927,"column":5}},"type":"if","locations":[{"start":{"line":924,"column":4},"end":{"line":927,"column":5}},{"start":{},"end":{}}]},"118":{"loc":{"start":{"line":932,"column":4},"end":{"line":945,"column":5}},"type":"if","locations":[{"start":{"line":932,"column":4},"end":{"line":945,"column":5}},{"start":{"line":935,"column":11},"end":{"line":945,"column":5}}]},"119":{"loc":{"start":{"line":937,"column":22},"end":{"line":937,"column":61}},"type":"cond-expr","locations":[{"start":{"line":937,"column":36},"end":{"line":937,"column":38}},{"start":{"line":937,"column":36},"end":{"line":937,"column":61}}]},"120":{"loc":{"start":{"line":937,"column":22},"end":{"line":937,"column":38}},"type":"binary-expr","locations":[{"start":{"line":937,"column":22},"end":{"line":937,"column":38}},{"start":{"line":937,"column":36},"end":{"line":937,"column":38}}]},"121":{"loc":{"start":{"line":938,"column":6},"end":{"line":944,"column":7}},"type":"if","locations":[{"start":{"line":938,"column":6},"end":{"line":944,"column":7}},{"start":{"line":941,"column":13},"end":{"line":944,"column":7}}]},"122":{"loc":{"start":{"line":978,"column":21},"end":{"line":978,"column":95}},"type":"cond-expr","locations":[{"start":{"line":978,"column":38},"end":{"line":978,"column":83}},{"start":{"line":978,"column":86},"end":{"line":978,"column":95}}]},"123":{"loc":{"start":{"line":988,"column":6},"end":{"line":990,"column":66}},"type":"binary-expr","locations":[{"start":{"line":988,"column":6},"end":{"line":988,"column":11}},{"start":{"line":988,"column":15},"end":{"line":988,"column":22}},{"start":{"line":988,"column":26},"end":{"line":988,"column":34}},{"start":{"line":988,"column":38},"end":{"line":988,"column":44}},{"start":{"line":989,"column":6},"end":{"line":989,"column":36}},{"start":{"line":989,"column":40},"end":{"line":989,"column":70}},{"start":{"line":990,"column":6},"end":{"line":990,"column":34}},{"start":{"line":990,"column":38},"end":{"line":990,"column":66}}]},"124":{"loc":{"start":{"line":993,"column":4},"end":{"line":995,"column":5}},"type":"if","locations":[{"start":{"line":993,"column":4},"end":{"line":995,"column":5}},{"start":{},"end":{}}]},"125":{"loc":{"start":{"line":997,"column":4},"end":{"line":1000,"column":5}},"type":"if","locations":[{"start":{"line":997,"column":4},"end":{"line":1000,"column":5}},{"start":{},"end":{}}]},"126":{"loc":{"start":{"line":1009,"column":4},"end":{"line":1013,"column":5}},"type":"if","locations":[{"start":{"line":1009,"column":4},"end":{"line":1013,"column":5}},{"start":{"line":1011,"column":11},"end":{"line":1013,"column":5}}]},"127":{"loc":{"start":{"line":1010,"column":6},"end":{"line":1010,"column":44}},"type":"cond-expr","locations":[{"start":{"line":1010,"column":24},"end":{"line":1010,"column":27}},{"start":{"line":1010,"column":6},"end":{"line":1010,"column":44}}]},"128":{"loc":{"start":{"line":1010,"column":6},"end":{"line":1010,"column":27}},"type":"binary-expr","locations":[{"start":{"line":1010,"column":6},"end":{"line":1010,"column":27}},{"start":{"line":1010,"column":6},"end":{"line":1010,"column":27}}]},"129":{"loc":{"start":{"line":1012,"column":6},"end":{"line":1012,"column":37}},"type":"cond-expr","locations":[{"start":{"line":1012,"column":24},"end":{"line":1012,"column":27}},{"start":{"line":1012,"column":6},"end":{"line":1012,"column":37}}]},"130":{"loc":{"start":{"line":1012,"column":6},"end":{"line":1012,"column":27}},"type":"binary-expr","locations":[{"start":{"line":1012,"column":6},"end":{"line":1012,"column":27}},{"start":{"line":1012,"column":6},"end":{"line":1012,"column":27}}]},"131":{"loc":{"start":{"line":1027,"column":20},"end":{"line":1027,"column":59}},"type":"cond-expr","locations":[{"start":{"line":1027,"column":34},"end":{"line":1027,"column":36}},{"start":{"line":1027,"column":34},"end":{"line":1027,"column":59}}]},"132":{"loc":{"start":{"line":1027,"column":20},"end":{"line":1027,"column":36}},"type":"binary-expr","locations":[{"start":{"line":1027,"column":20},"end":{"line":1027,"column":36}},{"start":{"line":1027,"column":34},"end":{"line":1027,"column":36}}]},"133":{"loc":{"start":{"line":1028,"column":4},"end":{"line":1028,"column":25}},"type":"if","locations":[{"start":{"line":1028,"column":4},"end":{"line":1028,"column":25}},{"start":{},"end":{}}]},"134":{"loc":{"start":{"line":1034,"column":4},"end":{"line":1036,"column":5}},"type":"if","locations":[{"start":{"line":1034,"column":4},"end":{"line":1036,"column":5}},{"start":{},"end":{}}]},"135":{"loc":{"start":{"line":1050,"column":16},"end":{"line":1050,"column":50}},"type":"cond-expr","locations":[{"start":{"line":1050,"column":28},"end":{"line":1050,"column":38}},{"start":{"line":1050,"column":41},"end":{"line":1050,"column":50}}]},"136":{"loc":{"start":{"line":1061,"column":9},"end":{"line":1061,"column":33}},"type":"binary-expr","locations":[{"start":{"line":1061,"column":9},"end":{"line":1061,"column":17}
[...]
,"/Users/Marcin/workspace/workspace_tsx/railway-drawer/src/components/TabPanel.tsx": {"path":"/Users/Marcin/workspace/workspace_tsx/railway-drawer/src/components/TabPanel.tsx","statementMap":{"0":{"start":{"line":1,"column":0},"end":{"line":1,"column":40}},"1":{"start":{"line":22,"column":42},"end":{"line":108,"column":1}},"2":{"start":{"line":30,"column":42},"end":{"line":30,"column":71}},"3":{"start":{"line":31,"column":40},"end":{"line":31,"column":52}},"4":{"start":{"line":33,"column":31},"end":{"line":36,"column":3}},"5":{"start":{"line":34,"column":4},"end":{"line":34,"column":28}},"6":{"start":{"line":35,"column":4},"end":{"line":35,"column":29}},"7":{"start":{"line":38,"column":27},"end":{"line":44,"column":3}},"8":{"start":{"line":39,"column":4},"end":{"line":41,"column":5}},"9":{"start":{"line":40,"column":6},"end":{"line":40,"column":52}},"10":{"start":{"line":42,"column":4},"end":{"line":42,"column":26}},"11":{"start":{"line":43,"column":4},"end":{"line":43,"column":23}},"12":{"start":{"line":46,"column":24},"end":{"line":53,"column":3}},"13":{"start":{"line":47,"column":4},"end":{"line":52,"column":5}},"14":{"start":{"line":48,"column":6},"end":{"line":48,"column":25}},"15":{"start":{"line":49,"column":11},"end":{"line":52,"column":5}},"16":{"start":{"line":50,"column":6},"end":{"line":50,"column":28}},"17":{"start":{"line":51,"column":6},"end":{"line":51,"column":25}},"18":{"start":{"line":55,"column":2},"end":{"line":107,"column":4}},"19":{"start":{"line":60,"column":12},"end":{"line":61,"column":null}},"20":{"start":{"line":67,"column":29},"end":{"line":67,"column":48}},"21":{"start":{"line":68,"column":35},"end":{"line":68,"column":60}},"22":{"start":{"line":74,"column":35},"end":{"line":74,"column":65}},"23":{"start":{"line":87,"column":20},"end":{"line":87,"column":40}},"24":{"start":{"line":88,"column":20},"end":{"line":88,"column":39}},"25":{"start":{"line":110,"column":0},"end":{"line":110,"column":24}}},"fnMap":{"0":{"name":"(anonymous_0)","decl":{"start":{"line":22,"column":42},"end":{"line":22,"column":43}},"loc":{"start":{"line":29,"column":5},"end":{"line":108,"column":1}}},"1":{"name":"(anonymous_1)","decl":{"start":{"line":33,"column":31},"end":{"line":33,"column":32}},"loc":{"start":{"line":33,"column":52},"end":{"line":36,"column":3}}},"2":{"name":"(anonymous_2)","decl":{"start":{"line":38,"column":27},"end":{"line":38,"column":30}},"loc":{"start":{"line":38,"column":32},"end":{"line":44,"column":3}}},"3":{"name":"(anonymous_3)","decl":{"start":{"line":46,"column":24},"end":{"line":46,"column":25}},"loc":{"start":{"line":46,"column":51},"end":{"line":53,"column":3}}},"4":{"name":"(anonymous_4)","decl":{"start":{"line":59,"column":20},"end":{"line":59,"column":23}},"loc":{"start":{"line":60,"column":12},"end":{"line":61,"column":null}}},"5":{"name":"(anonymous_5)","decl":{"start":{"line":67,"column":23},"end":{"line":67,"column":26}},"loc":{"start":{"line":67,"column":29},"end":{"line":67,"column":48}}},"6":{"name":"(anonymous_6)","decl":{"start":{"line":68,"column":29},"end":{"line":68,"column":32}},"loc":{"start":{"line":68,"column":35},"end":{"line":68,"column":60}}},"7":{"name":"(anonymous_7)","decl":{"start":{"line":74,"column":28},"end":{"line":74,"column":29}},"loc":{"start":{"line":74,"column":35},"end":{"line":74,"column":65}}},"8":{"name":"(anonymous_8)","decl":{"start":{"line":86,"column":27},"end":{"line":86,"column":28}},"loc":{"start":{"line":86,"column":33},"end":{"line":89,"column":19}}}},"branchMap":{"0":{"loc":{"start":{"line":39,"column":4},"end":{"line":41,"column":5}},"type":"if","locations":[{"start":{"line":39,"column":4},"end":{"line":41,"column":5}},{"start":{},"end":{}}]},"1":{"loc":{"start":{"line":39,"column":8},"end":{"line":39,"column":42}},"type":"binary-expr","locations":[{"start":{"line":39,"column":8},"end":{"line":39,"column":20}},{"start":{"line":39,"column":24},"end":{"line":39,"column":42}}]},"2":{"loc":{"start":{"line":47,"column":4},"end":{"line":52,"column":5}},"type":"if","locations":[{"start":{"line":47,"column":4},"end":{"line":52,"column":5}},{"start":{"line":49,"column":11},"end":{"line":52,"column":5}}]},"3":{"loc":{"start":{"line":49,"column":11},"end":{"line":52,"column":5}},"type":"if","locations":[{"start":{"line":49,"column":11},"end":{"line":52,"column":5}},{"start":{},"end":{}}]},"4":{"loc":{"start":{"line":63,"column":16},"end":{"line":65,"column":null}},"type":"cond-expr","locations":[{"start":{"line":64,"column":20},"end":{"line":64,"column":61}},{"start":{"line":65,"column":20},"end":{"line":65,"column":null}}]},"5":{"loc":{"start":{"line":70,"column":15},"end":{"line":81,"column":null}},"type":"cond-expr","locations":[{"start":{"line":71,"column":16},"end":{"line":78,"column":null}},{"start":{"line":81,"column":16},"end":{"line":81,"column":80}}]},"6":{"loc":{"start":{"line":83,"column":15},"end":{"line":93,"column":null}},"type":"binary-expr","locations":[{"start":{"line":83,"column":15},"end":{"line":83,"column":30}},{"start":{"line":84,"column":16},"end":{"line":90,"column":null}}]}},"s":{"0":0,"1":0,"2":0,"3":0,"4":0,"5":0,"6":0,"7":0,"8":0,"9":0,"10":0,"11":0,"12":0,"13":0,"14":0,"15":0,"16":0,"17":0,"18":0,"19":0,"20":0,"21":0,"22":0,"23":0,"24":0,"25":0},"f":{"0":0,"1":0,"2":0,"3":0,"4":0,"5":0,"6":0,"7":0,"8":0},"b":{"0":[0,0],"1":[0,0],"2":[0,0],"3":[0,0],"4":[0,0],"5":[0,0],"6":[0,0]}}
,"/Users/Marcin/workspace/workspace_tsx/railway-drawer/src/components/Toolbox.tsx": {"path":"/Users/Marcin/workspace/workspace_tsx/railway-drawer/src/components/Toolbox.tsx","statementMap":{"0":{"start":{"line":1,"column":0},"end":{"line":1,"column":40}},"1":{"start":{"line":2,"column":0},"end":{"line":2,"column":30}},"2":{"start":{"line":3,"column":0},"end":{"line":3,"column":36}},"3":{"start":{"line":13,"column":2},"end":{"line":18,"column":32}},"4":{"start":{"line":14,"column":18},"end":{"line":14,"column":38}},"5":{"start":{"line":15,"column":4},"end":{"line":15,"column":37}},"6":{"start":{"line":15,"column":21},"end":{"line":15,"column":37}},"7":{"start":{"line":16,"column":4},"end":{"line":16,"column":26}},"8":{"start":{"line":17,"column":4},"end":{"line":17,"column":15}},"9":{"start":{"line":60,"column":40},"end":{"line":319,"column":1}},"10":{"start":{"line":68,"column":48},"end":{"line":68,"column":63}},"11":{"start":{"line":69,"column":21},"end":{"line":69,"column":84}},"12":{"start":{"line":70,"column":24},"end":{"line":70,"column":63}},"13":{"start":{"line":72,"column":38},"end":{"line":79,"column":4}},"14":{"start":{"line":82,"column":18},"end":{"line":82,"column":72}},"15":{"start":{"line":82,"column":50},"end":{"line":82,"column":71}},"16":{"start":{"line":84,"column":48},"end":{"line":88,"column":null}},"17":{"start":{"line":86,"column":6},"end":{"line":86,"column":31}},"18":{"start":{"line":87,"column":6},"end":{"line":87,"column":17}},"19":{"start":{"line":91,"column":22},"end":{"line":96,"column":3}},"20":{"start":{"line":92,"column":4},"end":{"line":95,"column":8}},"21":{"start":{"line":92,"column":33},"end":{"line":94,"column":null}},"22":{"start":{"line":98,"column":2},"end":{"line":318,"column":4}},"23":{"start":{"line":104,"column":8},"end":{"line":105,"column":null}},"24":{"start":{"line":110,"column":27},"end":{"line":110,"column":45}},"25":{"start":{"line":121,"column":18},"end":{"line":160,"column":20}},"26":{"start":{"line":126,"column":53},"end":{"line":126,"column":57}},"27":{"start":{"line":126,"column":48},"end":{"line":126,"column":53}},"28":{"start":{"line":127,"column":24},"end":{"line":134,"column":26}},"29":{"start":{"line":136,"column":39},"end":{"line":136,"column":59}},"30":{"start":{"line":169,"column":23},"end":{"line":169,"column":42}},"31":{"start":{"line":179,"column":25},"end":{"line":179,"column":45}},"32":{"start":{"line":183,"column":28},"end":{"line":183,"column":47}},"33":{"start":{"line":197,"column":20},"end":{"line":197,"column":74}},"34":{"start":{"line":211,"column":20},"end":{"line":211,"column":75}},"35":{"start":{"line":225,"column":20},"end":{"line":225,"column":77}},"36":{"start":{"line":239,"column":20},"end":{"line":239,"column":75}},"37":{"start":{"line":255,"column":22},"end":{"line":255,"column":85}},"38":{"start":{"line":269,"column":22},"end":{"line":269,"column":86}},"39":{"start":{"line":281,"column":18},"end":{"line":281,"column":47}},"40":{"start":{"line":281,"column":40},"end":{"line":281,"column":47}},"41":{"start":{"line":282,"column":18},"end":{"line":293,"column":21}},"42":{"start":{"line":282,"column":54},"end":{"line":293,"column":20}},"43":{"start":{"line":294,"column":18},"end":{"line":301,"column":21}},"44":{"start":{"line":302,"column":18},"end":{"line":302,"column":39}},"45":{"start":{"line":309,"column":31},"end":{"line":309,"column":51}},"46":{"start":{"line":324,"column":0},"end":{"line":324,"column":23}}},"fnMap":{"0":{"name":"groupBy","decl":{"start":{"line":12,"column":9},"end":{"line":12,"column":16}},"loc":{"start":{"line":12,"column":54},"end":{"line":19,"column":1}}},"1":{"name":"(anonymous_3)","decl":{"start":{"line":13,"column":20},"end":{"line":13,"column":21}},"loc":{"start":{"line":13,"column":34},"end":{"line":18,"column":3}}},"2":{"name":"(anonymous_4)","decl":{"start":{"line":60,"column":40},"end":{"line":60,"column":41}},"loc":{"start":{"line":66,"column":5},"end":{"line":319,"column":1}}},"3":{"name":"(anonymous_5)","decl":{"start":{"line":82,"column":42},"end":{"line":82,"column":46}},"loc":{"start":{"line":82,"column":50},"end":{"line":82,"column":71}}},"4":{"name":"(anonymous_6)","decl":{"start":{"line":85,"column":32},"end":{"line":85,"column":33}},"loc":{"start":{"line":85,"column":54},"end":{"line":88,"column":5}}},"5":{"name":"(anonymous_7)","decl":{"start":{"line":91,"column":22},"end":{"line":91,"column":23}},"loc":{"start":{"line":91,"column":40},"end":{"line":96,"column":3}}},"6":{"name":"(anonymous_8)","decl":{"start":{"line":92,"column":23},"end":{"line":92,"column":24}},"loc":{"start":{"line":92,"column":33},"end":{"line":94,"column":null}}},"7":{"name":"(anonymous_9)","decl":{"start":{"line":103,"column":35},"end":{"line":103,"column":36}},"loc":{"start":{"line":104,"column":8},"end":{"line":105,"column":null}}},"8":{"name":"(anonymous_10)","decl":{"start":{"line":110,"column":21},"end":{"line":110,"column":24}},"loc":{"start":{"line":110,"column":27},"end":{"line":110,"column":45}}},"9":{"name":"(anonymous_11)","decl":{"start":{"line":120,"column":27},"end":{"line":120,"column":28}},"loc":{"start":{"line":120,"column":36},"end":{"line":161,"column":17}}},"10":{"name":"(anonymous_12)","decl":{"start":{"line":125,"column":35},"end":{"line":125,"column":36}},"loc":{"start":{"line":125,"column":41},"end":{"line":135,"column":23}}},"11":{"name":"(anonymous_13)","decl":{"start":{"line":136,"column":33},"end":{"line":136,"column":36}},"loc":{"start":{"line":136,"column":39},"end":{"line":136,"column":59}}},"12":{"name":"(anonymous_14)","decl":{"start":{"line":169,"column":17},"end":{"line":169,"column":20}},"loc":{"start":{"line":169,"column":23},"end":{"line":169,"column":42}}},"13":{"name":"(anonymous_15)","decl":{"start":{"line":179,"column":19},"end":{"line":179,"column":22}},"loc":{"start":{"line":179,"column":25},"end":{"line":179,"column":45}}},"14":{"name":"(anonymous_16)","decl":{"start":{"line":183,"column":21},"end":{"line":183,"column":22}},"loc":{"start":{"line":183,"column":28},"end":{"line":183,"column":47}}},"15":{"name":"(anonymous_17)","decl":{"start":{"line":196,"column":28},"end":{"line":196,"column":29}},"loc":{"start":{"line":197,"column":20},"end":{"line":197,"column":74}}},"16":{"name":"(anonymous_18)","decl":{"start":{"line":210,"column":28},"end":{"line":210,"column":29}},"loc":{"start":{"line":211,"column":20},"end":{"line":211,"column":75}}},"17":{"name":"(anonymous_19)","decl":{"start":{"line":224,"column":28},"end":{"line":224,"column":29}},"loc":{"start":{"line":225,"column":20},"end":{"line":225,"column":77}}},"18":{"name":"(anonymous_20)","decl":{"start":{"line":238,"column":28},"end":{"line":238,"column":29}},"loc":{"start":{"line":239,"column":20},"end":{"line":239,"column":75}}},"19":{"name":"(anonymous_21)","decl":{"start":{"line":254,"column":30},"end":{"line":254,"column":31}},"loc":{"start":{"line":255,"column":22},"end":{"line":255,"column":85}}},"20":{"name":"(anonymous_22)","decl":{"start":{"line":268,"column":30},"end":{"line":268,"column":31}},"loc":{"start":{"line":269,"column":22},"end":{"line":269,"column":86}}},"21":{"name":"(anonymous_23)","decl":{"start":{"line":280,"column":25},"end":{"line":280,"column":28}},"loc":{"start":{"line":280,"column":30},"end":{"line":303,"column":17}}},"22":{"name":"(anonymous_24)","decl":{"start":{"line":282,"column":29},"end":{"line":282,"column":30}},"loc":{"start":{"line":282,"column":54},"end":{"line":293,"column":20}}},"23":{"name":"(anonymous_25)","decl":{"start":{"line":309,"column":25},"end":{"line":309,"column":28}},"loc":{"start":{"line":309,"column":31},"end":{"line":309,"column":51}}}},"branchMap":{"0":{"loc":{"start":{"line":14,"column":18},"end":{"line":14,"column":38}},"type":"binary-expr","locations":[{"start":{"line":14,"column":18},"end":{"line":14,"column":27}},{"start":{"line":14,"column":31},"end":{"line":14,"column":38}}]},"1":{"loc":{"start":{"line":15,"column":4},"end":{"line":15,"column":37}},"type":"if","locations":[{"start":{"line":15,"column":4},"end":{"line":15,"column":37}},{"start":{},"end":{}}]},"2":{"loc":{"start":{"line":69,"column":21},"end":{"line":69,"column":84}},"type":"cond-expr","locations":[{"start":{"line":69,"column":52},"end":{"line":69,"column":66}},{"start":{"line":69,"column":69},"end":{"line":69,"column":84}}]},"3":{"loc":{"start":{"line":70,"column":24},"end":{"line":70,"column":63}},"type":"binary-expr","locations":[{"start":{"line":70,"column":24},"end":{"line":70,"column":41}},{"start":{"line":70,"column":45},"end":{"line":70,"column":63}}]},"4":{"loc":{"start":{"line":82,"column":50},"end":{"line":82,"column":71}},"type":"binary-expr","locations":[{"start":{"line":82,"column":50},"end":{"line":82,"column":60}},{"start":{"line":82,"column":64},"end":{"line":82,"column":71}}]},"5":{"loc":{"start":{"line":106,"column":36},"end":{"line":106,"column":77}},"type":"cond-expr","locations":[{"start":{"line":106,"column":61},"end":{"line":106,"column":72}},{"start":{"line":106,"column":75},"end":{"line":106,"column":77}}]},"6":{"loc":{"start":{"line":113,"column":15},"end":{"line":113,"column":49}},"type":"cond-expr","locations":[{"start":{"line":113,"column":40},"end":{"line":113,"column":43}},{"start":{"line":113,"column":46},"end":{"line":113,"column":49}}]},"7":{"loc":{"start":{"line":117,"column":11},"end":{"line":163,"column":null}},"type":"binary-expr","locations":[{"start":{"line":117,"column":11},"end":{"line":117,"column":34}},{"start":{"line":118,"column":12},"end":{"line":162,"column":null}}]},"8":{"loc":{"start":{"line":146,"column":23},"end":{"line":158,"column":30}},"type":"cond-expr","locations":[{"start":{"line":147,"column":24},"end":{"line":151,"column":null}},{"start":{"line":153,"column":26},"end":{"line":158,"column":30}}]},"9":{"loc":{"start":{"line":146,"column":23},"end":{"line":146,"column":63}},"type":"binary-expr","locations":[{"start":{"line":146,"column":23},"end":{"line":146,"column":49}},{"start":{"line":146,"column":53},"end":{"line":146,"column":63}}]},"10":{"loc":{"start":{"line":150,"column":42},"end":{"line":150,"column":58}},"type":"binary-expr","locations":[{"start":{"line":150,"column":42},"end":{"line":150,"column":52}},{"start":{"line":150,"column":56},"end":{"line":150,"column":58}}]},"11":{"loc":{"start":{"line":150,"column":62},"end":{"line":150,"column":79}},"type":"binary-expr","locations":[{"start":{"line":150,"column":62},"end":{"line":150,"column":73}},{"start":{"line":150,"column":77},"end":{"line":150,"column":79}}]},"12":{"loc":{"start":{"line":153,"column":26},"end":{"line":158,"column":30}},"type":"cond-expr","locations":[{"start":{"line":154,"column":24},"end":{"line":156,"column":null}},{"start":{"line":158,"column":26},"end":{"line":158,"column":30}}]},"13":{"loc":{"start":{"line":176,"column":7},"end":{"line":315,"column":null}},"type":"binary-expr","locations":[{"start":{"line":176,"column":7},"end":{"line":176,"column":17}},{"start":{"line":177,"column":8},"end":{"line":314,"column":null}}]},"14":{"loc":{"start":{"line":281,"column":18},"end":{"line":281,"column":47}},"type":"if","locations":[{"start":{"line":281,"column":18},"end":{"line":281,"column":47}},{"start":{},"end":{}}]}},"s":{"0":0,"1":0,"2":0,"3":0,"4":0,"5":0,"6":0,"7":0,"8":0,"9":0,"10":0,"11":0,"12":0,"13":0,"14":0,"15":0,"16":0,"17":0,"18":0,"19":0,"20":0,"21":0,"22":0,"23":0,"24":0,"25":0,"26":0,"27":0,"28":0,"29":0,"30":0,"31":0,"32":0,"33":0,"34":0,"35":0,"36":0,"37":0,"38":0,"39":0,"40":0,"41":0,"42":0,"43":0,"44":0,"45":0,"46":0},"f":{"0":0,"1":0,"2":0,"3":0,"4":0,"5":0,"6":0,"7":0,"8":0,"9":0,"10":0,"11":0,"12":0,"13":0,"14":0,"15":0,"16":0,"17":0,"18":0,"19":0,"20":0,"21":0,"22":0,"23":0},"b":{"0":[0,0],"1":[0,0],"2":[0,0],"3":[0,0],"4":[0,0],"5":[0,0],"6":[0,0],"7":[0,0],"8":[0,0],"9":[0,0],"10":[0,0],"11":[0,0],"12":[0,0],"13":[0,0],"14":[0,0]}}
,"/Users/Marcin/workspace/workspace_tsx/railway-drawer/src/test/setup.ts": {"path":"/Users/Marcin/workspace/workspace_tsx/railway-drawer/src/test/setup.ts","statementMap":{"0":{"start":{"line":1,"column":0},"end":{"line":1,"column":34}},"1":{"start":{"line":2,"column":0},"end":{"line":2,"column":27}},"2":{"start":{"line":10,"column":0},"end":{"line":10,"column":null}},"3":{"start":{"line":13,"column":0},"end":{"line":17,"column":null}},"4":{"start":{"line":13,"column":58},"end":{"line":17,"column":2}},"5":{"start":{"line":20,"column":0},"end":{"line":31,"column":null}},"6":{"start":{"line":21,"column":16},"end":{"line":21,"column":46}},"7":{"start":{"line":22,"column":2},"end":{"line":29,"column":null}},"8":{"start":{"line":30,"column":2},"end":{"line":30,"column":null}}},"fnMap":{"0":{"name":"(anonymous_0)","decl":{"start":{"line":13,"column":51},"end":{"line":13,"column":54}},"loc":{"start":{"line":13,"column":58},"end":{"line":17,"column":2}}},"1":{"name":"(anonymous_1)","decl":{"start":{"line":20,"column":46},"end":{"line":20,"column":47}},"loc":{"start":{"line":20,"column":70},"end":{"line":31,"column":1}}}},"branchMap":{},"s":{"0":0,"1":0,"2":0,"3":0,"4":0,"5":0,"6":0,"7":0,"8":0},"f":{"0":0,"1":0},"b":{}}
}
