{"/Users/Marcin/workspace/workspace_tsx/railway-drawer/eslint.config.js": {"path":"/Users/Marcin/workspace/workspace_tsx/railway-drawer/eslint.config.js","all":true,"statementMap":{"0":{"start":{"line":1,"column":0},"end":{"line":1,"column":27}},"1":{"start":{"line":2,"column":0},"end":{"line":2,"column":29}},"2":{"start":{"line":3,"column":0},"end":{"line":3,"column":50}},"3":{"start":{"line":4,"column":0},"end":{"line":4,"column":54}},"4":{"start":{"line":5,"column":0},"end":{"line":5,"column":40}},"6":{"start":{"line":7,"column":0},"end":{"line":7,"column":32}},"7":{"start":{"line":8,"column":0},"end":{"line":8,"column":36}},"8":{"start":{"line":9,"column":0},"end":{"line":9,"column":3}},"9":{"start":{"line":10,"column":0},"end":{"line":10,"column":71}},"10":{"start":{"line":11,"column":0},"end":{"line":11,"column":29}},"11":{"start":{"line":12,"column":0},"end":{"line":12,"column":22}},"12":{"start":{"line":13,"column":0},"end":{"line":13,"column":24}},"13":{"start":{"line":14,"column":0},"end":{"line":14,"column":31}},"14":{"start":{"line":15,"column":0},"end":{"line":15,"column":6}},"15":{"start":{"line":16,"column":0},"end":{"line":16,"column":14}},"16":{"start":{"line":17,"column":0},"end":{"line":17,"column":32}},"17":{"start":{"line":18,"column":0},"end":{"line":18,"column":36}},"18":{"start":{"line":19,"column":0},"end":{"line":19,"column":6}},"19":{"start":{"line":20,"column":0},"end":{"line":20,"column":12}},"20":{"start":{"line":21,"column":0},"end":{"line":21,"column":46}},"21":{"start":{"line":22,"column":0},"end":{"line":22,"column":47}},"22":{"start":{"line":23,"column":0},"end":{"line":23,"column":15}},"23":{"start":{"line":24,"column":0},"end":{"line":24,"column":38}},"24":{"start":{"line":25,"column":0},"end":{"line":25,"column":8}},"25":{"start":{"line":26,"column":0},"end":{"line":26,"column":55}},"26":{"start":{"line":27,"column":0},"end":{"line":27,"column":32}},"27":{"start":{"line":28,"column":0},"end":{"line":28,"column":32}},"28":{"start":{"line":29,"column":0},"end":{"line":29,"column":9}},"29":{"start":{"line":30,"column":0},"end":{"line":30,"column":51}},"30":{"start":{"line":31,"column":0},"end":{"line":31,"column":6}},"31":{"start":{"line":32,"column":0},"end":{"line":32,"column":4}},"32":{"start":{"line":33,"column":0},"end":{"line":33,"column":2}}},"s":{"0":0,"1":0,"2":0,"3":0,"4":0,"6":0,"7":0,"8":0,"9":0,"10":0,"11":0,"12":0,"13":0,"14":0,"15":0,"16":0,"17":0,"18":0,"19":0,"20":0,"21":0,"22":0,"23":0,"24":0,"25":0,"26":0,"27":0,"28":0,"29":0,"30":0,"31":0,"32":0},"branchMap":{"0":{"type":"branch","line":1,"loc":{"start":{"line":1,"column":931},"end":{"line":33,"column":2}},"locations":[{"start":{"line":1,"column":931},"end":{"line":33,"column":2}}]}},"b":{"0":[0]},"fnMap":{"0":{"name":"(empty-report)","decl":{"start":{"line":1,"column":931},"end":{"line":33,"column":2}},"loc":{"start":{"line":1,"column":931},"end":{"line":33,"column":2}},"line":1}},"f":{"0":0}}
,"/Users/Marcin/workspace/workspace_tsx/railway-drawer/postcss.config.js": {"path":"/Users/Marcin/workspace/workspace_tsx/railway-drawer/postcss.config.js","all":true,"statementMap":{"0":{"start":{"line":1,"column":0},"end":{"line":1,"column":16}},"1":{"start":{"line":2,"column":0},"end":{"line":2,"column":12}},"2":{"start":{"line":3,"column":0},"end":{"line":3,"column":20}},"3":{"start":{"line":4,"column":0},"end":{"line":4,"column":21}},"4":{"start":{"line":5,"column":0},"end":{"line":5,"column":4}},"5":{"start":{"line":6,"column":0},"end":{"line":6,"column":1}}},"s":{"0":0,"1":0,"2":0,"3":0,"4":0,"5":0},"branchMap":{"0":{"type":"branch","line":1,"loc":{"start":{"line":1,"column":79},"end":{"line":6,"column":1}},"locations":[{"start":{"line":1,"column":79},"end":{"line":6,"column":1}}]}},"b":{"0":[0]},"fnMap":{"0":{"name":"(empty-report)","decl":{"start":{"line":1,"column":79},"end":{"line":6,"column":1}},"loc":{"start":{"line":1,"column":79},"end":{"line":6,"column":1}},"line":1}},"f":{"0":0}}
,"/Users/Marcin/workspace/workspace_tsx/railway-drawer/tailwind.config.js": {"path":"/Users/Marcin/workspace/workspace_tsx/railway-drawer/tailwind.config.js","all":true,"statementMap":{"0":{"start":{"line":1,"column":0},"end":{"line":1,"column":43}},"1":{"start":{"line":2,"column":0},"end":{"line":2,"column":16}},"2":{"start":{"line":3,"column":0},"end":{"line":3,"column":12}},"3":{"start":{"line":4,"column":0},"end":{"line":4,"column":19}},"4":{"start":{"line":5,"column":0},"end":{"line":5,"column":33}},"5":{"start":{"line":6,"column":0},"end":{"line":6,"column":4}},"6":{"start":{"line":7,"column":0},"end":{"line":7,"column":10}},"7":{"start":{"line":8,"column":0},"end":{"line":8,"column":15}},"8":{"start":{"line":9,"column":0},"end":{"line":9,"column":4}},"9":{"start":{"line":10,"column":0},"end":{"line":10,"column":14}},"10":{"start":{"line":11,"column":0},"end":{"line":11,"column":1}}},"s":{"0":0,"1":0,"2":0,"3":0,"4":0,"5":0,"6":0,"7":0,"8":0,"9":0,"10":0},"branchMap":{"0":{"type":"branch","line":1,"loc":{"start":{"line":1,"column":181},"end":{"line":11,"column":1}},"locations":[{"start":{"line":1,"column":181},"end":{"line":11,"column":1}}]}},"b":{"0":[0]},"fnMap":{"0":{"name":"(empty-report)","decl":{"start":{"line":1,"column":181},"end":{"line":11,"column":1}},"loc":{"start":{"line":1,"column":181},"end":{"line":11,"column":1}},"line":1}},"f":{"0":0}}
,"/Users/Marcin/workspace/workspace_tsx/railway-drawer/test_copy_paste.js": {"path":"/Users/Marcin/workspace/workspace_tsx/railway-drawer/test_copy_paste.js","all":true,"statementMap":{"0":{"start":{"line":1,"column":0},"end":{"line":1,"column":62}},"1":{"start":{"line":2,"column":0},"end":{"line":2,"column":50}},"3":{"start":{"line":4,"column":0},"end":{"line":4,"column":39}},"4":{"start":{"line":5,"column":0},"end":{"line":5,"column":26}},"5":{"start":{"line":6,"column":0},"end":{"line":6,"column":35}},"6":{"start":{"line":7,"column":0},"end":{"line":7,"column":38}},"7":{"start":{"line":8,"column":0},"end":{"line":8,"column":45}},"8":{"start":{"line":9,"column":0},"end":{"line":9,"column":4}},"9":{"start":{"line":10,"column":0},"end":{"line":10,"column":49}},"10":{"start":{"line":11,"column":0},"end":{"line":11,"column":60}},"11":{"start":{"line":12,"column":0},"end":{"line":12,"column":45}},"12":{"start":{"line":13,"column":0},"end":{"line":13,"column":4}},"13":{"start":{"line":14,"column":0},"end":{"line":14,"column":36}},"14":{"start":{"line":15,"column":0},"end":{"line":15,"column":51}},"15":{"start":{"line":16,"column":0},"end":{"line":16,"column":19}},"16":{"start":{"line":17,"column":0},"end":{"line":17,"column":42}},"17":{"start":{"line":18,"column":0},"end":{"line":18,"column":12}},"18":{"start":{"line":19,"column":0},"end":{"line":19,"column":46}},"19":{"start":{"line":20,"column":0},"end":{"line":20,"column":5}},"20":{"start":{"line":21,"column":0},"end":{"line":21,"column":4}},"21":{"start":{"line":22,"column":0},"end":{"line":22,"column":16}},"22":{"start":{"line":23,"column":0},"end":{"line":23,"column":3}},"23":{"start":{"line":24,"column":0},"end":{"line":24,"column":15}},"24":{"start":{"line":25,"column":0},"end":{"line":25,"column":1}},"26":{"start":{"line":27,"column":0},"end":{"line":27,"column":16}}},"s":{"0":0,"1":0,"3":0,"4":0,"5":0,"6":0,"7":0,"8":0,"9":0,"10":0,"11":0,"12":0,"13":0,"14":0,"15":0,"16":0,"17":0,"18":0,"19":0,"20":0,"21":0,"22":0,"23":0,"24":0,"26":0},"branchMap":{"0":{"type":"branch","line":1,"loc":{"start":{"line":1,"column":0},"end":{"line":27,"column":15}},"locations":[{"start":{"line":1,"column":0},"end":{"line":27,"column":15}}]}},"b":{"0":[0]},"fnMap":{"0":{"name":"(empty-report)","decl":{"start":{"line":1,"column":0},"end":{"line":27,"column":15}},"loc":{"start":{"line":1,"column":0},"end":{"line":27,"column":15}},"line":1}},"f":{"0":0}}
,"/Users/Marcin/workspace/workspace_tsx/railway-drawer/vite.config.ts": {"path":"/Users/Marcin/workspace/workspace_tsx/railway-drawer/vite.config.ts","all":true,"statementMap":{"0":{"start":{"line":1,"column":0},"end":{"line":1,"column":35}},"1":{"start":{"line":2,"column":0},"end":{"line":2,"column":40}},"4":{"start":{"line":5,"column":0},"end":{"line":5,"column":29}},"5":{"start":{"line":6,"column":0},"end":{"line":6,"column":21}},"6":{"start":{"line":7,"column":0},"end":{"line":7,"column":12}},"7":{"start":{"line":8,"column":0},"end":{"line":8,"column":12}},"8":{"start":{"line":9,"column":0},"end":{"line":9,"column":18}},"9":{"start":{"line":10,"column":0},"end":{"line":10,"column":6}},"10":{"start":{"line":11,"column":0},"end":{"line":11,"column":4}},"11":{"start":{"line":12,"column":0},"end":{"line":12,"column":11}},"12":{"start":{"line":13,"column":0},"end":{"line":13,"column":15}},"13":{"start":{"line":14,"column":0},"end":{"line":14,"column":15}},"14":{"start":{"line":15,"column":0},"end":{"line":15,"column":4}},"15":{"start":{"line":16,"column":0},"end":{"line":16,"column":10}},"16":{"start":{"line":17,"column":0},"end":{"line":17,"column":19}},"17":{"start":{"line":18,"column":0},"end":{"line":18,"column":20}},"18":{"start":{"line":19,"column":0},"end":{"line":19,"column":20}},"19":{"start":{"line":20,"column":0},"end":{"line":20,"column":15}},"20":{"start":{"line":21,"column":0},"end":{"line":21,"column":23}},"21":{"start":{"line":22,"column":0},"end":{"line":22,"column":41}},"22":{"start":{"line":23,"column":0},"end":{"line":23,"column":44}},"23":{"start":{"line":24,"column":0},"end":{"line":24,"column":10}},"24":{"start":{"line":25,"column":0},"end":{"line":25,"column":8}},"25":{"start":{"line":26,"column":0},"end":{"line":26,"column":6}},"26":{"start":{"line":27,"column":0},"end":{"line":27,"column":4}},"27":{"start":{"line":28,"column":0},"end":{"line":28,"column":2}}},"s":{"0":0,"1":0,"4":0,"5":0,"6":0,"7":0,"8":0,"9":0,"10":0,"11":0,"12":0,"13":0,"14":0,"15":0,"16":0,"17":0,"18":0,"19":0,"20":0,"21":0,"22":0,"23":0,"24":0,"25":0,"26":0,"27":0},"branchMap":{"0":{"type":"branch","line":1,"loc":{"start":{"line":1,"column":498},"end":{"line":28,"column":2}},"locations":[{"start":{"line":1,"column":498},"end":{"line":28,"column":2}}]}},"b":{"0":[0]},"fnMap":{"0":{"name":"(empty-report)","decl":{"start":{"line":1,"column":498},"end":{"line":28,"column":2}},"loc":{"start":{"line":1,"column":498},"end":{"line":28,"column":2}},"line":1}},"f":{"0":0}}
,"/Users/Marcin/workspace/workspace_tsx/railway-drawer/vitest.config.ts": {"path":"/Users/Marcin/workspace/workspace_tsx/railway-drawer/vitest.config.ts","all":true,"statementMap":{"0":{"start":{"line":1,"column":0},"end":{"line":1,"column":44}},"1":{"start":{"line":2,"column":0},"end":{"line":2,"column":40}},"3":{"start":{"line":4,"column":0},"end":{"line":4,"column":29}},"4":{"start":{"line":5,"column":0},"end":{"line":5,"column":21}},"5":{"start":{"line":6,"column":0},"end":{"line":6,"column":9}},"6":{"start":{"line":7,"column":0},"end":{"line":7,"column":25}},"7":{"start":{"line":8,"column":0},"end":{"line":8,"column":40}},"8":{"start":{"line":9,"column":0},"end":{"line":9,"column":18}},"9":{"start":{"line":10,"column":0},"end":{"line":10,"column":15}},"10":{"start":{"line":11,"column":0},"end":{"line":11,"column":21}},"11":{"start":{"line":12,"column":0},"end":{"line":12,"column":49}},"12":{"start":{"line":13,"column":0},"end":{"line":13,"column":37}},"13":{"start":{"line":14,"column":0},"end":{"line":14,"column":16}},"14":{"start":{"line":15,"column":0},"end":{"line":15,"column":24}},"15":{"start":{"line":16,"column":0},"end":{"line":16,"column":20}},"16":{"start":{"line":17,"column":0},"end":{"line":17,"column":20}},"17":{"start":{"line":18,"column":0},"end":{"line":18,"column":29}},"18":{"start":{"line":19,"column":0},"end":{"line":19,"column":26}},"19":{"start":{"line":20,"column":0},"end":{"line":20,"column":22}},"20":{"start":{"line":21,"column":0},"end":{"line":21,"column":18}},"21":{"start":{"line":22,"column":0},"end":{"line":22,"column":21}},"22":{"start":{"line":23,"column":0},"end":{"line":23,"column":21}},"23":{"start":{"line":24,"column":0},"end":{"line":24,"column":8}},"24":{"start":{"line":25,"column":0},"end":{"line":25,"column":6}},"25":{"start":{"line":26,"column":0},"end":{"line":26,"column":4}},"26":{"start":{"line":27,"column":0},"end":{"line":27,"column":12}},"27":{"start":{"line":28,"column":0},"end":{"line":28,"column":12}},"28":{"start":{"line":29,"column":0},"end":{"line":29,"column":18}},"29":{"start":{"line":30,"column":0},"end":{"line":30,"column":6}},"30":{"start":{"line":31,"column":0},"end":{"line":31,"column":4}},"31":{"start":{"line":32,"column":0},"end":{"line":32,"column":12}},"32":{"start":{"line":33,"column":0},"end":{"line":33,"column":21}},"33":{"start":{"line":34,"column":0},"end":{"line":34,"column":4}},"34":{"start":{"line":35,"column":0},"end":{"line":35,"column":2}}},"s":{"0":0,"1":0,"3":0,"4":0,"5":0,"6":0,"7":0,"8":0,"9":0,"10":0,"11":0,"12":0,"13":0,"14":0,"15":0,"16":0,"17":0,"18":0,"19":0,"20":0,"21":0,"22":0,"23":0,"24":0,"25":0,"26":0,"27":0,"28":0,"29":0,"30":0,"31":0,"32":0,"33":0,"34":0},"branchMap":{"0":{"type":"branch","line":1,"loc":{"start":{"line":1,"column":708},"end":{"line":35,"column":2}},"locations":[{"start":{"line":1,"column":708},"end":{"line":35,"column":2}}]}},"b":{"0":[0]},"fnMap":{"0":{"name":"(empty-report)","decl":{"start":{"line":1,"column":708},"end":{"line":35,"column":2}},"loc":{"start":{"line":1,"column":708},"end":{"line":35,"column":2}},"line":1}},"f":{"0":0}}
,"/Users/Marcin/workspace/workspace_tsx/railway-drawer/src/RailwayDrawerApp.tsx": {"path":"/Users/Marcin/workspace/workspace_tsx/railway-drawer/src/RailwayDrawerApp.tsx","all":false,"statementMap":{"12":{"start":{"line":13,"column":0},"end":{"line":13,"column":59}},"13":{"start":{"line":14,"column":0},"end":{"line":14,"column":56}},"14":{"start":{"line":15,"column":0},"end":{"line":15,"column":43}},"16":{"start":{"line":17,"column":0},"end":{"line":17,"column":59}},"17":{"start":{"line":18,"column":0},"end":{"line":18,"column":67}},"18":{"start":{"line":19,"column":0},"end":{"line":19,"column":67}},"20":{"start":{"line":21,"column":0},"end":{"line":21,"column":69}},"23":{"start":{"line":24,"column":0},"end":{"line":24,"column":21}},"32":{"start":{"line":33,"column":0},"end":{"line":33,"column":32}},"34":{"start":{"line":35,"column":0},"end":{"line":35,"column":52}},"37":{"start":{"line":38,"column":0},"end":{"line":38,"column":88}},"40":{"start":{"line":41,"column":0},"end":{"line":41,"column":67}},"43":{"start":{"line":44,"column":0},"end":{"line":44,"column":68}},"46":{"start":{"line":47,"column":0},"end":{"line":47,"column":76}},"49":{"start":{"line":50,"column":0},"end":{"line":50,"column":70}},"50":{"start":{"line":51,"column":0},"end":{"line":51,"column":14}},"51":{"start":{"line":52,"column":0},"end":{"line":52,"column":43}},"52":{"start":{"line":53,"column":0},"end":{"line":53,"column":12}},"53":{"start":{"line":54,"column":0},"end":{"line":54,"column":41}},"54":{"start":{"line":55,"column":0},"end":{"line":55,"column":5}},"55":{"start":{"line":56,"column":0},"end":{"line":56,"column":4}},"58":{"start":{"line":59,"column":0},"end":{"line":59,"column":54}},"59":{"start":{"line":60,"column":0},"end":{"line":60,"column":57}},"62":{"start":{"line":63,"column":0},"end":{"line":63,"column":93}},"65":{"start":{"line":66,"column":0},"end":{"line":66,"column":51}},"66":{"start":{"line":67,"column":0},"end":{"line":67,"column":5}},"67":{"start":{"line":68,"column":0},"end":{"line":68,"column":18}},"68":{"start":{"line":69,"column":0},"end":{"line":69,"column":24}},"69":{"start":{"line":70,"column":0},"end":{"line":70,"column":19}},"70":{"start":{"line":71,"column":0},"end":{"line":71,"column":24}},"71":{"start":{"line":72,"column":0},"end":{"line":72,"column":33}},"72":{"start":{"line":73,"column":0},"end":{"line":73,"column":45}},"73":{"start":{"line":74,"column":0},"end":{"line":74,"column":5}},"74":{"start":{"line":75,"column":0},"end":{"line":75,"column":5}},"75":{"start":{"line":76,"column":0},"end":{"line":76,"column":58}},"78":{"start":{"line":79,"column":0},"end":{"line":79,"column":89}},"81":{"start":{"line":82,"column":0},"end":{"line":82,"column":68}},"82":{"start":{"line":83,"column":0},"end":{"line":83,"column":74}},"85":{"start":{"line":86,"column":0},"end":{"line":86,"column":70}},"86":{"start":{"line":87,"column":0},"end":{"line":87,"column":62}},"87":{"start":{"line":88,"column":0},"end":{"line":88,"column":27}},"90":{"start":{"line":91,"column":0},"end":{"line":91,"column":54}},"91":{"start":{"line":92,"column":0},"end":{"line":92,"column":82}},"92":{"start":{"line":93,"column":0},"end":{"line":93,"column":38}},"95":{"start":{"line":96,"column":0},"end":{"line":96,"column":86}},"98":{"start":{"line":99,"column":0},"end":{"line":99,"column":19}},"99":{"start":{"line":100,"column":0},"end":{"line":100,"column":51}},"100":{"start":{"line":101,"column":0},"end":{"line":101,"column":43}},"101":{"start":{"line":102,"column":0},"end":{"line":102,"column":18}},"102":{"start":{"line":103,"column":0},"end":{"line":103,"column":23}},"103":{"start":{"line":104,"column":0},"end":{"line":104,"column":56}},"104":{"start":{"line":105,"column":0},"end":{"line":105,"column":44}},"105":{"start":{"line":106,"column":0},"end":{"line":106,"column":7}},"107":{"start":{"line":108,"column":0},"end":{"line":108,"column":46}},"110":{"start":{"line":111,"column":0},"end":{"line":111,"column":36}},"111":{"start":{"line":112,"column":0},"end":{"line":112,"column":44}},"112":{"start":{"line":113,"column":0},"end":{"line":113,"column":78}},"113":{"start":{"line":114,"column":0},"end":{"line":114,"column":27}},"114":{"start":{"line":115,"column":0},"end":{"line":115,"column":72}},"115":{"start":{"line":116,"column":0},"end":{"line":116,"column":38}},"116":{"start":{"line":117,"column":0},"end":{"line":117,"column":7}},"117":{"start":{"line":118,"column":0},"end":{"line":118,"column":5}},"118":{"start":{"line":119,"column":0},"end":{"line":119,"column":37}},"121":{"start":{"line":122,"column":0},"end":{"line":122,"column":72}},"127":{"start":{"line":128,"column":0},"end":{"line":128,"column":33}},"129":{"start":{"line":130,"column":0},"end":{"line":130,"column":55}},"130":{"start":{"line":131,"column":0},"end":{"line":131,"column":42}},"131":{"start":{"line":132,"column":0},"end":{"line":132,"column":63}},"132":{"start":{"line":133,"column":0},"end":{"line":133,"column":69}},"133":{"start":{"line":134,"column":0},"end":{"line":134,"column":100}},"134":{"start":{"line":135,"column":0},"end":{"line":135,"column":76}},"137":{"start":{"line":138,"column":0},"end":{"line":138,"column":75}},"138":{"start":{"line":139,"column":0},"end":{"line":139,"column":45}},"139":{"start":{"line":140,"column":0},"end":{"line":140,"column":55}},"140":{"start":{"line":141,"column":0},"end":{"line":141,"column":103}},"141":{"start":{"line":142,"column":0},"end":{"line":142,"column":7}},"144":{"start":{"line":145,"column":0},"end":{"line":145,"column":38}},"145":{"start":{"line":146,"column":0},"end":{"line":146,"column":31}},"146":{"start":{"line":147,"column":0},"end":{"line":147,"column":14}},"147":{"start":{"line":148,"column":0},"end":{"line":148,"column":22}},"148":{"start":{"line":149,"column":0},"end":{"line":149,"column":72}},"149":{"start":{"line":150,"column":0},"end":{"line":150,"column":27}},"151":{"start":{"line":152,"column":0},"end":{"line":152,"column":44}},"152":{"start":{"line":153,"column":0},"end":{"line":153,"column":40}},"153":{"start":{"line":154,"column":0},"end":{"line":154,"column":48}},"154":{"start":{"line":155,"column":0},"end":{"line":155,"column":48}},"155":{"start":{"line":156,"column":0},"end":{"line":156,"column":81}},"156":{"start":{"line":157,"column":0},"end":{"line":157,"column":44}},"157":{"start":{"line":158,"column":0},"end":{"line":158,"column":18}},"158":{"start":{"line":159,"column":0},"end":{"line":159,"column":46}},"159":{"start":{"line":160,"column":0},"end":{"line":160,"column":46}},"160":{"start":{"line":161,"column":0},"end":{"line":161,"column":52}},"161":{"start":{"line":162,"column":0},"end":{"line":162,"column":13}},"162":{"start":{"line":163,"column":0},"end":{"line":163,"column":15}},"163":{"start":{"line":164,"column":0},"end":{"line":164,"column":9}},"164":{"start":{"line":165,"column":0},"end":{"line":165,"column":5}},"166":{"start":{"line":167,"column":0},"end":{"line":167,"column":41}},"167":{"start":{"line":168,"column":0},"end":{"line":168,"column":33}},"168":{"start":{"line":169,"column":0},"end":{"line":169,"column":19}},"169":{"start":{"line":170,"column":0},"end":{"line":170,"column":41}},"170":{"start":{"line":171,"column":0},"end":{"line":171,"column":19}},"171":{"start":{"line":172,"column":0},"end":{"line":172,"column":24}},"172":{"start":{"line":173,"column":0},"end":{"line":173,"column":33}},"173":{"start":{"line":174,"column":0},"end":{"line":174,"column":63}},"174":{"start":{"line":175,"column":0},"end":{"line":175,"column":6}},"175":{"start":{"line":176,"column":0},"end":{"line":176,"column":39}},"176":{"start":{"line":177,"column":0},"end":{"line":177,"column":29}},"177":{"start":{"line":178,"column":0},"end":{"line":178,"column":34}},"178":{"start":{"line":179,"column":0},"end":{"line":179,"column":4}},"185":{"start":{"line":186,"column":0},"end":{"line":186,"column":45}},"186":{"start":{"line":187,"column":0},"end":{"line":187,"column":61}},"188":{"start":{"line":189,"column":0},"end":{"line":189,"column":57}},"189":{"start":{"line":190,"column":0},"end":{"line":190,"column":21}},"192":{"start":{"line":193,"column":0},"end":{"line":193,"column":32}},"193":{"start":{"line":194,"column":0},"end":{"line":194,"column":36}},"194":{"start":{"line":195,"column":0},"end":{"line":195,"column":5}},"195":{"start":{"line":196,"column":0},"end":{"line":196,"column":34}},"196":{"start":{"line":197,"column":0},"end":{"line":197,"column":9}},"201":{"start":{"line":202,"column":0},"end":{"line":202,"column":46}},"203":{"start":{"line":204,"column":0},"end":{"line":204,"column":55}},"204":{"start":{"line":205,"column":0},"end":{"line":205,"column":42}},"205":{"start":{"line":206,"column":0},"end":{"line":206,"column":63}},"206":{"start":{"line":207,"column":0},"end":{"line":207,"column":69}},"207":{"start":{"line":208,"column":0},"end":{"line":208,"column":100}},"210":{"start":{"line":211,"column":0},"end":{"line":211,"column":75}},"211":{"start":{"line":212,"column":0},"end":{"line":212,"column":45}},"212":{"start":{"line":213,"column":0},"end":{"line":213,"column":55}},"213":{"start":{"line":214,"column":0},"end":{"line":214,"column":103}},"214":{"start":{"line":215,"column":0},"end":{"line":215,"column":7}},"216":{"start":{"line":217,"column":0},"end":{"line":217,"column":76}},"218":{"start":{"line":219,"column":0},"end":{"line":219,"column":38}},"219":{"start":{"line":220,"column":0},"end":{"line":220,"column":31}},"220":{"start":{"line":221,"column":0},"end":{"line":221,"column":14}},"221":{"start":{"line":222,"column":0},"end":{"line":222,"column":22}},"222":{"start":{"line":223,"column":0},"end":{"line":223,"column":72}},"223":{"start":{"line":224,"column":0},"end":{"line":224,"column":27}},"225":{"start":{"line":226,"column":0},"end":{"line":226,"column":44}},"226":{"start":{"line":227,"column":0},"end":{"line":227,"column":40}},"227":{"start":{"line":228,"column":0},"end":{"line":228,"column":48}},"228":{"start":{"line":229,"column":0},"end":{"line":229,"column":48}},"229":{"start":{"line":230,"column":0},"end":{"line":230,"column":81}},"230":{"start":{"line":231,"column":0},"end":{"line":231,"column":44}},"231":{"start":{"line":232,"column":0},"end":{"line":232,"column":18}},"232":{"start":{"line":233,"column":0},"end":{"line":233,"column":46}},"233":{"start":{"line":234,"column":0},"end":{"line":234,"column":46}},"234":{"start":{"line":235,"column":0},"end":{"line":235,"column":52}},"235":{"start":{"line":236,"column":0},"end":{"line":236,"column":13}},"236":{"start":{"line":237,"column":0},"end":{"line":237,"column":15}},"237":{"start":{"line":238,"column":0},"end":{"line":238,"column":9}},"238":{"start":{"line":239,"column":0},"end":{"line":239,"column":5}},"240":{"start":{"line":241,"column":0},"end":{"line":241,"column":26}},"241":{"start":{"line":242,"column":0},"end":{"line":242,"column":34}},"242":{"start":{"line":243,"column":0},"end":{"line":243,"column":4}},"249":{"start":{"line":250,"column":0},"end":{"line":250,"column":63}},"250":{"start":{"line":251,"column":0},"end":{"line":251,"column":36}},"251":{"start":{"line":252,"column":0},"end":{"line":252,"column":56}},"252":{"start":{"line":253,"column":0},"end":{"line":253,"column":7}},"253":{"start":{"line":254,"column":0},"end":{"line":254,"column":4}},"259":{"start":{"line":260,"column":0},"end":{"line":260,"column":19}},"261":{"start":{"line":262,"column":0},"end":{"line":262,"column":36}},"262":{"start":{"line":263,"column":0},"end":{"line":263,"column":57}},"263":{"start":{"line":264,"column":0},"end":{"line":264,"column":44}},"264":{"start":{"line":265,"column":0},"end":{"line":265,"column":95}},"267":{"start":{"line":268,"column":0},"end":{"line":268,"column":59}},"268":{"start":{"line":269,"column":0},"end":{"line":269,"column":65}},"271":{"start":{"line":272,"column":0},"end":{"line":272,"column":46}},"272":{"start":{"line":273,"column":0},"end":{"line":273,"column":69}},"273":{"start":{"line":274,"column":0},"end":{"line":274,"column":104}},"274":{"start":{"line":275,"column":0},"end":{"line":275,"column":9}},"276":{"start":{"line":277,"column":0},"end":{"line":277,"column":62}},"277":{"start":{"line":278,"column":0},"end":{"line":278,"column":25}},"278":{"start":{"line":279,"column":0},"end":{"line":279,"column":71}},"279":{"start":{"line":280,"column":0},"end":{"line":280,"column":9}},"280":{"start":{"line":281,"column":0},"end":{"line":281,"column":14}},"281":{"start":{"line":282,"column":0},"end":{"line":282,"column":70}},"282":{"start":{"line":283,"column":0},"end":{"line":283,"column":7}},"283":{"start":{"line":284,"column":0},"end":{"line":284,"column":57}},"285":{"start":{"line":286,"column":0},"end":{"line":286,"column":37}},"286":{"start":{"line":287,"column":0},"end":{"line":287,"column":81}},"292":{"start":{"line":293,"column":0},"end":{"line":293,"column":19}},"293":{"start":{"line":294,"column":0},"end":{"line":294,"column":55}},"294":{"start":{"line":295,"column":0},"end":{"line":295,"column":64}},"295":{"start":{"line":296,"column":0},"end":{"line":296,"column":65}},"296":{"start":{"line":297,"column":0},"end":{"line":297,"column":109}},"297":{"start":{"line":298,"column":0},"end":{"line":298,"column":5}},"298":{"start":{"line":299,"column":0},"end":{"line":299,"column":42}},"304":{"start":{"line":305,"column":0},"end":{"line":305,"column":34}},"310":{"start":{"line":311,"column":0},"end":{"line":311,"column":34}},"311":{"start":{"line":312,"column":0},"end":{"line":312,"column":55}},"312":{"start":{"line":313,"column":0},"end":{"line":313,"column":29}},"313":{"start":{"line":314,"column":0},"end":{"line":314,"column":11}},"314":{"start":{"line":315,"column":0},"end":{"line":315,"column":73}},"317":{"start":{"line":318,"column":0},"end":{"line":318,"column":58}},"318":{"start":{"line":319,"column":0},"end":{"line":319,"column":50}},"319":{"start":{"line":320,"column":0},"end":{"line":320,"column":99}},"320":{"start":{"line":321,"column":0},"end":{"line":321,"column":16}},"322":{"start":{"line":323,"column":0},"end":{"line":323,"column":28}},"323":{"start":{"line":324,"column":0},"end":{"line":324,"column":82}},"324":{"start":{"line":325,"column":0},"end":{"line":325,"column":52}},"325":{"start":{"line":326,"column":0},"end":{"line":326,"column":62}},"326":{"start":{"line":327,"column":0},"end":{"line":327,"column":122}},"327":{"start":{"line":328,"column":0},"end":{"line":328,"column":20}},"328":{"start":{"line":329,"column":0},"end":{"line":329,"column":76}},"329":{"start":{"line":330,"column":0},"end":{"line":330,"column":13}},"330":{"start":{"line":331,"column":0},"end":{"line":331,"column":17}},"331":{"start":{"line":332,"column":0},"end":{"line":332,"column":9}},"332":{"start":{"line":333,"column":0},"end":{"line":333,"column":23}},"333":{"start":{"line":334,"column":0},"end":{"line":334,"column":58}},"334":{"start":{"line":335,"column":0},"end":{"line":335,"column":7}},"335":{"start":{"line":336,"column":0},"end":{"line":336,"column":12}},"336":{"start":{"line":337,"column":0},"end":{"line":337,"column":64}},"337":{"start":{"line":338,"column":0},"end":{"line":338,"column":5}},"338":{"start":{"line":339,"column":0},"end":{"line":339,"column":4}},"340":{"start":{"line":341,"column":0},"end":{"line":341,"column":35}},"341":{"start":{"line":342,"column":0},"end":{"line":342,"column":55}},"344":{"start":{"line":345,"column":0},"end":{"line":345,"column":42}},"345":{"start":{"line":346,"column":0},"end":{"line":346,"column":31}},"346":{"start":{"line":347,"column":0},"end":{"line":347,"column":13}},"348":{"start":{"line":349,"column":0},"end":{"line":349,"column":69}},"349":{"start":{"line":350,"column":0},"end":{"line":350,"column":45}},"350":{"start":{"line":351,"column":0},"end":{"line":351,"column":108}},"351":{"start":{"line":352,"column":0},"end":{"line":352,"column":25}},"352":{"start":{"line":353,"column":0},"end":{"line":353,"column":61}},"353":{"start":{"line":354,"column":0},"end":{"line":354,"column":9}},"354":{"start":{"line":355,"column":0},"end":{"line":355,"column":14}},"355":{"start":{"line":356,"column":0},"end":{"line":356,"column":67}},"356":{"start":{"line":357,"column":0},"end":{"line":357,"column":7}},"357":{"start":{"line":358,"column":0},"end":{"line":358,"column":12}},"359":{"start":{"line":360,"column":0},"end":{"line":360,"column":31}},"360":{"start":{"line":361,"column":0},"end":{"line":361,"column":75}},"361":{"start":{"line":362,"column":0},"end":{"line":362,"column":45}},"362":{"start":{"line":363,"column":0},"end":{"line":363,"column":15}},"363":{"start":{"line":364,"column":0},"end":{"line":364,"column":47}},"364":{"start":{"line":365,"column":0},"end":{"line":365,"column":107}},"365":{"start":{"line":366,"column":0},"end":{"line":366,"column":27}},"366":{"start":{"line":367,"column":0},"end":{"line":367,"column":62}},"367":{"start":{"line":368,"column":0},"end":{"line":368,"column":11}},"368":{"start":{"line":369,"column":0},"end":{"line":369,"column":16}},"369":{"start":{"line":370,"column":0},"end":{"line":370,"column":99}},"370":{"start":{"line":371,"column":0},"end":{"line":371,"column":9}},"371":{"start":{"line":372,"column":0},"end":{"line":372,"column":14}},"372":{"start":{"line":373,"column":0},"end":{"line":373,"column":67}},"373":{"start":{"line":374,"column":0},"end":{"line":374,"column":7}},"374":{"start":{"line":375,"column":0},"end":{"line":375,"column":5}},"375":{"start":{"line":376,"column":0},"end":{"line":376,"column":4}},"377":{"start":{"line":378,"column":0},"end":{"line":378,"column":33}},"378":{"start":{"line":379,"column":0},"end":{"line":379,"column":55}},"379":{"start":{"line":380,"column":0},"end":{"line":380,"column":29}},"380":{"start":{"line":381,"column":0},"end":{"line":381,"column":11}},"381":{"start":{"line":382,"column":0},"end":{"line":382,"column":69}},"384":{"start":{"line":385,"column":0},"end":{"line":385,"column":52}},"385":{"start":{"line":386,"column":0},"end":{"line":386,"column":47}},"386":{"start":{"line":387,"column":0},"end":{"line":387,"column":92}},"387":{"start":{"line":388,"column":0},"end":{"line":388,"column":16}},"389":{"start":{"line":390,"column":0},"end":{"line":390,"column":28}},"390":{"start":{"line":391,"column":0},"end":{"line":391,"column":82}},"391":{"start":{"line":392,"column":0},"end":{"line":392,"column":52}},"392":{"start":{"line":393,"column":0},"end":{"line":393,"column":62}},"393":{"start":{"line":394,"column":0},"end":{"line":394,"column":118}},"394":{"start":{"line":395,"column":0},"end":{"line":395,"column":20}},"395":{"start":{"line":396,"column":0},"end":{"line":396,"column":75}},"396":{"start":{"line":397,"column":0},"end":{"line":397,"column":13}},"397":{"start":{"line":398,"column":0},"end":{"line":398,"column":17}},"398":{"start":{"line":399,"column":0},"end":{"line":399,"column":9}},"399":{"start":{"line":400,"column":0},"end":{"line":400,"column":23}},"400":{"start":{"line":401,"column":0},"end":{"line":401,"column":57}},"401":{"start":{"line":402,"column":0},"end":{"line":402,"column":7}},"402":{"start":{"line":403,"column":0},"end":{"line":403,"column":12}},"403":{"start":{"line":404,"column":0},"end":{"line":404,"column":63}},"404":{"start":{"line":405,"column":0},"end":{"line":405,"column":5}},"405":{"start":{"line":406,"column":0},"end":{"line":406,"column":4}},"411":{"start":{"line":412,"column":0},"end":{"line":412,"column":19}},"412":{"start":{"line":413,"column":0},"end":{"line":413,"column":46}},"414":{"start":{"line":415,"column":0},"end":{"line":415,"column":92}},"415":{"start":{"line":416,"column":0},"end":{"line":416,"column":15}},"416":{"start":{"line":417,"column":0},"end":{"line":417,"column":7}},"419":{"start":{"line":420,"column":0},"end":{"line":420,"column":68}},"420":{"start":{"line":421,"column":0},"end":{"line":421,"column":27}},"421":{"start":{"line":422,"column":0},"end":{"line":422,"column":27}},"422":{"start":{"line":423,"column":0},"end":{"line":423,"column":7}},"425":{"start":{"line":426,"column":0},"end":{"line":426,"column":68}},"426":{"start":{"line":427,"column":0},"end":{"line":427,"column":27}},"427":{"start":{"line":428,"column":0},"end":{"line":428,"column":26}},"428":{"start":{"line":429,"column":0},"end":{"line":429,"column":7}},"431":{"start":{"line":432,"column":0},"end":{"line":432,"column":68}},"432":{"start":{"line":433,"column":0},"end":{"line":433,"column":27}},"433":{"start":{"line":434,"column":0},"end":{"line":434,"column":28}},"434":{"start":{"line":435,"column":0},"end":{"line":435,"column":7}},"435":{"start":{"line":436,"column":0},"end":{"line":436,"column":5}},"437":{"start":{"line":438,"column":0},"end":{"line":438,"column":54}},"438":{"start":{"line":439,"column":0},"end":{"line":439,"column":70}},"439":{"start":{"line":440,"column":0},"end":{"line":440,"column":77}},"445":{"start":{"line":446,"column":0},"end":{"line":446,"column":28}},"446":{"start":{"line":447,"column":0},"end":{"line":447,"column":55}},"447":{"start":{"line":448,"column":0},"end":{"line":448,"column":57}},"448":{"start":{"line":449,"column":0},"end":{"line":449,"column":26}},"449":{"start":{"line":450,"column":0},"end":{"line":450,"column":55}},"450":{"start":{"line":451,"column":0},"end":{"line":451,"column":64}},"451":{"start":{"line":452,"column":0},"end":{"line":452,"column":45}},"452":{"start":{"line":453,"column":0},"end":{"line":453,"column":42}},"453":{"start":{"line":454,"column":0},"end":{"line":454,"column":43}},"454":{"start":{"line":455,"column":0},"end":{"line":455,"column":17}},"455":{"start":{"line":456,"column":0},"end":{"line":456,"column":4}},"462":{"start":{"line":463,"column":0},"end":{"line":463,"column":68}},"463":{"start":{"line":464,"column":0},"end":{"line":464,"column":37}},"464":{"start":{"line":465,"column":0},"end":{"line":465,"column":15}},"465":{"start":{"line":466,"column":0},"end":{"line":466,"column":38}},"466":{"start":{"line":467,"column":0},"end":{"line":467,"column":31}},"467":{"start":{"line":468,"column":0},"end":{"line":468,"column":42}},"468":{"start":{"line":469,"column":0},"end":{"line":469,"column":42}},"469":{"start":{"line":470,"column":0},"end":{"line":470,"column":15}},"470":{"start":{"line":471,"column":0},"end":{"line":471,"column":47}},"471":{"start":{"line":472,"column":0},"end":{"line":472,"column":63}},"472":{"start":{"line":473,"column":0},"end":{"line":473,"column":37}},"473":{"start":{"line":474,"column":0},"end":{"line":474,"column":68}},"474":{"start":{"line":475,"column":0},"end":{"line":475,"column":13}},"475":{"start":{"line":476,"column":0},"end":{"line":476,"column":19}},"477":{"start":{"line":478,"column":0},"end":{"line":478,"column":63}},"478":{"start":{"line":479,"column":0},"end":{"line":479,"column":37}},"479":{"start":{"line":480,"column":0},"end":{"line":480,"column":49}},"480":{"start":{"line":481,"column":0},"end":{"line":481,"column":13}},"481":{"start":{"line":482,"column":0},"end":{"line":482,"column":11}},"482":{"start":{"line":483,"column":0},"end":{"line":483,"column":9}},"483":{"start":{"line":484,"column":0},"end":{"line":484,"column":8}},"484":{"start":{"line":485,"column":0},"end":{"line":485,"column":30}},"485":{"start":{"line":486,"column":0},"end":{"line":486,"column":5}},"486":{"start":{"line":487,"column":0},"end":{"line":487,"column":4}},"492":{"start":{"line":493,"column":0},"end":{"line":493,"column":31}},"493":{"start":{"line":494,"column":0},"end":{"line":494,"column":55}},"494":{"start":{"line":495,"column":0},"end":{"line":495,"column":55}},"495":{"start":{"line":496,"column":0},"end":{"line":496,"column":22}},"498":{"start":{"line":499,"column":0},"end":{"line":499,"column":33}},"499":{"start":{"line":500,"column":0},"end":{"line":500,"column":45}},"500":{"start":{"line":501,"column":0},"end":{"line":501,"column":59}},"501":{"start":{"line":502,"column":0},"end":{"line":502,"column":68}},"502":{"start":{"line":503,"column":0},"end":{"line":503,"column":47}},"503":{"start":{"line":504,"column":0},"end":{"line":504,"column":44}},"504":{"start":{"line":505,"column":0},"end":{"line":505,"column":44}},"505":{"start":{"line":506,"column":0},"end":{"line":506,"column":19}},"506":{"start":{"line":507,"column":0},"end":{"line":507,"column":13}},"507":{"start":{"line":508,"column":0},"end":{"line":508,"column":5}},"510":{"start":{"line":511,"column":0},"end":{"line":511,"column":33}},"511":{"start":{"line":512,"column":0},"end":{"line":512,"column":37}},"512":{"start":{"line":513,"column":0},"end":{"line":513,"column":53}},"513":{"start":{"line":514,"column":0},"end":{"line":514,"column":87}},"514":{"start":{"line":515,"column":0},"end":{"line":515,"column":41}},"515":{"start":{"line":516,"column":0},"end":{"line":516,"column":39}},"516":{"start":{"line":517,"column":0},"end":{"line":517,"column":25}},"517":{"start":{"line":518,"column":0},"end":{"line":518,"column":76}},"518":{"start":{"line":519,"column":0},"end":{"line":519,"column":15}},"519":{"start":{"line":520,"column":0},"end":{"line":520,"column":25}},"520":{"start":{"line":521,"column":0},"end":{"line":521,"column":22}},"521":{"start":{"line":522,"column":0},"end":{"line":522,"column":20}},"522":{"start":{"line":523,"column":0},"end":{"line":523,"column":16}},"523":{"start":{"line":524,"column":0},"end":{"line":524,"column":16}},"524":{"start":{"line":525,"column":0},"end":{"line":525,"column":39}},"525":{"start":{"line":526,"column":0},"end":{"line":526,"column":39}},"526":{"start":{"line":527,"column":0},"end":{"line":527,"column":14}},"527":{"start":{"line":528,"column":0},"end":{"line":528,"column":44}},"528":{"start":{"line":529,"column":0},"end":{"line":529,"column":13}},"529":{"start":{"line":530,"column":0},"end":{"line":530,"column":11}},"530":{"start":{"line":531,"column":0},"end":{"line":531,"column":9}},"531":{"start":{"line":532,"column":0},"end":{"line":532,"column":13}},"532":{"start":{"line":533,"column":0},"end":{"line":533,"column":5}},"535":{"start":{"line":536,"column":0},"end":{"line":536,"column":49}},"536":{"start":{"line":537,"column":0},"end":{"line":537,"column":81}},"537":{"start":{"line":538,"column":0},"end":{"line":538,"column":68}},"538":{"start":{"line":539,"column":0},"end":{"line":539,"column":49}},"539":{"start":{"line":540,"column":0},"end":{"line":540,"column":28}},"540":{"start":{"line":541,"column":0},"end":{"line":541,"column":58}},"541":{"start":{"line":542,"column":0},"end":{"line":542,"column":21}},"542":{"start":{"line":543,"column":0},"end":{"line":543,"column":9}},"543":{"start":{"line":544,"column":0},"end":{"line":544,"column":7}},"544":{"start":{"line":545,"column":0},"end":{"line":545,"column":4}},"550":{"start":{"line":551,"column":0},"end":{"line":551,"column":35}},"551":{"start":{"line":552,"column":0},"end":{"line":552,"column":32}},"552":{"start":{"line":553,"column":0},"end":{"line":553,"column":50}},"553":{"start":{"line":554,"column":0},"end":{"line":554,"column":11}},"554":{"start":{"line":555,"column":0},"end":{"line":555,"column":7}},"555":{"start":{"line":556,"column":0},"end":{"line":556,"column":6}},"556":{"start":{"line":557,"column":0},"end":{"line":557,"column":64}},"557":{"start":{"line":558,"column":0},"end":{"line":558,"column":45}},"558":{"start":{"line":559,"column":0},"end":{"line":559,"column":42}},"559":{"start":{"line":560,"column":0},"end":{"line":560,"column":42}},"560":{"start":{"line":561,"column":0},"end":{"line":561,"column":17}},"561":{"start":{"line":562,"column":0},"end":{"line":562,"column":4}},"568":{"start":{"line":569,"column":0},"end":{"line":569,"column":75}},"569":{"start":{"line":570,"column":0},"end":{"line":570,"column":37}},"570":{"start":{"line":571,"column":0},"end":{"line":571,"column":15}},"571":{"start":{"line":572,"column":0},"end":{"line":572,"column":38}},"572":{"start":{"line":573,"column":0},"end":{"line":573,"column":31}},"573":{"start":{"line":574,"column":0},"end":{"line":574,"column":42}},"574":{"start":{"line":575,"column":0},"end":{"line":575,"column":42}},"575":{"start":{"line":576,"column":0},"end":{"line":576,"column":15}},"576":{"start":{"line":577,"column":0},"end":{"line":577,"column":47}},"577":{"start":{"line":578,"column":0},"end":{"line":578,"column":23}},"578":{"start":{"line":579,"column":0},"end":{"line":579,"column":42}},"579":{"start":{"line":580,"column":0},"end":{"line":580,"column":24}},"580":{"start":{"line":581,"column":0},"end":{"line":581,"column":95}},"581":{"start":{"line":582,"column":0},"end":{"line":582,"column":40}},"582":{"start":{"line":583,"column":0},"end":{"line":583,"column":17}},"583":{"start":{"line":584,"column":0},"end":{"line":584,"column":14}},"584":{"start":{"line":585,"column":0},"end":{"line":585,"column":19}},"586":{"start":{"line":587,"column":0},"end":{"line":587,"column":11}},"587":{"start":{"line":588,"column":0},"end":{"line":588,"column":9}},"588":{"start":{"line":589,"column":0},"end":{"line":589,"column":8}},"589":{"start":{"line":590,"column":0},"end":{"line":590,"column":30}},"590":{"start":{"line":591,"column":0},"end":{"line":591,"column":5}},"591":{"start":{"line":592,"column":0},"end":{"line":592,"column":4}},"598":{"start":{"line":599,"column":0},"end":{"line":599,"column":55}},"599":{"start":{"line":600,"column":0},"end":{"line":600,"column":29}},"600":{"start":{"line":601,"column":0},"end":{"line":601,"column":36}},"601":{"start":{"line":602,"column":0},"end":{"line":602,"column":47}},"602":{"start":{"line":603,"column":0},"end":{"line":603,"column":80}},"603":{"start":{"line":604,"column":0},"end":{"line":604,"column":6}},"604":{"start":{"line":605,"column":0},"end":{"line":605,"column":24}},"605":{"start":{"line":606,"column":0},"end":{"line":606,"column":54}},"606":{"start":{"line":607,"column":0},"end":{"line":607,"column":50}},"607":{"start":{"line":608,"column":0},"end":{"line":608,"column":6}},"608":{"start":{"line":609,"column":0},"end":{"line":609,"column":49}},"609":{"start":{"line":610,"column":0},"end":{"line":610,"column":45}},"610":{"start":{"line":611,"column":0},"end":{"line":611,"column":4}},"617":{"start":{"line":618,"column":0},"end":{"line":618,"column":58}},"618":{"start":{"line":619,"column":0},"end":{"line":619,"column":29}},"619":{"start":{"line":620,"column":0},"end":{"line":620,"column":39}},"620":{"start":{"line":621,"column":0},"end":{"line":621,"column":47}},"621":{"start":{"line":622,"column":0},"end":{"line":622,"column":83}},"622":{"start":{"line":623,"column":0},"end":{"line":623,"column":6}},"623":{"start":{"line":624,"column":0},"end":{"line":624,"column":24}},"624":{"start":{"line":625,"column":0},"end":{"line":625,"column":54}},"625":{"start":{"line":626,"column":0},"end":{"line":626,"column":50}},"626":{"start":{"line":627,"column":0},"end":{"line":627,"column":6}},"627":{"start":{"line":628,"column":0},"end":{"line":628,"column":49}},"628":{"start":{"line":629,"column":0},"end":{"line":629,"column":45}},"629":{"start":{"line":630,"column":0},"end":{"line":630,"column":4}},"632":{"start":{"line":633,"column":0},"end":{"line":633,"column":56}},"638":{"start":{"line":639,"column":0},"end":{"line":639,"column":19}},"639":{"start":{"line":640,"column":0},"end":{"line":640,"column":69}},"640":{"start":{"line":641,"column":0},"end":{"line":641,"column":22}},"641":{"start":{"line":642,"column":0},"end":{"line":642,"column":59}},"642":{"start":{"line":643,"column":0},"end":{"line":643,"column":36}},"643":{"start":{"line":644,"column":0},"end":{"line":644,"column":52}},"644":{"start":{"line":645,"column":0},"end":{"line":645,"column":43}},"645":{"start":{"line":646,"column":0},"end":{"line":646,"column":7}},"646":{"start":{"line":647,"column":0},"end":{"line":647,"column":7}},"647":{"start":{"line":648,"column":0},"end":{"line":648,"column":27}},"648":{"start":{"line":649,"column":0},"end":{"line":649,"column":39}},"649":{"start":{"line":650,"column":0},"end":{"line":650,"column":9}},"654":{"start":{"line":655,"column":0},"end":{"line":655,"column":70}},"659":{"start":{"line":660,"column":0},"end":{"line":660,"column":73}},"664":{"start":{"line":665,"column":0},"end":{"line":665,"column":43}},"667":{"start":{"line":668,"column":0},"end":{"line":668,"column":18}},"668":{"start":{"line":669,"column":0},"end":{"line":669,"column":12}},"669":{"start":{"line":670,"column":0},"end":{"line":670,"column":81}},"670":{"start":{"line":671,"column":0},"end":{"line":671,"column":104}},"671":{"start":{"line":672,"column":0},"end":{"line":672,"column":18}},"672":{"start":{"line":673,"column":0},"end":{"line":673,"column":47}},"673":{"start":{"line":674,"column":0},"end":{"line":674,"column":124}},"674":{"start":{"line":675,"column":0},"end":{"line":675,"column":11}},"676":{"start":{"line":677,"column":0},"end":{"line":677,"column":19}},"677":{"start":{"line":678,"column":0},"end":{"line":678,"column":14}},"678":{"start":{"line":679,"column":0},"end":{"line":679,"column":32}},"679":{"start":{"line":680,"column":0},"end":{"line":680,"column":12}},"681":{"start":{"line":682,"column":0},"end":{"line":682,"column":3}},"683":{"start":{"line":684,"column":0},"end":{"line":684,"column":10}},"684":{"start":{"line":685,"column":0},"end":{"line":685,"column":65}},"686":{"start":{"line":687,"column":0},"end":{"line":687,"column":106}},"688":{"start":{"line":689,"column":0},"end":{"line":689,"column":34}},"689":{"start":{"line":690,"column":0},"end":{"line":690,"column":18}},"690":{"start":{"line":691,"column":0},"end":{"line":691,"column":192}},"691":{"start":{"line":692,"column":0},"end":{"line":692,"column":54}},"692":{"start":{"line":693,"column":0},"end":{"line":693,"column":33}},"693":{"start":{"line":694,"column":0},"end":{"line":694,"column":34}},"694":{"start":{"line":695,"column":0},"end":{"line":695,"column":37}},"695":{"start":{"line":696,"column":0},"end":{"line":696,"column":14}},"696":{"start":{"line":697,"column":0},"end":{"line":697,"column":11}},"698":{"start":{"line":699,"column":0},"end":{"line":699,"column":19}},"699":{"start":{"line":700,"column":0},"end":{"line":700,"column":37}},"700":{"start":{"line":701,"column":0},"end":{"line":701,"column":17}},"701":{"start":{"line":702,"column":0},"end":{"line":702,"column":139}},"702":{"start":{"line":703,"column":0},"end":{"line":703,"column":56}},"703":{"start":{"line":704,"column":0},"end":{"line":704,"column":35}},"704":{"start":{"line":705,"column":0},"end":{"line":705,"column":36}},"705":{"start":{"line":706,"column":0},"end":{"line":706,"column":39}},"706":{"start":{"line":707,"column":0},"end":{"line":707,"column":16}},"708":{"start":{"line":709,"column":0},"end":{"line":709,"column":187}},"710":{"start":{"line":711,"column":0},"end":{"line":711,"column":20}},"711":{"start":{"line":712,"column":0},"end":{"line":712,"column":170}},"713":{"start":{"line":714,"column":0},"end":{"line":714,"column":20}},"714":{"start":{"line":715,"column":0},"end":{"line":715,"column":19}},"715":{"start":{"line":716,"column":0},"end":{"line":716,"column":42}},"716":{"start":{"line":717,"column":0},"end":{"line":717,"column":63}},"717":{"start":{"line":718,"column":0},"end":{"line":718,"column":59}},"719":{"start":{"line":720,"column":0},"end":{"line":720,"column":151}},"721":{"start":{"line":722,"column":0},"end":{"line":722,"column":59}},"722":{"start":{"line":723,"column":0},"end":{"line":723,"column":22}},"723":{"start":{"line":724,"column":0},"end":{"line":724,"column":48}},"724":{"start":{"line":725,"column":0},"end":{"line":725,"column":149}},"725":{"start":{"line":726,"column":0},"end":{"line":726,"column":236}},"726":{"start":{"line":727,"column":0},"end":{"line":727,"column":236}},"727":{"start":{"line":728,"column":0},"end":{"line":728,"column":236}},"728":{"start":{"line":729,"column":0},"end":{"line":729,"column":236}},"729":{"start":{"line":730,"column":0},"end":{"line":730,"column":24}},"731":{"start":{"line":732,"column":0},"end":{"line":732,"column":20}},"732":{"start":{"line":733,"column":0},"end":{"line":733,"column":18}},"734":{"start":{"line":735,"column":0},"end":{"line":735,"column":16}},"735":{"start":{"line":736,"column":0},"end":{"line":736,"column":30}},"736":{"start":{"line":737,"column":0},"end":{"line":737,"column":23}},"737":{"start":{"line":738,"column":0},"end":{"line":738,"column":37}},"738":{"start":{"line":739,"column":0},"end":{"line":739,"column":30}},"739":{"start":{"line":740,"column":0},"end":{"line":740,"column":35}},"740":{"start":{"line":741,"column":0},"end":{"line":741,"column":12}},"741":{"start":{"line":742,"column":0},"end":{"line":742,"column":14}},"744":{"start":{"line":745,"column":0},"end":{"line":745,"column":34}},"745":{"start":{"line":746,"column":0},"end":{"line":746,"column":18}},"746":{"start":{"line":747,"column":0},"end":{"line":747,"column":192}},"747":{"start":{"line":748,"column":0},"end":{"line":748,"column":57}},"748":{"start":{"line":749,"column":0},"end":{"line":749,"column":52}},"749":{"start":{"line":750,"column":0},"end":{"line":750,"column":11}},"751":{"start":{"line":752,"column":0},"end":{"line":752,"column":19}},"752":{"start":{"line":753,"column":0},"end":{"line":753,"column":40}},"753":{"start":{"line":754,"column":0},"end":{"line":754,"column":17}},"754":{"start":{"line":755,"column":0},"end":{"line":755,"column":139}},"755":{"start":{"line":756,"column":0},"end":{"line":756,"column":59}},"756":{"start":{"line":757,"column":0},"end":{"line":757,"column":54}},"758":{"start":{"line":759,"column":0},"end":{"line":759,"column":177}},"760":{"start":{"line":761,"column":0},"end":{"line":761,"column":20}},"761":{"start":{"line":762,"column":0},"end":{"line":762,"column":190}},"763":{"start":{"line":764,"column":0},"end":{"line":764,"column":20}},"764":{"start":{"line":765,"column":0},"end":{"line":765,"column":177}},"766":{"start":{"line":767,"column":0},"end":{"line":767,"column":20}},"767":{"start":{"line":768,"column":0},"end":{"line":768,"column":18}},"769":{"start":{"line":770,"column":0},"end":{"line":770,"column":16}},"770":{"start":{"line":771,"column":0},"end":{"line":771,"column":33}},"771":{"start":{"line":772,"column":0},"end":{"line":772,"column":23}},"772":{"start":{"line":773,"column":0},"end":{"line":773,"column":37}},"773":{"start":{"line":774,"column":0},"end":{"line":774,"column":30}},"774":{"start":{"line":775,"column":0},"end":{"line":775,"column":42}},"775":{"start":{"line":776,"column":0},"end":{"line":776,"column":12}},"776":{"start":{"line":777,"column":0},"end":{"line":777,"column":14}},"779":{"start":{"line":780,"column":0},"end":{"line":780,"column":34}},"780":{"start":{"line":781,"column":0},"end":{"line":781,"column":18}},"781":{"start":{"line":782,"column":0},"end":{"line":782,"column":192}},"782":{"start":{"line":783,"column":0},"end":{"line":783,"column":55}},"783":{"start":{"line":784,"column":0},"end":{"line":784,"column":52}},"784":{"start":{"line":785,"column":0},"end":{"line":785,"column":11}},"786":{"start":{"line":787,"column":0},"end":{"line":787,"column":19}},"787":{"start":{"line":788,"column":0},"end":{"line":788,"column":38}},"788":{"start":{"line":789,"column":0},"end":{"line":789,"column":17}},"789":{"start":{"line":790,"column":0},"end":{"line":790,"column":139}},"790":{"start":{"line":791,"column":0},"end":{"line":791,"column":57}},"791":{"start":{"line":792,"column":0},"end":{"line":792,"column":54}},"793":{"start":{"line":794,"column":0},"end":{"line":794,"column":176}},"795":{"start":{"line":796,"column":0},"end":{"line":796,"column":20}},"796":{"start":{"line":797,"column":0},"end":{"line":797,"column":18}},"798":{"start":{"line":799,"column":0},"end":{"line":799,"column":14}},"801":{"start":{"line":802,"column":0},"end":{"line":802,"column":65}},"802":{"start":{"line":803,"column":0},"end":{"line":803,"column":82}},"803":{"start":{"line":804,"column":0},"end":{"line":804,"column":14}},"804":{"start":{"line":805,"column":0},"end":{"line":805,"column":12}},"807":{"start":{"line":808,"column":0},"end":{"line":808,"column":133}},"808":{"start":{"line":809,"column":0},"end":{"line":809,"column":12}},"809":{"start":{"line":810,"column":0},"end":{"line":810,"column":56}},"811":{"start":{"line":812,"column":0},"end":{"line":812,"column":18}},"812":{"start":{"line":813,"column":0},"end":{"line":813,"column":29}},"813":{"start":{"line":814,"column":0},"end":{"line":814,"column":35}},"814":{"start":{"line":815,"column":0},"end":{"line":815,"column":35}},"815":{"start":{"line":816,"column":0},"end":{"line":816,"column":41}},"816":{"start":{"line":817,"column":0},"end":{"line":817,"column":43}},"817":{"start":{"line":818,"column":0},"end":{"line":818,"column":12}},"818":{"start":{"line":819,"column":0},"end":{"line":819,"column":14}},"820":{"start":{"line":821,"column":0},"end":{"line":821,"column":12}},"821":{"start":{"line":822,"column":0},"end":{"line":822,"column":112}},"822":{"start":{"line":823,"column":0},"end":{"line":823,"column":42}},"823":{"start":{"line":824,"column":0},"end":{"line":824,"column":10}},"825":{"start":{"line":826,"column":0},"end":{"line":826,"column":12}},"826":{"start":{"line":827,"column":0},"end":{"line":827,"column":32}},"827":{"start":{"line":828,"column":0},"end":{"line":828,"column":59}},"829":{"start":{"line":830,"column":0},"end":{"line":830,"column":93}},"830":{"start":{"line":831,"column":0},"end":{"line":831,"column":20}},"831":{"start":{"line":832,"column":0},"end":{"line":832,"column":37}},"832":{"start":{"line":833,"column":0},"end":{"line":833,"column":186}},"833":{"start":{"line":834,"column":0},"end":{"line":834,"column":13}},"835":{"start":{"line":836,"column":0},"end":{"line":836,"column":21}},"836":{"start":{"line":837,"column":0},"end":{"line":837,"column":90}},"837":{"start":{"line":838,"column":0},"end":{"line":838,"column":39}},"838":{"start":{"line":839,"column":0},"end":{"line":839,"column":19}},"839":{"start":{"line":840,"column":0},"end":{"line":840,"column":20}},"840":{"start":{"line":841,"column":0},"end":{"line":841,"column":36}},"841":{"start":{"line":842,"column":0},"end":{"line":842,"column":186}},"842":{"start":{"line":843,"column":0},"end":{"line":843,"column":13}},"844":{"start":{"line":845,"column":0},"end":{"line":845,"column":21}},"845":{"start":{"line":846,"column":0},"end":{"line":846,"column":20}},"846":{"start":{"line":847,"column":0},"end":{"line":847,"column":39}},"847":{"start":{"line":848,"column":0},"end":{"line":848,"column":162}},"848":{"start":{"line":849,"column":0},"end":{"line":849,"column":13}},"850":{"start":{"line":851,"column":0},"end":{"line":851,"column":21}},"851":{"start":{"line":852,"column":0},"end":{"line":852,"column":16}},"853":{"start":{"line":854,"column":0},"end":{"line":854,"column":30}},"854":{"start":{"line":855,"column":0},"end":{"line":855,"column":16}},"855":{"start":{"line":856,"column":0},"end":{"line":856,"column":26}},"856":{"start":{"line":857,"column":0},"end":{"line":857,"column":76}},"858":{"start":{"line":859,"column":0},"end":{"line":859,"column":23}},"859":{"start":{"line":860,"column":0},"end":{"line":860,"column":58}},"860":{"start":{"line":861,"column":0},"end":{"line":861,"column":47}},"861":{"start":{"line":862,"column":0},"end":{"line":862,"column":49}},"862":{"start":{"line":863,"column":0},"end":{"line":863,"column":37}},"863":{"start":{"line":864,"column":0},"end":{"line":864,"column":27}},"864":{"start":{"line":865,"column":0},"end":{"line":865,"column":55}},"865":{"start":{"line":866,"column":0},"end":{"line":866,"column":46}},"866":{"start":{"line":867,"column":0},"end":{"line":867,"column":16}},"867":{"start":{"line":868,"column":0},"end":{"line":868,"column":18}},"868":{"start":{"line":869,"column":0},"end":{"line":869,"column":13}},"869":{"start":{"line":870,"column":0},"end":{"line":870,"column":14}},"871":{"start":{"line":872,"column":0},"end":{"line":872,"column":12}},"872":{"start":{"line":873,"column":0},"end":{"line":873,"column":112}},"873":{"start":{"line":874,"column":0},"end":{"line":874,"column":45}},"874":{"start":{"line":875,"column":0},"end":{"line":875,"column":10}},"876":{"start":{"line":877,"column":0},"end":{"line":877,"column":12}},"877":{"start":{"line":878,"column":0},"end":{"line":878,"column":36}},"878":{"start":{"line":879,"column":0},"end":{"line":879,"column":59}},"880":{"start":{"line":881,"column":0},"end":{"line":881,"column":26}},"881":{"start":{"line":882,"column":0},"end":{"line":882,"column":50}},"882":{"start":{"line":883,"column":0},"end":{"line":883,"column":45}},"883":{"start":{"line":884,"column":0},"end":{"line":884,"column":48}},"884":{"start":{"line":885,"column":0},"end":{"line":885,"column":12}},"885":{"start":{"line":886,"column":0},"end":{"line":886,"column":14}},"886":{"start":{"line":887,"column":0},"end":{"line":887,"column":12}},"889":{"start":{"line":890,"column":0},"end":{"line":890,"column":97}},"890":{"start":{"line":891,"column":0},"end":{"line":891,"column":17}},"891":{"start":{"line":892,"column":0},"end":{"line":892,"column":21}},"892":{"start":{"line":893,"column":0},"end":{"line":893,"column":35}},"893":{"start":{"line":894,"column":0},"end":{"line":894,"column":39}},"894":{"start":{"line":895,"column":0},"end":{"line":895,"column":39}},"895":{"start":{"line":896,"column":0},"end":{"line":896,"column":37}},"896":{"start":{"line":897,"column":0},"end":{"line":897,"column":39}},"897":{"start":{"line":898,"column":0},"end":{"line":898,"column":10}},"898":{"start":{"line":899,"column":0},"end":{"line":899,"column":12}},"899":{"start":{"line":900,"column":0},"end":{"line":900,"column":10}},"901":{"start":{"line":902,"column":0},"end":{"line":902,"column":2}},"903":{"start":{"line":904,"column":0},"end":{"line":904,"column":32}}},"s":{"12":1,"13":1,"14":1,"16":1,"17":1,"18":1,"20":1,"23":1,"32":1,"34":15,"37":15,"40":15,"43":15,"46":15,"49":15,"50":0,"51":0,"52":0,"53":0,"54":0,"55":0,"58":15,"59":15,"62":15,"65":15,"66":15,"67":15,"68":15,"69":15,"70":15,"71":15,"72":15,"73":15,"74":15,"75":15,"78":15,"81":15,"82":15,"85":15,"86":15,"87":15,"90":15,"91":15,"92":15,"95":15,"98":15,"99":11,"100":11,"101":11,"102":11,"103":11,"104":11,"105":11,"107":11,"110":11,"111":0,"112":0,"113":0,"114":0,"115":0,"116":0,"117":0,"118":15,"121":15,"127":15,"129":0,"130":0,"131":0,"132":0,"133":0,"134":0,"137":0,"138":0,"139":0,"140":0,"141":0,"144":0,"145":0,"146":0,"147":0,"148":0,"149":0,"151":0,"152":0,"153":0,"154":0,"155":0,"156":0,"157":0,"158":0,"159":0,"160":0,"161":0,"162":0,"163":0,"164":0,"166":0,"167":0,"168":0,"169":0,"170":0,"171":0,"172":0,"173":0,"174":0,"175":0,"176":0,"177":0,"178":0,"185":15,"186":0,"188":0,"189":0,"192":0,"193":0,"194":0,"195":0,"196":0,"201":15,"203":0,"204":0,"205":0,"206":0,"207":0,"210":0,"211":0,"212":0,"213":0,"214":0,"216":0,"218":0,"219":0,"220":0,"221":0,"222":0,"223":0,"225":0,"226":0,"227":0,"228":0,"229":0,"230":0,"231":0,"232":0,"233":0,"234":0,"235":0,"236":0,"237":0,"238":0,"240":0,"241":0,"242":0,"249":15,"250":0,"251":0,"252":0,"253":0,"259":15,"261":11,"262":1,"263":1,"264":0,"267":0,"268":0,"271":0,"272":0,"273":0,"274":0,"276":0,"277":0,"278":0,"279":0,"280":1,"281":1,"282":1,"283":11,"285":11,"286":15,"292":15,"293":11,"294":11,"295":0,"296":0,"297":0,"298":15,"304":15,"310":15,"311":0,"312":0,"313":0,"314":0,"317":0,"318":0,"319":0,"320":0,"322":0,"323":0,"324":0,"325":0,"326":0,"327":0,"328":0,"329":0,"330":0,"331":0,"332":0,"333":0,"334":0,"335":0,"336":0,"337":0,"338":0,"340":15,"341":0,"344":0,"345":0,"346":0,"348":0,"349":0,"350":0,"351":0,"352":0,"353":0,"354":0,"355":0,"356":0,"357":0,"359":0,"360":0,"361":0,"362":0,"363":0,"364":0,"365":0,"366":0,"367":0,"368":0,"369":0,"370":0,"371":0,"372":0,"373":0,"374":0,"375":0,"377":15,"378":0,"379":0,"380":0,"381":0,"384":0,"385":0,"386":0,"387":0,"389":0,"390":0,"391":0,"392":0,"393":0,"394":0,"395":0,"396":0,"397":0,"398":0,"399":0,"400":0,"401":0,"402":0,"403":0,"404":0,"405":0,"411":15,"412":11,"414":4,"415":0,"416":0,"419":4,"420":0,"421":0,"422":0,"425":4,"426":0,"427":0,"428":0,"431":4,"432":0,"433":0,"434":0,"435":4,"437":11,"438":11,"439":15,"445":15,"446":0,"447":0,"448":0,"449":0,"450":0,"451":0,"452":0,"453":0,"454":0,"455":0,"462":15,"463":0,"464":0,"465":0,"466":0,"467":0,"468":0,"469":0,"470":0,"471":0,"472":0,"473":0,"474":0,"475":0,"477":0,"478":0,"479":0,"480":0,"481":0,"482":0,"483":0,"484":0,"485":0,"486":0,"492":15,"493":0,"494":0,"495":0,"498":0,"499":0,"500":0,"501":0,"502":0,"503":0,"504":0,"505":0,"506":0,"507":0,"510":0,"511":0,"512":0,"513":0,"514":0,"515":0,"516":0,"517":0,"518":0,"519":0,"520":0,"521":0,"522":0,"523":0,"524":0,"525":0,"526":0,"527":0,"528":0,"529":0,"530":0,"531":0,"532":0,"535":0,"536":0,"537":0,"538":0,"539":0,"540":0,"541":0,"542":0,"543":0,"544":0,"550":15,"551":0,"552":0,"553":0,"554":0,"555":0,"556":0,"557":0,"558":0,"559":0,"560":0,"561":0,"568":15,"569":0,"570":0,"571":0,"572":0,"573":0,"574":0,"575":0,"576":0,"577":0,"578":0,"579":0,"580":0,"581":0,"582":0,"583":0,"584":0,"586":0,"587":0,"588":0,"589":0,"590":0,"591":0,"598":15,"599":0,"600":0,"601":0,"602":0,"603":0,"604":0,"605":0,"606":0,"607":0,"608":0,"609":0,"610":0,"617":15,"618":0,"619":0,"620":0,"621":0,"622":0,"623":0,"624":0,"625":0,"626":0,"627":0,"628":0,"629":0,"632":15,"638":15,"639":11,"640":11,"641":11,"642":0,"643":0,"644":0,"645":0,"646":11,"647":11,"648":11,"649":15,"654":15,"659":15,"664":15,"667":15,"668":0,"669":0,"670":0,"671":0,"672":0,"673":0,"674":0,"676":0,"677":0,"678":0,"679":0,"681":0,"683":15,"684":15,"686":15,"688":15,"689":15,"690":15,"691":15,"692":15,"693":0,"694":0,"695":0,"696":15,"698":15,"699":15,"700":1,"701":1,"702":1,"703":1,"704":0,"705":0,"706":0,"708":1,"710":1,"711":1,"713":1,"714":1,"715":1,"716":1,"717":1,"719":1,"721":1,"722":1,"723":1,"724":0,"725":0,"726":0,"727":0,"728":0,"729":0,"731":1,"732":1,"734":15,"735":15,"736":15,"737":15,"738":15,"739":15,"740":15,"741":15,"744":15,"745":15,"746":15,"747":15,"748":15,"749":15,"751":15,"752":15,"753":1,"754":1,"755":1,"756":1,"758":1,"760":1,"761":1,"763":1,"764":1,"766":1,"767":1,"769":15,"770":15,"771":15,"772":15,"773":15,"774":15,"775":15,"776":15,"779":15,"780":15,"781":15,"782":15,"783":15,"784":15,"786":15,"787":15,"788":2,"789":2,"790":2,"791":2,"793":2,"795":2,"796":2,"798":15,"801":15,"802":15,"803":15,"804":15,"807":15,"808":15,"809":15,"811":15,"812":15,"813":15,"814":15,"815":15,"816":15,"817":15,"818":15,"820":15,"821":15,"822":15,"823":15,"825":15,"826":15,"827":15,"829":15,"830":15,"831":15,"832":15,"833":15,"835":15,"836":15,"837":15,"838":15,"839":15,"840":15,"841":15,"842":15,"844":15,"845":15,"846":15,"847":15,"848":15,"850":15,"851":15,"853":15,"854":15,"855":15,"856":15,"858":15,"859":15,"860":15,"861":15,"862":15,"863":15,"864":15,"865":15,"866":15,"867":15,"868":15,"869":15,"871":15,"872":15,"873":15,"874":15,"876":15,"877":15,"878":15,"880":15,"881":15,"882":15,"883":15,"884":15,"885":15,"886":15,"889":15,"890":15,"891":15,"892":15,"893":15,"894":15,"895":15,"896":15,"897":15,"898":15,"899":15,"901":15,"903":1},"branchMap":{"0":{"type":"branch","line":33,"loc":{"start":{"line":33,"column":25},"end":{"line":902,"column":2}},"locations":[{"start":{"line":33,"column":25},"end":{"line":902,"column":2}}]},"1":{"type":"branch","line":122,"loc":{"start":{"line":122,"column":59},"end":{"line":122,"column":72}},"locations":[{"start":{"line":122,"column":59},"end":{"line":122,"column":72}}]},"2":{"type":"branch","line":668,"loc":{"start":{"line":668,"column":17},"end":{"line":682,"column":3}},"locations":[{"start":{"line":668,"column":17},"end":{"line":682,"column":3}}]},"3":{"type":"branch","line":700,"loc":{"start":{"line":700,"column":26},"end":{"line":733,"column":18}},"locations":[{"start":{"line":700,"column":26},"end":{"line":733,"column":18}}]},"4":{"type":"branch","line":724,"loc":{"start":{"line":724,"column":35},"end":{"line":730,"column":24}},"locations":[{"start":{"line":724,"column":35},"end":{"line":730,"column":24}}]},"5":{"type":"branch","line":753,"loc":{"start":{"line":753,"column":26},"end":{"line":768,"column":18}},"locations":[{"start":{"line":753,"column":26},"end":{"line":768,"column":18}}]},"6":{"type":"branch","line":788,"loc":{"start":{"line":788,"column":26},"end":{"line":797,"column":18}},"locations":[{"start":{"line":788,"column":26},"end":{"line":797,"column":18}}]},"7":{"type":"branch","line":47,"loc":{"start":{"line":47,"column":32},"end":{"line":47,"column":76}},"locations":[{"start":{"line":47,"column":32},"end":{"line":47,"column":76}}]},"8":{"type":"branch","line":99,"loc":{"start":{"line":99,"column":12},"end":{"line":119,"column":5}},"locations":[{"start":{"line":99,"column":12},"end":{"line":119,"column":5}}]},"9":{"type":"branch","line":104,"loc":{"start":{"line":104,"column":21},"end":{"line":104,"column":41}},"locations":[{"start":{"line":104,"column":21},"end":{"line":104,"column":41}}]},"10":{"type":"branch","line":104,"loc":{"start":{"line":104,"column":41},"end":{"line":104,"column":54}},"locations":[{"start":{"line":104,"column":41},"end":{"line":104,"column":54}}]},"11":{"type":"branch","line":105,"loc":{"start":{"line":105,"column":25},"end":{"line":105,"column":44}},"locations":[{"start":{"line":105,"column":25},"end":{"line":105,"column":44}}]},"12":{"type":"branch","line":111,"loc":{"start":{"line":111,"column":8},"end":{"line":111,"column":35}},"locations":[{"start":{"line":111,"column":8},"end":{"line":111,"column":35}}]},"13":{"type":"branch","line":111,"loc":{"start":{"line":111,"column":35},"end":{"line":118,"column":5}},"locations":[{"start":{"line":111,"column":35},"end":{"line":118,"column":5}}]},"14":{"type":"branch","line":122,"loc":{"start":{"line":122,"column":30},"end":{"line":122,"column":59}},"locations":[{"start":{"line":122,"column":30},"end":{"line":122,"column":59}}]},"15":{"type":"branch","line":260,"loc":{"start":{"line":260,"column":12},"end":{"line":287,"column":5}},"locations":[{"start":{"line":260,"column":12},"end":{"line":287,"column":5}}]},"16":{"type":"branch","line":262,"loc":{"start":{"line":262,"column":29},"end":{"line":284,"column":7}},"locations":[{"start":{"line":262,"column":29},"end":{"line":284,"column":7}}]},"17":{"type":"branch","line":264,"loc":{"start":{"line":264,"column":10},"end":{"line":264,"column":43}},"locations":[{"start":{"line":264,"column":10},"end":{"line":264,"column":43}}]},"18":{"type":"branch","line":264,"loc":{"start":{"line":264,"column":43},"end":{"line":281,"column":13}},"locations":[{"start":{"line":264,"column":43},"end":{"line":281,"column":13}}]},"19":{"type":"branch","line":286,"loc":{"start":{"line":286,"column":11},"end":{"line":286,"column":37}},"locations":[{"start":{"line":286,"column":11},"end":{"line":286,"column":37}}]},"20":{"type":"branch","line":293,"loc":{"start":{"line":293,"column":12},"end":{"line":299,"column":5}},"locations":[{"start":{"line":293,"column":12},"end":{"line":299,"column":5}}]},"21":{"type":"branch","line":295,"loc":{"start":{"line":295,"column":8},"end":{"line":295,"column":63}},"locations":[{"start":{"line":295,"column":8},"end":{"line":295,"column":63}}]},"22":{"type":"branch","line":295,"loc":{"start":{"line":295,"column":63},"end":{"line":298,"column":5}},"locations":[{"start":{"line":295,"column":63},"end":{"line":298,"column":5}}]},"23":{"type":"branch","line":412,"loc":{"start":{"line":412,"column":12},"end":{"line":440,"column":5}},"locations":[{"start":{"line":412,"column":12},"end":{"line":440,"column":5}}]},"24":{"type":"branch","line":413,"loc":{"start":{"line":413,"column":4},"end":{"line":436,"column":5}},"locations":[{"start":{"line":413,"column":4},"end":{"line":436,"column":5}}]},"25":{"type":"branch","line":415,"loc":{"start":{"line":415,"column":91},"end":{"line":417,"column":7}},"locations":[{"start":{"line":415,"column":91},"end":{"line":417,"column":7}}]},"26":{"type":"branch","line":420,"loc":{"start":{"line":420,"column":13},"end":{"line":420,"column":38}},"locations":[{"start":{"line":420,"column":13},"end":{"line":420,"column":38}}]},"27":{"type":"branch","line":420,"loc":{"start":{"line":420,"column":67},"end":{"line":423,"column":7}},"locations":[{"start":{"line":420,"column":67},"end":{"line":423,"column":7}}]},"28":{"type":"branch","line":426,"loc":{"start":{"line":426,"column":13},"end":{"line":426,"column":38}},"locations":[{"start":{"line":426,"column":13},"end":{"line":426,"column":38}}]},"29":{"type":"branch","line":426,"loc":{"start":{"line":426,"column":67},"end":{"line":429,"column":7}},"locations":[{"start":{"line":426,"column":67},"end":{"line":429,"column":7}}]},"30":{"type":"branch","line":432,"loc":{"start":{"line":432,"column":13},"end":{"line":432,"column":38}},"locations":[{"start":{"line":432,"column":13},"end":{"line":432,"column":38}}]},"31":{"type":"branch","line":432,"loc":{"start":{"line":432,"column":67},"end":{"line":435,"column":7}},"locations":[{"start":{"line":432,"column":67},"end":{"line":435,"column":7}}]},"32":{"type":"branch","line":439,"loc":{"start":{"line":439,"column":11},"end":{"line":439,"column":70}},"locations":[{"start":{"line":439,"column":11},"end":{"line":439,"column":70}}]},"33":{"type":"branch","line":639,"loc":{"start":{"line":639,"column":12},"end":{"line":650,"column":5}},"locations":[{"start":{"line":639,"column":12},"end":{"line":650,"column":5}}]},"34":{"type":"branch","line":641,"loc":{"start":{"line":641,"column":15},"end":{"line":641,"column":22}},"locations":[{"start":{"line":641,"column":15},"end":{"line":641,"column":22}}]},"35":{"type":"branch","line":649,"loc":{"start":{"line":649,"column":11},"end":{"line":649,"column":39}},"locations":[{"start":{"line":649,"column":11},"end":{"line":649,"column":39}}]},"36":{"type":"branch","line":692,"loc":{"start":{"line":692,"column":26},"end":{"line":692,"column":54}},"locations":[{"start":{"line":692,"column":26},"end":{"line":692,"column":54}}]},"37":{"type":"branch","line":748,"loc":{"start":{"line":748,"column":26},"end":{"line":748,"column":57}},"locations":[{"start":{"line":748,"column":26},"end":{"line":748,"column":57}}]},"38":{"type":"branch","line":783,"loc":{"start":{"line":783,"column":26},"end":{"line":783,"column":55}},"locations":[{"start":{"line":783,"column":26},"end":{"line":783,"column":55}}]},"39":{"type":"branch","line":854,"loc":{"start":{"line":854,"column":20},"end":{"line":868,"column":18}},"locations":[{"start":{"line":854,"column":20},"end":{"line":868,"column":18}}]},"40":{"type":"branch","line":857,"loc":{"start":{"line":857,"column":50},"end":{"line":857,"column":76}},"locations":[{"start":{"line":857,"column":50},"end":{"line":857,"column":76}}]}},"b":{"0":[15],"1":[0],"2":[0],"3":[1],"4":[0],"5":[1],"6":[2],"7":[23],"8":[11],"9":[0],"10":[0],"11":[0],"12":[0],"13":[0],"14":[15],"15":[11],"16":[1],"17":[0],"18":[0],"19":[11],"20":[11],"21":[0],"22":[0],"23":[11],"24":[4],"25":[0],"26":[0],"27":[0],"28":[0],"29":[0],"30":[0],"31":[0],"32":[11],"33":[11],"34":[0],"35":[11],"36":[1],"37":[1],"38":[2],"39":[15],"40":[0]},"fnMap":{"0":{"name":"RailwayDrawerApp","decl":{"start":{"line":33,"column":25},"end":{"line":902,"column":2}},"loc":{"start":{"line":33,"column":25},"end":{"line":902,"column":2}},"line":33},"1":{"name":"getCurrentDrawAreaRef","decl":{"start":{"line":47,"column":32},"end":{"line":47,"column":76}},"loc":{"start":{"line":47,"column":32},"end":{"line":47,"column":76}},"line":47},"2":{"name":"setDrawAreaRef","decl":{"start":{"line":50,"column":25},"end":{"line":56,"column":4}},"loc":{"start":{"line":50,"column":25},"end":{"line":56,"column":4}},"line":50},"3":{"name":"handleTabCreate","decl":{"start":{"line":128,"column":26},"end":{"line":179,"column":4}},"loc":{"start":{"line":128,"column":26},"end":{"line":179,"column":4}},"line":128},"4":{"name":"handleTabClose","decl":{"start":{"line":186,"column":25},"end":{"line":197,"column":9}},"loc":{"start":{"line":186,"column":25},"end":{"line":197,"column":9}},"line":186},"5":{"name":"handleTabChange","decl":{"start":{"line":202,"column":26},"end":{"line":243,"column":4}},"loc":{"start":{"line":202,"column":26},"end":{"line":243,"column":4}},"line":202},"6":{"name":"handleTabRename","decl":{"start":{"line":250,"column":26},"end":{"line":254,"column":4}},"loc":{"start":{"line":250,"column":26},"end":{"line":254,"column":4}},"line":250},"7":{"name":"setDraggedItem","decl":{"start":{"line":305,"column":25},"end":{"line":305,"column":34}},"loc":{"start":{"line":305,"column":25},"end":{"line":305,"column":34}},"line":305},"8":{"name":"handleGlobalCopy","decl":{"start":{"line":311,"column":27},"end":{"line":339,"column":4}},"loc":{"start":{"line":311,"column":27},"end":{"line":339,"column":4}},"line":311},"9":{"name":"handleGlobalPaste","decl":{"start":{"line":341,"column":28},"end":{"line":376,"column":4}},"loc":{"start":{"line":341,"column":28},"end":{"line":376,"column":4}},"line":341},"10":{"name":"handleGlobalCut","decl":{"start":{"line":378,"column":26},"end":{"line":406,"column":4}},"loc":{"start":{"line":378,"column":26},"end":{"line":406,"column":4}},"line":378},"11":{"name":"handleKeyDown","decl":{"start":{"line":413,"column":4},"end":{"line":436,"column":5}},"loc":{"start":{"line":413,"column":4},"end":{"line":436,"column":5}},"line":413},"12":{"name":"saveAsJson","decl":{"start":{"line":446,"column":21},"end":{"line":456,"column":4}},"loc":{"start":{"line":446,"column":21},"end":{"line":456,"column":4}},"line":446},"13":{"name":"loadFromJson","decl":{"start":{"line":463,"column":23},"end":{"line":487,"column":4}},"loc":{"start":{"line":463,"column":23},"end":{"line":487,"column":4}},"line":463},"14":{"name":"exportToImage","decl":{"start":{"line":493,"column":24},"end":{"line":545,"column":4}},"loc":{"start":{"line":493,"column":24},"end":{"line":545,"column":4}},"line":493},"15":{"name":"saveToolboxAsJson","decl":{"start":{"line":551,"column":28},"end":{"line":562,"column":4}},"loc":{"start":{"line":551,"column":28},"end":{"line":562,"column":4}},"line":551},"16":{"name":"loadToolboxFromJson","decl":{"start":{"line":569,"column":30},"end":{"line":592,"column":4}},"loc":{"start":{"line":569,"column":30},"end":{"line":592,"column":4}},"line":569},"17":{"name":"startResizeToolbox","decl":{"start":{"line":599,"column":29},"end":{"line":611,"column":4}},"loc":{"start":{"line":599,"column":29},"end":{"line":611,"column":4}},"line":599},"18":{"name":"startResizeProperties","decl":{"start":{"line":618,"column":32},"end":{"line":630,"column":4}},"loc":{"start":{"line":618,"column":32},"end":{"line":630,"column":4}},"line":618},"19":{"name":"handleZoomIn","decl":{"start":{"line":655,"column":23},"end":{"line":655,"column":70}},"loc":{"start":{"line":655,"column":23},"end":{"line":655,"column":70}},"line":655},"20":{"name":"handleZoomOut","decl":{"start":{"line":660,"column":24},"end":{"line":660,"column":73}},"loc":{"start":{"line":660,"column":24},"end":{"line":660,"column":73}},"line":660},"21":{"name":"handleZoomReset","decl":{"start":{"line":665,"column":26},"end":{"line":665,"column":43}},"loc":{"start":{"line":665,"column":26},"end":{"line":665,"column":43}},"line":665},"22":{"name":"onClick","decl":{"start":{"line":673,"column":21},"end":{"line":673,"column":47}},"loc":{"start":{"line":673,"column":21},"end":{"line":673,"column":47}},"line":673},"23":{"name":"onMouseEnter","decl":{"start":{"line":692,"column":26},"end":{"line":692,"column":54}},"loc":{"start":{"line":692,"column":26},"end":{"line":692,"column":54}},"line":692},"24":{"name":"onMouseLeave","decl":{"start":{"line":693,"column":26},"end":{"line":696,"column":14}},"loc":{"start":{"line":693,"column":26},"end":{"line":696,"column":14}},"line":693},"25":{"name":"onMouseEnter","decl":{"start":{"line":703,"column":28},"end":{"line":703,"column":56}},"loc":{"start":{"line":703,"column":28},"end":{"line":703,"column":56}},"line":703},"26":{"name":"onMouseLeave","decl":{"start":{"line":704,"column":28},"end":{"line":707,"column":16}},"loc":{"start":{"line":704,"column":28},"end":{"line":707,"column":16}},"line":704},"27":{"name":"onClick","decl":{"start":{"line":709,"column":124},"end":{"line":709,"column":187}},"loc":{"start":{"line":709,"column":124},"end":{"line":709,"column":187}},"line":709},"28":{"name":"onClick","decl":{"start":{"line":712,"column":124},"end":{"line":712,"column":170}},"loc":{"start":{"line":712,"column":124},"end":{"line":712,"column":170}},"line":712},"29":{"name":"onMouseEnter","decl":{"start":{"line":717,"column":30},"end":{"line":717,"column":63}},"loc":{"start":{"line":717,"column":30},"end":{"line":717,"column":63}},"line":717},"30":{"name":"onMouseLeave","decl":{"start":{"line":718,"column":30},"end":{"line":718,"column":59}},"loc":{"start":{"line":718,"column":30},"end":{"line":718,"column":59}},"line":718},"31":{"name":"onClick","decl":{"start":{"line":726,"column":130},"end":{"line":726,"column":227}},"loc":{"start":{"line":726,"column":130},"end":{"line":726,"column":227}},"line":726},"32":{"name":"onClick","decl":{"start":{"line":727,"column":130},"end":{"line":727,"column":227}},"loc":{"start":{"line":727,"column":130},"end":{"line":727,"column":227}},"line":727},"33":{"name":"onClick","decl":{"start":{"line":728,"column":130},"end":{"line":728,"column":227}},"loc":{"start":{"line":728,"column":130},"end":{"line":728,"column":227}},"line":728},"34":{"name":"onClick","decl":{"start":{"line":729,"column":130},"end":{"line":729,"column":227}},"loc":{"start":{"line":729,"column":130},"end":{"line":729,"column":227}},"line":729},"35":{"name":"onMouseEnter","decl":{"start":{"line":748,"column":26},"end":{"line":748,"column":57}},"loc":{"start":{"line":748,"column":26},"end":{"line":748,"column":57}},"line":748},"36":{"name":"onMouseLeave","decl":{"start":{"line":749,"column":26},"end":{"line":749,"column":52}},"loc":{"start":{"line":749,"column":26},"end":{"line":749,"column":52}},"line":749},"37":{"name":"onMouseEnter","decl":{"start":{"line":756,"column":28},"end":{"line":756,"column":59}},"loc":{"start":{"line":756,"column":28},"end":{"line":756,"column":59}},"line":756},"38":{"name":"onMouseLeave","decl":{"start":{"line":757,"column":28},"end":{"line":757,"column":54}},"loc":{"start":{"line":757,"column":28},"end":{"line":757,"column":54}},"line":757},"39":{"name":"onClick","decl":{"start":{"line":759,"column":124},"end":{"line":759,"column":177}},"loc":{"start":{"line":759,"column":124},"end":{"line":759,"column":177}},"line":759},"40":{"name":"onClick","decl":{"start":{"line":762,"column":124},"end":{"line":762,"column":190}},"loc":{"start":{"line":762,"column":124},"end":{"line":762,"column":190}},"line":762},"41":{"name":"onClick","decl":{"start":{"line":765,"column":124},"end":{"line":765,"column":177}},"loc":{"start":{"line":765,"column":124},"end":{"line":765,"column":177}},"line":765},"42":{"name":"onMouseEnter","decl":{"start":{"lin
[...]
147,"column":0},"end":{"line":147,"column":28}},"147":{"start":{"line":148,"column":0},"end":{"line":148,"column":36}},"148":{"start":{"line":149,"column":0},"end":{"line":149,"column":37}},"149":{"start":{"line":150,"column":0},"end":{"line":150,"column":82}},"150":{"start":{"line":151,"column":0},"end":{"line":151,"column":74}},"151":{"start":{"line":152,"column":0},"end":{"line":152,"column":26}},"152":{"start":{"line":153,"column":0},"end":{"line":153,"column":42}},"153":{"start":{"line":154,"column":0},"end":{"line":154,"column":29}},"154":{"start":{"line":155,"column":0},"end":{"line":155,"column":84}},"155":{"start":{"line":156,"column":0},"end":{"line":156,"column":76}},"156":{"start":{"line":157,"column":0},"end":{"line":157,"column":26}},"157":{"start":{"line":158,"column":0},"end":{"line":158,"column":31}},"158":{"start":{"line":159,"column":0},"end":{"line":159,"column":26}},"160":{"start":{"line":161,"column":0},"end":{"line":161,"column":19}},"161":{"start":{"line":162,"column":0},"end":{"line":162,"column":20}},"162":{"start":{"line":163,"column":0},"end":{"line":163,"column":18}},"164":{"start":{"line":165,"column":0},"end":{"line":165,"column":14}},"165":{"start":{"line":166,"column":0},"end":{"line":166,"column":9}},"166":{"start":{"line":167,"column":0},"end":{"line":167,"column":13}},"167":{"start":{"line":168,"column":0},"end":{"line":168,"column":200}},"168":{"start":{"line":169,"column":0},"end":{"line":169,"column":43}},"169":{"start":{"line":170,"column":0},"end":{"line":170,"column":29}},"171":{"start":{"line":172,"column":0},"end":{"line":172,"column":26}},"173":{"start":{"line":174,"column":0},"end":{"line":174,"column":15}},"175":{"start":{"line":176,"column":0},"end":{"line":176,"column":22}},"176":{"start":{"line":177,"column":0},"end":{"line":177,"column":12}},"177":{"start":{"line":178,"column":0},"end":{"line":178,"column":123}},"178":{"start":{"line":179,"column":0},"end":{"line":179,"column":46}},"180":{"start":{"line":181,"column":0},"end":{"line":181,"column":15}},"181":{"start":{"line":182,"column":0},"end":{"line":182,"column":81}},"182":{"start":{"line":183,"column":0},"end":{"line":183,"column":48}},"184":{"start":{"line":185,"column":0},"end":{"line":185,"column":71}},"186":{"start":{"line":187,"column":0},"end":{"line":187,"column":18}},"187":{"start":{"line":188,"column":0},"end":{"line":188,"column":39}},"188":{"start":{"line":189,"column":0},"end":{"line":189,"column":19}},"189":{"start":{"line":190,"column":0},"end":{"line":190,"column":86}},"191":{"start":{"line":192,"column":0},"end":{"line":192,"column":24}},"192":{"start":{"line":193,"column":0},"end":{"line":193,"column":22}},"193":{"start":{"line":194,"column":0},"end":{"line":194,"column":29}},"194":{"start":{"line":195,"column":0},"end":{"line":195,"column":41}},"195":{"start":{"line":196,"column":0},"end":{"line":196,"column":34}},"196":{"start":{"line":197,"column":0},"end":{"line":197,"column":74}},"198":{"start":{"line":199,"column":0},"end":{"line":199,"column":35}},"199":{"start":{"line":200,"column":0},"end":{"line":200,"column":18}},"200":{"start":{"line":201,"column":0},"end":{"line":201,"column":20}},"202":{"start":{"line":203,"column":0},"end":{"line":203,"column":19}},"203":{"start":{"line":204,"column":0},"end":{"line":204,"column":86}},"205":{"start":{"line":206,"column":0},"end":{"line":206,"column":24}},"206":{"start":{"line":207,"column":0},"end":{"line":207,"column":22}},"207":{"start":{"line":208,"column":0},"end":{"line":208,"column":29}},"208":{"start":{"line":209,"column":0},"end":{"line":209,"column":42}},"209":{"start":{"line":210,"column":0},"end":{"line":210,"column":34}},"210":{"start":{"line":211,"column":0},"end":{"line":211,"column":75}},"212":{"start":{"line":213,"column":0},"end":{"line":213,"column":52}},"213":{"start":{"line":214,"column":0},"end":{"line":214,"column":35}},"214":{"start":{"line":215,"column":0},"end":{"line":215,"column":18}},"215":{"start":{"line":216,"column":0},"end":{"line":216,"column":20}},"217":{"start":{"line":218,"column":0},"end":{"line":218,"column":19}},"218":{"start":{"line":219,"column":0},"end":{"line":219,"column":86}},"220":{"start":{"line":221,"column":0},"end":{"line":221,"column":24}},"221":{"start":{"line":222,"column":0},"end":{"line":222,"column":25}},"222":{"start":{"line":223,"column":0},"end":{"line":223,"column":44}},"223":{"start":{"line":224,"column":0},"end":{"line":224,"column":34}},"224":{"start":{"line":225,"column":0},"end":{"line":225,"column":77}},"226":{"start":{"line":227,"column":0},"end":{"line":227,"column":83}},"227":{"start":{"line":228,"column":0},"end":{"line":228,"column":57}},"228":{"start":{"line":229,"column":0},"end":{"line":229,"column":18}},"229":{"start":{"line":230,"column":0},"end":{"line":230,"column":20}},"231":{"start":{"line":232,"column":0},"end":{"line":232,"column":19}},"232":{"start":{"line":233,"column":0},"end":{"line":233,"column":86}},"234":{"start":{"line":235,"column":0},"end":{"line":235,"column":24}},"235":{"start":{"line":236,"column":0},"end":{"line":236,"column":25}},"236":{"start":{"line":237,"column":0},"end":{"line":237,"column":42}},"237":{"start":{"line":238,"column":0},"end":{"line":238,"column":34}},"238":{"start":{"line":239,"column":0},"end":{"line":239,"column":75}},"240":{"start":{"line":241,"column":0},"end":{"line":241,"column":50}},"241":{"start":{"line":242,"column":0},"end":{"line":242,"column":57}},"242":{"start":{"line":243,"column":0},"end":{"line":243,"column":18}},"243":{"start":{"line":244,"column":0},"end":{"line":244,"column":20}},"245":{"start":{"line":246,"column":0},"end":{"line":246,"column":54}},"246":{"start":{"line":247,"column":0},"end":{"line":247,"column":21}},"247":{"start":{"line":248,"column":0},"end":{"line":248,"column":88}},"249":{"start":{"line":250,"column":0},"end":{"line":250,"column":26}},"250":{"start":{"line":251,"column":0},"end":{"line":251,"column":24}},"251":{"start":{"line":252,"column":0},"end":{"line":252,"column":33}},"252":{"start":{"line":253,"column":0},"end":{"line":253,"column":44}},"253":{"start":{"line":254,"column":0},"end":{"line":254,"column":36}},"254":{"start":{"line":255,"column":0},"end":{"line":255,"column":85}},"256":{"start":{"line":257,"column":0},"end":{"line":257,"column":37}},"257":{"start":{"line":258,"column":0},"end":{"line":258,"column":20}},"258":{"start":{"line":259,"column":0},"end":{"line":259,"column":22}},"260":{"start":{"line":261,"column":0},"end":{"line":261,"column":21}},"261":{"start":{"line":262,"column":0},"end":{"line":262,"column":88}},"263":{"start":{"line":264,"column":0},"end":{"line":264,"column":26}},"264":{"start":{"line":265,"column":0},"end":{"line":265,"column":24}},"265":{"start":{"line":266,"column":0},"end":{"line":266,"column":33}},"266":{"start":{"line":267,"column":0},"end":{"line":267,"column":45}},"267":{"start":{"line":268,"column":0},"end":{"line":268,"column":36}},"268":{"start":{"line":269,"column":0},"end":{"line":269,"column":86}},"270":{"start":{"line":271,"column":0},"end":{"line":271,"column":37}},"271":{"start":{"line":272,"column":0},"end":{"line":272,"column":20}},"272":{"start":{"line":273,"column":0},"end":{"line":273,"column":22}},"273":{"start":{"line":274,"column":0},"end":{"line":274,"column":20}},"274":{"start":{"line":275,"column":0},"end":{"line":275,"column":18}},"276":{"start":{"line":277,"column":0},"end":{"line":277,"column":57}},"277":{"start":{"line":278,"column":0},"end":{"line":278,"column":21}},"278":{"start":{"line":279,"column":0},"end":{"line":279,"column":158}},"279":{"start":{"line":280,"column":0},"end":{"line":280,"column":32}},"280":{"start":{"line":281,"column":0},"end":{"line":281,"column":47}},"281":{"start":{"line":282,"column":0},"end":{"line":282,"column":55}},"282":{"start":{"line":283,"column":0},"end":{"line":283,"column":28}},"283":{"start":{"line":284,"column":0},"end":{"line":284,"column":21}},"284":{"start":{"line":285,"column":0},"end":{"line":285,"column":36}},"285":{"start":{"line":286,"column":0},"end":{"line":286,"column":25}},"286":{"start":{"line":287,"column":0},"end":{"line":287,"column":39}},"287":{"start":{"line":288,"column":0},"end":{"line":288,"column":40}},"288":{"start":{"line":289,"column":0},"end":{"line":289,"column":49}},"289":{"start":{"line":290,"column":0},"end":{"line":290,"column":29}},"290":{"start":{"line":291,"column":0},"end":{"line":291,"column":63}},"291":{"start":{"line":292,"column":0},"end":{"line":292,"column":37}},"292":{"start":{"line":293,"column":0},"end":{"line":293,"column":21}},"293":{"start":{"line":294,"column":0},"end":{"line":294,"column":33}},"294":{"start":{"line":295,"column":0},"end":{"line":295,"column":36}},"295":{"start":{"line":296,"column":0},"end":{"line":296,"column":35}},"296":{"start":{"line":297,"column":0},"end":{"line":297,"column":39}},"297":{"start":{"line":298,"column":0},"end":{"line":298,"column":83}},"298":{"start":{"line":299,"column":0},"end":{"line":299,"column":30}},"299":{"start":{"line":300,"column":0},"end":{"line":300,"column":31}},"300":{"start":{"line":301,"column":0},"end":{"line":301,"column":21}},"301":{"start":{"line":302,"column":0},"end":{"line":302,"column":39}},"302":{"start":{"line":303,"column":0},"end":{"line":303,"column":18}},"303":{"start":{"line":304,"column":0},"end":{"line":304,"column":15}},"305":{"start":{"line":306,"column":0},"end":{"line":306,"column":23}},"306":{"start":{"line":307,"column":0},"end":{"line":307,"column":21}},"307":{"start":{"line":308,"column":0},"end":{"line":308,"column":162}},"308":{"start":{"line":309,"column":0},"end":{"line":309,"column":52}},"309":{"start":{"line":310,"column":0},"end":{"line":310,"column":15}},"311":{"start":{"line":312,"column":0},"end":{"line":312,"column":23}},"312":{"start":{"line":313,"column":0},"end":{"line":313,"column":18}},"313":{"start":{"line":314,"column":0},"end":{"line":314,"column":16}},"314":{"start":{"line":315,"column":0},"end":{"line":315,"column":14}},"316":{"start":{"line":317,"column":0},"end":{"line":317,"column":10}},"318":{"start":{"line":319,"column":0},"end":{"line":319,"column":2}},"323":{"start":{"line":324,"column":0},"end":{"line":324,"column":23}}},"s":{"0":1,"1":1,"2":1,"11":9,"12":9,"13":15,"14":15,"15":15,"16":15,"17":9,"18":9,"59":1,"60":9,"61":9,"62":9,"63":9,"64":9,"65":9,"67":9,"68":9,"69":9,"71":9,"72":9,"73":9,"74":9,"75":9,"76":9,"77":9,"78":9,"81":9,"83":9,"84":9,"85":10,"86":10,"87":9,"88":9,"90":9,"91":1,"92":1,"93":1,"94":1,"95":1,"97":9,"98":9,"99":9,"101":9,"102":9,"103":10,"104":10,"105":10,"107":10,"108":10,"109":10,"111":10,"112":10,"113":10,"114":10,"115":10,"116":10,"117":9,"118":9,"119":9,"120":14,"121":14,"122":14,"123":14,"124":14,"125":1,"126":1,"127":1,"128":1,"129":1,"130":1,"131":1,"132":1,"133":1,"134":1,"135":14,"136":14,"137":14,"140":14,"141":14,"142":14,"145":14,"146":0,"147":0,"148":0,"149":0,"150":0,"151":0,"152":14,"153":0,"154":0,"155":0,"156":0,"157":14,"158":14,"160":9,"161":9,"162":9,"164":10,"165":9,"166":9,"167":9,"168":9,"169":9,"171":9,"173":9,"175":9,"176":0,"177":0,"178":0,"180":0,"181":0,"182":0,"184":0,"186":0,"187":0,"188":0,"189":0,"191":0,"192":0,"193":0,"194":0,"195":0,"196":0,"198":0,"199":0,"200":0,"202":0,"203":0,"205":0,"206":0,"207":0,"208":0,"209":0,"210":0,"212":0,"213":0,"214":0,"215":0,"217":0,"218":0,"220":0,"221":0,"222":0,"223":0,"224":0,"226":0,"227":0,"228":0,"229":0,"231":0,"232":0,"234":0,"235":0,"236":0,"237":0,"238":0,"240":0,"241":0,"242":0,"243":0,"245":0,"246":0,"247":0,"249":0,"250":0,"251":0,"252":0,"253":0,"254":0,"256":0,"257":0,"258":0,"260":0,"261":0,"263":0,"264":0,"265":0,"266":0,"267":0,"268":0,"270":0,"271":0,"272":0,"273":0,"274":0,"276":0,"277":0,"278":0,"279":0,"280":0,"281":0,"282":0,"283":0,"284":0,"285":0,"286":0,"287":0,"288":0,"289":0,"290":0,"291":0,"292":0,"293":0,"294":0,"295":0,"296":0,"297":0,"298":0,"299":0,"300":0,"301":0,"302":0,"303":0,"305":0,"306":0,"307":0,"308":0,"309":0,"311":0,"312":0,"313":0,"314":0,"316":9,"318":9,"323":1},"branchMap":{"0":{"type":"branch","line":12,"loc":{"start":{"line":12,"column":0},"end":{"line":19,"column":1}},"locations":[{"start":{"line":12,"column":0},"end":{"line":19,"column":1}}]},"1":{"type":"branch","line":13,"loc":{"start":{"line":13,"column":20},"end":{"line":18,"column":5}},"locations":[{"start":{"line":13,"column":20},"end":{"line":18,"column":5}}]},"2":{"type":"branch","line":14,"loc":{"start":{"line":14,"column":26},"end":{"line":14,"column":39}},"locations":[{"start":{"line":14,"column":26},"end":{"line":14,"column":39}}]},"3":{"type":"branch","line":15,"loc":{"start":{"line":15,"column":21},"end":{"line":15,"column":37}},"locations":[{"start":{"line":15,"column":21},"end":{"line":15,"column":37}}]},"4":{"type":"branch","line":60,"loc":{"start":{"line":60,"column":40},"end":{"line":319,"column":2}},"locations":[{"start":{"line":60,"column":40},"end":{"line":319,"column":2}}]},"5":{"type":"branch","line":69,"loc":{"start":{"line":69,"column":40},"end":{"line":69,"column":69}},"locations":[{"start":{"line":69,"column":40},"end":{"line":69,"column":69}}]},"6":{"type":"branch","line":70,"loc":{"start":{"line":70,"column":24},"end":{"line":70,"column":64}},"locations":[{"start":{"line":70,"column":24},"end":{"line":70,"column":64}}]},"7":{"type":"branch","line":176,"loc":{"start":{"line":176,"column":7},"end":{"line":315,"column":14}},"locations":[{"start":{"line":176,"column":7},"end":{"line":315,"column":14}}]},"8":{"type":"branch","line":82,"loc":{"start":{"line":82,"column":42},"end":{"line":82,"column":71}},"locations":[{"start":{"line":82,"column":42},"end":{"line":82,"column":71}}]},"9":{"type":"branch","line":82,"loc":{"start":{"line":82,"column":55},"end":{"line":82,"column":71}},"locations":[{"start":{"line":82,"column":55},"end":{"line":82,"column":71}}]},"10":{"type":"branch","line":85,"loc":{"start":{"line":85,"column":32},"end":{"line":88,"column":7}},"locations":[{"start":{"line":85,"column":32},"end":{"line":88,"column":7}}]},"11":{"type":"branch","line":91,"loc":{"start":{"line":91,"column":22},"end":{"line":96,"column":4}},"locations":[{"start":{"line":91,"column":22},"end":{"line":96,"column":4}}]},"12":{"type":"branch","line":92,"loc":{"start":{"line":92,"column":23},"end":{"line":95,"column":6}},"locations":[{"start":{"line":92,"column":23},"end":{"line":95,"column":6}}]},"13":{"type":"branch","line":103,"loc":{"start":{"line":103,"column":35},"end":{"line":165,"column":14}},"locations":[{"start":{"line":103,"column":35},"end":{"line":165,"column":14}}]},"14":{"type":"branch","line":106,"loc":{"start":{"line":106,"column":57},"end":{"line":106,"column":75}},"locations":[{"start":{"line":106,"column":57},"end":{"line":106,"column":75}}]},"15":{"type":"branch","line":106,"loc":{"start":{"line":106,"column":61},"end":{"line":106,"column":77}},"locations":[{"start":{"line":106,"column":61},"end":{"line":106,"column":77}}]},"16":{"type":"branch","line":113,"loc":{"start":{"line":113,"column":36},"end":{"line":113,"column":46}},"locations":[{"start":{"line":113,"column":36},"end":{"line":113,"column":46}}]},"17":{"type":"branch","line":113,"loc":{"start":{"line":113,"column":40},"end":{"line":113,"column":50}},"locations":[{"start":{"line":113,"column":40},"end":{"line":113,"column":50}}]},"18":{"type":"branch","line":117,"loc":{"start":{"line":117,"column":33},"end":{"line":163,"column":18}},"locations":[{"start":{"line":117,"column":33},"end":{"line":163,"column":18}}]},"19":{"type":"branch","line":110,"loc":{"start":{"line":110,"column":21},"end":{"line":110,"column":46}},"locations":[{"start":{"line":110,"column":21},"end":{"line":110,"column":46}}]},"20":{"type":"branch","line":120,"loc":{"start":{"line":120,"column":27},"end":{"line":161,"column":17}},"locations":[{"start":{"line":120,"column":27},"end":{"line":161,"column":17}}]},"21":{"type":"branch","line":146,"loc":{"start":{"line":146,"column":40},"end":{"line":146,"column":67}},"locations":[{"start":{"line":146,"column":40},"end":{"line":146,"column":67}}]},"22":{"type":"branch","line":146,"loc":{"start":{"line":146,"column":58},"end":{"line":152,"column":26}},"locations":[{"start":{"line":146,"column":58},"end":{"line":152,"column":26}}]},"23":{"type":"branch","line":153,"loc":{"start":{"line":153,"column":31},"end":{"line":157,"column":26}},"locations":[{"start":{"line":153,"column":31},"end":{"line":157,"column":26}}]},"24":{"type":"branch","line":125,"loc":{"start":{"line":125,"column":35},"end":{"line":135,"column":24}},"locations":[{"start":{"line":125,"column":35},"end":{"line":135,"column":24}}]}},"b":{"0":[9],"1":[15],"2":[0],"3":[10],"4":[9],"5":[0],"6":[8],"7":[0],"8":[15],"9":[1],"10":[10],"11":[1],"12":[1],"13":[10],"14":[1],"15":[9],"16":[1],"17":[9],"18":[9],"19":[1],"20":[14],"21":[0],"22":[0],"23":[0],"24":[1]},"fnMap":{"0":{"name":"groupBy","decl":{"start":{"line":12,"column":0},"end":{"line":19,"column":1}},"loc":{"start":{"line":12,"column":0},"end":{"line":19,"column":1}},"line":12},"1":{"name":"Toolbox","decl":{"start":{"line":60,"column":40},"end":{"line":319,"column":2}},"loc":{"start":{"line":60,"column":40},"end":{"line":319,"column":2}},"line":60},"2":{"name":"toggleGroup","decl":{"start":{"line":91,"column":22},"end":{"line":96,"column":4}},"loc":{"start":{"line":91,"column":22},"end":{"line":96,"column":4}},"line":91},"3":{"name":"onClick","decl":{"start":{"line":110,"column":21},"end":{"line":110,"column":46}},"loc":{"start":{"line":110,"column":21},"end":{"line":110,"column":46}},"line":110},"4":{"name":"onDragStart","decl":{"start":{"line":125,"column":35},"end":{"line":135,"column":24}},"loc":{"start":{"line":125,"column":35},"end":{"line":135,"column":24}},"line":125},"5":{"name":"onDragEnd","decl":{"start":{"line":136,"column":33},"end":{"line":136,"column":60}},"loc":{"start":{"line":136,"column":33},"end":{"line":136,"column":60}},"line":136},"6":{"name":"onClick","decl":{"start":{"line":169,"column":17},"end":{"line":169,"column":43}},"loc":{"start":{"line":169,"column":17},"end":{"line":169,"column":43}},"line":169},"7":{"name":"onClick","decl":{"start":{"line":179,"column":19},"end":{"line":179,"column":46}},"loc":{"start":{"line":179,"column":19},"end":{"line":179,"column":46}},"line":179},"8":{"name":"onClick","decl":{"start":{"line":183,"column":21},"end":{"line":183,"column":48}},"loc":{"start":{"line":183,"column":21},"end":{"line":183,"column":48}},"line":183},"9":{"name":"onChange","decl":{"start":{"line":196,"column":28},"end":{"line":197,"column":74}},"loc":{"start":{"line":196,"column":28},"end":{"line":197,"column":74}},"line":196},"10":{"name":"onChange","decl":{"start":{"line":210,"column":28},"end":{"line":211,"column":75}},"loc":{"start":{"line":210,"column":28},"end":{"line":211,"column":75}},"line":210},"11":{"name":"onChange","decl":{"start":{"line":224,"column":28},"end":{"line":225,"column":77}},"loc":{"start":{"line":224,"column":28},"end":{"line":225,"column":77}},"line":224},"12":{"name":"onChange","decl":{"start":{"line":238,"column":28},"end":{"line":239,"column":75}},"loc":{"start":{"line":238,"column":28},"end":{"line":239,"column":75}},"line":238},"13":{"name":"onChange","decl":{"start":{"line":254,"column":30},"end":{"line":255,"column":85}},"loc":{"start":{"line":254,"column":30},"end":{"line":255,"column":85}},"line":254},"14":{"name":"onChange","decl":{"start":{"line":268,"column":30},"end":{"line":269,"column":86}},"loc":{"start":{"line":268,"column":30},"end":{"line":269,"column":86}},"line":268},"15":{"name":"onClick","decl":{"start":{"line":280,"column":25},"end":{"line":303,"column":18}},"loc":{"start":{"line":280,"column":25},"end":{"line":303,"column":18}},"line":280},"16":{"name":"onClick","decl":{"start":{"line":309,"column":25},"end":{"line":309,"column":52}},"loc":{"start":{"line":309,"column":25},"end":{"line":309,"column":52}},"line":309}},"f":{"0":9,"1":9,"2":1,"3":1,"4":1,"5":0,"6":0,"7":0,"8":0,"9":0,"10":0,"11":0,"12":0,"13":0,"14":0,"15":0,"16":0}}
}
