TN:
SF:src/vite.config.ts
FNF:0
FNH:0
DA:1,0
DA:2,0
DA:5,0
LF:3
LH:0
BRF:0
BRH:0
end_of_record
TN:
SF:src/components/Button.tsx
FN:3,(anonymous_1)
FNF:1
FNH:0
FNDA:0,(anonymous_1)
DA:3,0
DA:5,0
DA:7,0
DA:18,0
LF:4
LH:0
BRDA:5,0,0,0
BRDA:5,0,1,0
BRF:2
BRH:0
end_of_record
TN:
SF:src/components/Card.tsx
FN:3,(anonymous_1)
FN:20,(anonymous_2)
FNF:2
FNH:0
FNDA:0,(anonymous_1)
FNDA:0,(anonymous_2)
DA:3,0
DA:20,0
DA:21,0
LF:3
LH:0
BRDA:13,0,0,0
BRDA:13,0,1,0
BRF:2
BRH:0
end_of_record
TN:
SF:src/components/DrawArea.tsx
FN:90,(anonymous_0)
FN:102,(anonymous_1)
FN:105,(anonymous_2)
FN:106,(anonymous_3)
FN:155,(anonymous_4)
FN:156,(anonymous_5)
FN:157,(anonymous_6)
FN:158,(anonymous_7)
FN:162,(anonymous_8)
FN:163,(anonymous_9)
FN:167,(anonymous_10)
FN:168,(anonymous_11)
FN:169,(anonymous_12)
FN:175,(anonymous_13)
FN:176,(anonymous_14)
FN:178,(anonymous_15)
FN:180,(anonymous_16)
FN:184,(anonymous_17)
FN:185,(anonymous_18)
FN:192,(anonymous_19)
FN:193,(anonymous_20)
FN:193,(anonymous_21)
FN:197,(anonymous_22)
FN:208,(anonymous_23)
FN:216,(anonymous_24)
FN:220,handleKeyDown
FN:223,(anonymous_26)
FN:223,(anonymous_27)
FN:243,(anonymous_28)
FN:252,(anonymous_29)
FN:260,pushToHistoryAndSetElements
FN:261,(anonymous_31)
FN:261,(anonymous_32)
FN:271,isElementInSelection
FN:289,handlePointerDown
FN:295,(anonymous_35)
FN:317,(anonymous_36)
FN:333,renderSelectionRectangle
FN:367,handleSvgPointerDown
FN:414,(anonymous_39)
FN:436,(anonymous_40)
FN:468,(anonymous_41)
FN:469,(anonymous_42)
FN:478,(anonymous_43)
FN:487,(anonymous_44)
FN:516,handlePanMove
FN:522,(anonymous_46)
FN:533,handlePanUp
FN:546,handlePointerMove
FN:553,(anonymous_49)
FN:553,(anonymous_50)
FN:569,(anonymous_51)
FN:570,(anonymous_52)
FN:597,handlePointerUp
FN:609,renderGrid
FN:612,(anonymous_55)
FN:623,(anonymous_56)
FN:643,handleDrop
FN:653,(anonymous_58)
FN:671,createCenteredElement
FN:742,copySelectedElements
FN:743,(anonymous_61)
FN:751,(anonymous_62)
FN:807,cutSelectedElements
FN:808,(anonymous_64)
FN:816,(anonymous_65)
FN:846,(anonymous_66)
FN:846,(anonymous_67)
FN:874,calculateElementsBounds
FN:884,(anonymous_69)
FN:923,pasteElements
FN:957,(anonymous_71)
FN:978,(anonymous_72)
FN:987,(anonymous_73)
FN:1003,(anonymous_74)
FN:1006,(anonymous_75)
FN:1023,handleContextMenu
FN:1055,(anonymous_77)
FN:1064,(anonymous_78)
FN:1071,(anonymous_79)
FN:1072,(anonymous_80)
FN:1072,(anonymous_81)
FN:1079,(anonymous_82)
FN:1097,(anonymous_83)
FN:1103,(anonymous_84)
FNF:85
FNH:0
FNDA:0,(anonymous_0)
FNDA:0,(anonymous_1)
FNDA:0,(anonymous_2)
FNDA:0,(anonymous_3)
FNDA:0,(anonymous_4)
FNDA:0,(anonymous_5)
FNDA:0,(anonymous_6)
FNDA:0,(anonymous_7)
FNDA:0,(anonymous_8)
FNDA:0,(anonymous_9)
FNDA:0,(anonymous_10)
FNDA:0,(anonymous_11)
FNDA:0,(anonymous_12)
FNDA:0,(anonymous_13)
FNDA:0,(anonymous_14)
FNDA:0,(anonymous_15)
FNDA:0,(anonymous_16)
FNDA:0,(anonymous_17)
FNDA:0,(anonymous_18)
FNDA:0,(anonymous_19)
FNDA:0,(anonymous_20)
FNDA:0,(anonymous_21)
FNDA:0,(anonymous_22)
FNDA:0,(anonymous_23)
FNDA:0,(anonymous_24)
FNDA:0,handleKeyDown
FNDA:0,(anonymous_26)
FNDA:0,(anonymous_27)
FNDA:0,(anonymous_28)
FNDA:0,(anonymous_29)
FNDA:0,pushToHistoryAndSetElements
FNDA:0,(anonymous_31)
FNDA:0,(anonymous_32)
FNDA:0,isElementInSelection
FNDA:0,handlePointerDown
FNDA:0,(anonymous_35)
FNDA:0,(anonymous_36)
FNDA:0,renderSelectionRectangle
FNDA:0,handleSvgPointerDown
FNDA:0,(anonymous_39)
FNDA:0,(anonymous_40)
FNDA:0,(anonymous_41)
FNDA:0,(anonymous_42)
FNDA:0,(anonymous_43)
FNDA:0,(anonymous_44)
FNDA:0,handlePanMove
FNDA:0,(anonymous_46)
FNDA:0,handlePanUp
FNDA:0,handlePointerMove
FNDA:0,(anonymous_49)
FNDA:0,(anonymous_50)
FNDA:0,(anonymous_51)
FNDA:0,(anonymous_52)
FNDA:0,handlePointerUp
FNDA:0,renderGrid
FNDA:0,(anonymous_55)
FNDA:0,(anonymous_56)
FNDA:0,handleDrop
FNDA:0,(anonymous_58)
FNDA:0,createCenteredElement
FNDA:0,copySelectedElements
FNDA:0,(anonymous_61)
FNDA:0,(anonymous_62)
FNDA:0,cutSelectedElements
FNDA:0,(anonymous_64)
FNDA:0,(anonymous_65)
FNDA:0,(anonymous_66)
FNDA:0,(anonymous_67)
FNDA:0,calculateElementsBounds
FNDA:0,(anonymous_69)
FNDA:0,pasteElements
FNDA:0,(anonymous_71)
FNDA:0,(anonymous_72)
FNDA:0,(anonymous_73)
FNDA:0,(anonymous_74)
FNDA:0,(anonymous_75)
FNDA:0,handleContextMenu
FNDA:0,(anonymous_77)
FNDA:0,(anonymous_78)
FNDA:0,(anonymous_79)
FNDA:0,(anonymous_80)
FNDA:0,(anonymous_81)
FNDA:0,(anonymous_82)
FNDA:0,(anonymous_83)
FNDA:0,(anonymous_84)
DA:13,0
DA:14,0
DA:90,0
DA:99,0
DA:102,0
DA:103,0
DA:105,0
DA:106,0
DA:110,0
DA:112,0
DA:114,0
DA:116,0
DA:118,0
DA:120,0
DA:122,0
DA:124,0
DA:126,0
DA:128,0
DA:131,0
DA:133,0
DA:135,0
DA:137,0
DA:140,0
DA:142,0
DA:144,0
DA:147,0
DA:149,0
DA:155,0
DA:156,0
DA:157,0
DA:159,0
DA:162,0
DA:163,0
DA:165,0
DA:167,0
DA:168,0
DA:170,0
DA:171,0
DA:172,0
DA:175,0
DA:177,0
DA:178,0
DA:180,0
DA:184,0
DA:185,0
DA:192,0
DA:193,0
DA:197,0
DA:198,0
DA:199,0
DA:200,0
DA:201,0
DA:208,0
DA:209,0
DA:216,0
DA:218,0
DA:222,0
DA:223,0
DA:224,0
DA:225,0
DA:226,0
DA:230,0
DA:231,0
DA:232,0
DA:236,0
DA:237,0
DA:238,0
DA:242,0
DA:243,0
DA:244,0
DA:245,0
DA:246,0
DA:247,0
DA:251,0
DA:252,0
DA:261,0
DA:262,0
DA:272,0
DA:273,0
DA:274,0
DA:275,0
DA:277,0
DA:290,0
DA:292,0
DA:293,0
DA:295,0
DA:299,0
DA:303,0
DA:305,0
DA:307,0
DA:308,0
DA:309,0
DA:315,0
DA:316,0
DA:317,0
DA:318,0
DA:319,0
DA:326,0
DA:327,0
DA:334,0
DA:340,0
DA:342,0
DA:343,0
DA:344,0
DA:345,0
DA:347,0
DA:349,0
DA:368,0
DA:370,0
DA:371,0
DA:372,0
DA:376,0
DA:378,0
DA:379,0
DA:380,0
DA:381,0
DA:382,0
DA:383,0
DA:384,0
DA:387,0
DA:388,0
DA:389,0
DA:390,0
DA:392,0
DA:393,0
DA:394,0
DA:395,0
DA:397,0
DA:400,0
DA:401,0
DA:402,0
DA:404,0
DA:405,0
DA:406,0
DA:410,0
DA:411,0
DA:414,0
DA:416,0
DA:417,0
DA:418,0
DA:421,0
DA:422,0
DA:424,0
DA:425,0
DA:426,0
DA:427,0
DA:429,0
DA:432,0
DA:433,0
DA:436,0
DA:437,0
DA:439,0
DA:441,0
DA:442,0
DA:444,0
DA:451,0
DA:454,0
DA:456,0
DA:457,0
DA:458,0
DA:459,0
DA:460,0
DA:461,0
DA:462,0
DA:465,0
DA:468,0
DA:469,0
DA:471,0
DA:473,0
DA:475,0
DA:476,0
DA:477,0
DA:478,0
DA:479,0
DA:481,0
DA:485,0
DA:486,0
DA:487,0
DA:488,0
DA:490,0
DA:496,0
DA:497,0
DA:498,0
DA:499,0
DA:500,0
DA:501,0
DA:502,0
DA:503,0
DA:507,0
DA:508,0
DA:509,0
DA:517,0
DA:519,0
DA:520,0
DA:522,0
DA:527,0
DA:534,0
DA:535,0
DA:536,0
DA:537,0
DA:547,0
DA:548,0
DA:549,0
DA:550,0
DA:552,0
DA:553,0
DA:554,0
DA:558,0
DA:559,0
DA:562,0
DA:563,0
DA:566,0
DA:567,0
DA:569,0
DA:570,0
DA:572,0
DA:573,0
DA:574,0
DA:575,0
DA:588,0
DA:598,0
DA:599,0
DA:600,0
DA:601,0
DA:610,0
DA:613,0
DA:624,0
DA:644,0
DA:645,0
DA:646,0
DA:647,0
DA:648,0
DA:649,0
DA:650,0
DA:651,0
DA:652,0
DA:653,0
DA:654,0
DA:655,0
DA:656,0
DA:657,0
DA:658,0
DA:659,0
DA:674,0
DA:676,0
DA:683,0
DA:703,0
DA:705,0
DA:711,0
DA:717,0
DA:723,0
DA:729,0
DA:743,0
DA:745,0
DA:746,0
DA:747,0
DA:751,0
DA:753,0
DA:779,0
DA:783,0
DA:786,0
DA:787,0
DA:792,0
DA:793,0
DA:795,0
DA:799,0
DA:808,0
DA:810,0
DA:811,0
DA:812,0
DA:816,0
DA:817,0
DA:839,0
DA:843,0
DA:846,0
DA:847,0
DA:848,0
DA:849,0
DA:852,0
DA:853,0
DA:859,0
DA:860,0
DA:862,0
DA:866,0
DA:875,0
DA:876,0
DA:879,0
DA:880,0
DA:881,0
DA:882,0
DA:884,0
DA:886,0
DA:889,0
DA:890,0
DA:893,0
DA:894,0
DA:895,0
DA:896,0
DA:898,0
DA:899,0
DA:900,0
DA:901,0
DA:905,0
DA:906,0
DA:909,0
DA:924,0
DA:925,0
DA:926,0
DA:932,0
DA:933,0
DA:934,0
DA:937,0
DA:938,0
DA:939,0
DA:940,0
DA:942,0
DA:943,0
DA:948,0
DA:949,0
DA:950,0
DA:953,0
DA:954,0
DA:957,0
DA:958,0
DA:961,0
DA:978,0
DA:983,0
DA:987,0
DA:988,0
DA:993,0
DA:994,0
DA:997,0
DA:998,0
DA:999,0
DA:1003,0
DA:1006,0
DA:1007,0
DA:1009,0
DA:1010,0
DA:1012,0
DA:1015,0
DA:1024,0
DA:1027,0
DA:1028,0
DA:1030,0
DA:1031,0
DA:1034,0
DA:1035,0
DA:1040,0
DA:1055,0
DA:1065,0
DA:1072,0
DA:1080,0
DA:1082,0
DA:1083,0
DA:1084,0
DA:1085,0
DA:1087,0
DA:1097,0
DA:1104,0
DA:1106,0
DA:1107,0
DA:1108,0
DA:1109,0
DA:1111,0
DA:1134,0
DA:1136,0
LF:367
LH:0
BRDA:94,0,0,0
BRDA:96,1,0,0
BRDA:171,2,0,0
BRDA:171,2,1,0
BRDA:177,3,0,0
BRDA:177,3,1,0
BRDA:218,4,0,0
BRDA:218,4,1,0
BRDA:222,5,0,0
BRDA:222,5,1,0
BRDA:222,6,0,0
BRDA:222,6,1,0
BRDA:226,7,0,0
BRDA:226,7,1,0
BRDA:226,8,0,0
BRDA:226,8,1,0
BRDA:230,9,0,0
BRDA:230,9,1,0
BRDA:230,10,0,0
BRDA:230,10,1,0
BRDA:230,10,2,0
BRDA:230,10,3,0
BRDA:236,11,0,0
BRDA:236,11,1,0
BRDA:236,12,0,0
BRDA:236,12,1,0
BRDA:236,12,2,0
BRDA:236,12,3,0
BRDA:242,13,0,0
BRDA:242,13,1,0
BRDA:242,14,0,0
BRDA:242,14,1,0
BRDA:242,14,2,0
BRDA:242,14,3,0
BRDA:244,15,0,0
BRDA:244,15,1,0
BRDA:277,16,0,0
BRDA:277,16,1,0
BRDA:277,16,2,0
BRDA:277,16,3,0
BRDA:292,17,0,0
BRDA:292,17,1,0
BRDA:292,18,0,0
BRDA:292,18,1,0
BRDA:294,19,0,0
BRDA:294,19,1,0
BRDA:303,20,0,0
BRDA:303,20,1,0
BRDA:303,21,0,0
BRDA:303,21,1,0
BRDA:308,22,0,0
BRDA:308,22,1,0
BRDA:308,23,0,0
BRDA:308,23,1,0
BRDA:310,24,0,0
BRDA:310,24,1,0
BRDA:310,25,0,0
BRDA:310,25,1,0
BRDA:310,26,0,0
BRDA:310,26,1,0
BRDA:310,27,0,0
BRDA:310,27,1,0
BRDA:311,28,0,0
BRDA:311,28,1,0
BRDA:311,29,0,0
BRDA:311,29,1,0
BRDA:311,30,0,0
BRDA:311,30,1,0
BRDA:311,31,0,0
BRDA:311,31,1,0
BRDA:315,32,0,0
BRDA:315,32,1,0
BRDA:318,33,0,0
BRDA:318,33,1,0
BRDA:340,34,0,0
BRDA:340,34,1,0
BRDA:340,35,0,0
BRDA:340,35,1,0
BRDA:340,35,2,0
BRDA:370,36,0,0
BRDA:370,36,1,0
BRDA:370,37,0,0
BRDA:370,37,1,0
BRDA:376,38,0,0
BRDA:376,38,1,0
BRDA:378,39,0,0
BRDA:378,39,1,0
BRDA:387,40,0,0
BRDA:387,40,1,0
BRDA:389,41,0,0
BRDA:389,41,1,0
BRDA:389,42,0,0
BRDA:389,42,1,0
BRDA:390,43,0,0
BRDA:390,43,1,0
BRDA:404,44,0,0
BRDA:404,44,1,0
BRDA:404,45,0,0
BRDA:404,45,1,0
BRDA:406,46,0,0
BRDA:406,46,1,0
BRDA:406,47,0,0
BRDA:406,47,1,0
BRDA:416,48,0,0
BRDA:416,48,1,0
BRDA:416,49,0,0
BRDA:416,49,1,0
BRDA:421,50,0,0
BRDA:421,50,1,0
BRDA:421,51,0,0
BRDA:421,51,1,0
BRDA:422,52,0,0
BRDA:422,52,1,0
BRDA:439,53,0,0
BRDA:439,53,1,0
BRDA:442,54,0,0
BRDA:442,54,1,0
BRDA:454,55,0,0
BRDA:454,55,1,0
BRDA:456,56,0,0
BRDA:456,56,1,0
BRDA:458,57,0,0
BRDA:458,57,1,0
BRDA:458,58,0,0
BRDA:458,58,1,0
BRDA:460,59,0,0
BRDA:460,59,1,0
BRDA:460,60,0,0
BRDA:460,60,1,0
BRDA:473,61,0,0
BRDA:473,61,1,0
BRDA:473,62,0,0
BRDA:473,62,1,0
BRDA:477,63,0,0
BRDA:477,63,1,0
BRDA:479,64,0,0
BRDA:479,64,1,0
BRDA:479,65,0,0
BRDA:479,65,1,0
BRDA:481,66,0,0
BRDA:481,66,1,0
BRDA:481,67,0,0
BRDA:481,67,1,0
BRDA:486,68,0,0
BRDA:486,68,1,0
BRDA:488,69,0,0
BRDA:488,69,1,0
BRDA:488,70,0,0
BRDA:488,70,1,0
BRDA:490,71,0,0
BRDA:490,71,1,0
BRDA:490,72,0,0
BRDA:490,72,1,0
BRDA:517,73,0,0
BRDA:517,73,1,0
BRDA:517,74,0,0
BRDA:517,74,1,0
BRDA:548,75,0,0
BRDA:548,75,1,0
BRDA:549,76,0,0
BRDA:549,76,1,0
BRDA:549,77,0,0
BRDA:549,77,1,0
BRDA:550,78,0,0
BRDA:550,78,1,0
BRDA:552,79,0,0
BRDA:552,79,1,0
BRDA:563,80,0,0
BRDA:563,80,1,0
BRDA:572,81,0,0
BRDA:572,81,1,0
BRDA:574,82,0,0
BRDA:574,82,1,0
BRDA:645,83,0,0
BRDA:645,83,1,0
BRDA:645,84,0,0
BRDA:645,84,1,0
BRDA:646,85,0,0
BRDA:646,85,1,0
BRDA:648,86,0,0
BRDA:648,86,1,0
BRDA:674,87,0,0
BRDA:674,87,1,0
BRDA:676,88,0,0
BRDA:676,88,1,0
BRDA:699,89,0,0
BRDA:699,89,1,0
BRDA:700,90,0,0
BRDA:700,90,1,0
BRDA:703,91,0,0
BRDA:703,91,1,0
BRDA:703,91,2,0
BRDA:703,91,3,0
BRDA:703,91,4,0
BRDA:703,92,0,0
BRDA:703,92,1,0
BRDA:703,93,0,0
BRDA:703,93,1,0
BRDA:745,94,0,0
BRDA:745,94,1,0
BRDA:756,95,0,0
BRDA:756,95,1,0
BRDA:756,96,0,0
BRDA:756,96,1,0
BRDA:757,97,0,0
BRDA:757,97,1,0
BRDA:757,98,0,0
BRDA:757,98,1,0
BRDA:764,99,0,0
BRDA:764,99,1,0
BRDA:765,100,0,0
BRDA:765,100,1,0
BRDA:765,101,0,0
BRDA:765,101,1,0
BRDA:810,102,0,0
BRDA:810,102,1,0
BRDA:819,103,0,0
BRDA:819,103,1,0
BRDA:819,104,0,0
BRDA:819,104,1,0
BRDA:820,105,0,0
BRDA:820,105,1,0
BRDA:820,106,0,0
BRDA:820,106,1,0
BRDA:825,107,0,0
BRDA:825,107,1,0
BRDA:826,108,0,0
BRDA:826,108,1,0
BRDA:826,109,0,0
BRDA:826,109,1,0
BRDA:849,110,0,0
BRDA:849,110,1,0
BRDA:849,111,0,0
BRDA:849,111,1,0
BRDA:875,112,0,0
BRDA:875,112,1,0
BRDA:886,113,0,0
BRDA:886,113,1,0
BRDA:886,114,0,0
BRDA:886,114,1,0
BRDA:886,114,2,0
BRDA:886,114,3,0
BRDA:886,114,4,0
BRDA:886,114,5,0
BRDA:905,115,0,0
BRDA:905,115,1,0
BRDA:905,116,0,0
BRDA:905,116,1,0
BRDA:905,116,2,0
BRDA:905,116,3,0
BRDA:924,117,0,0
BRDA:924,117,1,0
BRDA:932,118,0,0
BRDA:932,118,1,0
BRDA:937,119,0,0
BRDA:937,119,1,0
BRDA:937,120,0,0
BRDA:937,120,1,0
BRDA:938,121,0,0
BRDA:938,121,1,0
BRDA:978,122,0,0
BRDA:978,122,1,0
BRDA:988,123,0,0
BRDA:988,123,1,0
BRDA:988,123,2,0
BRDA:988,123,3,0
BRDA:988,123,4,0
BRDA:988,123,5,0
BRDA:988,123,6,0
BRDA:988,123,7,0
BRDA:993,124,0,0
BRDA:993,124,1,0
BRDA:997,125,0,0
BRDA:997,125,1,0
BRDA:1009,126,0,0
BRDA:1009,126,1,0
BRDA:1010,127,0,0
BRDA:1010,127,1,0
BRDA:1010,128,0,0
BRDA:1010,128,1,0
BRDA:1012,129,0,0
BRDA:1012,129,1,0
BRDA:1012,130,0,0
BRDA:1012,130,1,0
BRDA:1027,131,0,0
BRDA:1027,131,1,0
BRDA:1027,132,0,0
BRDA:1027,132,1,0
BRDA:1028,133,0,0
BRDA:1028,133,1,0
BRDA:1034,134,0,0
BRDA:1034,134,1,0
BRDA:1050,135,0,0
BRDA:1050,135,1,0
BRDA:1061,136,0,0
BRDA:1061,136,1,0
BRDA:1072,137,0,0
BRDA:1072,137,1,0
BRDA:1080,138,0,0
BRDA:1080,138,1,0
BRDA:1104,139,0,0
BRDA:1104,139,1,0
BRF:302
BRH:0
end_of_record
TN:
SF:src/components/ElementStateDebugger.tsx
FN:8,(anonymous_1)
FN:11,(anonymous_2)
FN:19,(anonymous_3)
FN:20,(anonymous_4)
FN:27,(anonymous_5)
FN:38,(anonymous_6)
FN:41,(anonymous_7)
FN:46,(anonymous_8)
FN:69,(anonymous_9)
FN:76,(anonymous_10)
FN:79,(anonymous_11)
FN:89,(anonymous_12)
FN:94,(anonymous_13)
FNF:13
FNH:0
FNDA:0,(anonymous_1)
FNDA:0,(anonymous_2)
FNDA:0,(anonymous_3)
FNDA:0,(anonymous_4)
FNDA:0,(anonymous_5)
FNDA:0,(anonymous_6)
FNDA:0,(anonymous_7)
FNDA:0,(anonymous_8)
FNDA:0,(anonymous_9)
FNDA:0,(anonymous_10)
FNDA:0,(anonymous_11)
FNDA:0,(anonymous_12)
FNDA:0,(anonymous_13)
DA:1,0
DA:2,0
DA:8,0
DA:9,0
DA:11,0
DA:27,0
DA:28,0
DA:29,0
DA:30,0
DA:32,0
DA:33,0
DA:34,0
DA:36,0
DA:38,0
DA:39,0
DA:40,0
DA:41,0
DA:46,0
DA:47,0
DA:49,0
DA:50,0
DA:51,0
DA:53,0
DA:54,0
DA:55,0
DA:57,0
DA:67,0
DA:69,0
DA:70,0
DA:73,0
DA:74,0
DA:76,0
DA:77,0
DA:78,0
DA:79,0
DA:80,0
DA:81,0
DA:84,0
DA:89,0
DA:90,0
DA:91,0
DA:92,0
DA:93,0
DA:94,0
DA:95,0
DA:105,0
DA:107,0
DA:110,0
DA:139,0
LF:49
LH:0
BRDA:32,0,0,0
BRDA:32,0,1,0
BRDA:39,1,0,0
BRDA:39,1,1,0
BRDA:39,2,0,0
BRDA:39,2,1,0
BRDA:40,3,0,0
BRDA:40,3,1,0
BRDA:40,4,0,0
BRDA:40,4,1,0
BRDA:41,5,0,0
BRDA:41,5,1,0
BRDA:41,6,0,0
BRDA:41,6,1,0
BRDA:49,7,0,0
BRDA:49,7,1,0
BRDA:53,8,0,0
BRDA:53,8,1,0
BRDA:70,9,0,0
BRDA:70,9,1,0
BRDA:77,10,0,0
BRDA:77,10,1,0
BRDA:77,11,0,0
BRDA:77,11,1,0
BRDA:78,12,0,0
BRDA:78,12,1,0
BRDA:78,13,0,0
BRDA:78,13,1,0
BRDA:79,14,0,0
BRDA:79,14,1,0
BRDA:79,15,0,0
BRDA:79,15,1,0
BRDA:81,16,0,0
BRDA:81,16,1,0
BRDA:81,17,0,0
BRDA:81,17,1,0
BRDA:91,18,0,0
BRDA:91,18,1,0
BRF:38
BRH:0
end_of_record
TN:
SF:src/components/Elements.tsx
FN:40,getElementStyleProps
FN:62,applyStylesToSVGString
FN:147,(anonymous_11)
FN:247,getElementBoundingRect
FN:266,(anonymous_13)
FN:298,(anonymous_14)
FN:300,(anonymous_15)
FN:301,(anonymous_16)
FN:358,RenderElement
FN:398,renderResizeHandles
FN:405,(anonymous_19)
FN:411,(anonymous_20)
FN:422,handleResizePointerDown
FN:442,handleResizePointerMove
FN:509,handleResizePointerUp
FN:524,renderSelectionHighlight
FN:547,renderRotationHandle
FN:555,(anonymous_26)
FN:575,renderElementContent
FN:593,renderLabelBackground
FN:625,handleLabelDrag
FN:636,onMove
FN:642,onUp
FN:657,handleLabelDoubleClick
FN:669,renderLabel
FN:679,(anonymous_34)
FN:680,(anonymous_35)
FN:692,handleLabelEdit
FN:703,renderLabelEditor
FN:728,(anonymous_38)
FN:729,(anonymous_39)
FN:736,(anonymous_40)
FN:737,(anonymous_41)
FN:738,(anonymous_42)
FN:753,handleTextDoubleClick
FN:765,renderTextContent
FN:785,handleTextEdit
FN:796,renderTextEditor
FN:810,(anonymous_47)
FN:811,(anonymous_48)
FN:812,(anonymous_49)
FN:827,handleTextRegionDoubleClick
FN:841,handleTextRegionEdit
FN:856,renderTextRegions
FN:867,(anonymous_53)
FN:896,(anonymous_54)
FN:897,(anonymous_55)
FN:898,(anonymous_56)
FN:918,(anonymous_57)
FN:923,(anonymous_58)
FN:949,(anonymous_59)
FN:952,(anonymous_60)
FN:953,(anonymous_61)
FNF:53
FNH:0
FNDA:0,getElementStyleProps
FNDA:0,applyStylesToSVGString
FNDA:0,(anonymous_11)
FNDA:0,getElementBoundingRect
FNDA:0,(anonymous_13)
FNDA:0,(anonymous_14)
FNDA:0,(anonymous_15)
FNDA:0,(anonymous_16)
FNDA:0,RenderElement
FNDA:0,renderResizeHandles
FNDA:0,(anonymous_19)
FNDA:0,(anonymous_20)
FNDA:0,handleResizePointerDown
FNDA:0,handleResizePointerMove
FNDA:0,handleResizePointerUp
FNDA:0,renderSelectionHighlight
FNDA:0,renderRotationHandle
FNDA:0,(anonymous_26)
FNDA:0,renderElementContent
FNDA:0,renderLabelBackground
FNDA:0,handleLabelDrag
FNDA:0,onMove
FNDA:0,onUp
FNDA:0,handleLabelDoubleClick
FNDA:0,renderLabel
FNDA:0,(anonymous_34)
FNDA:0,(anonymous_35)
FNDA:0,handleLabelEdit
FNDA:0,renderLabelEditor
FNDA:0,(anonymous_38)
FNDA:0,(anonymous_39)
FNDA:0,(anonymous_40)
FNDA:0,(anonymous_41)
FNDA:0,(anonymous_42)
FNDA:0,handleTextDoubleClick
FNDA:0,renderTextContent
FNDA:0,handleTextEdit
FNDA:0,renderTextEditor
FNDA:0,(anonymous_47)
FNDA:0,(anonymous_48)
FNDA:0,(anonymous_49)
FNDA:0,handleTextRegionDoubleClick
FNDA:0,handleTextRegionEdit
FNDA:0,renderTextRegions
FNDA:0,(anonymous_53)
FNDA:0,(anonymous_54)
FNDA:0,(anonymous_55)
FNDA:0,(anonymous_56)
FNDA:0,(anonymous_57)
FNDA:0,(anonymous_58)
FNDA:0,(anonymous_59)
FNDA:0,(anonymous_60)
FNDA:0,(anonymous_61)
DA:15,0
DA:16,0
DA:17,0
DA:40,0
DA:41,0
DA:43,0
DA:44,0
DA:45,0
DA:46,0
DA:47,0
DA:48,0
DA:49,0
DA:50,0
DA:52,0
DA:62,0
DA:64,0
DA:72,0
DA:73,0
DA:74,0
DA:78,0
DA:79,0
DA:82,0
DA:83,0
DA:147,0
DA:148,0
DA:157,0
DA:160,0
DA:162,0
DA:163,0
DA:165,0
DA:166,0
DA:169,0
DA:170,0
DA:172,0
DA:173,0
DA:174,0
DA:175,0
DA:178,0
DA:180,0
DA:189,0
DA:190,0
DA:191,0
DA:205,0
DA:218,0
DA:219,0
DA:222,0
DA:223,0
DA:224,0
DA:237,0
DA:247,0
DA:248,0
DA:249,0
DA:250,0
DA:251,0
DA:254,0
DA:256,0
DA:257,0
DA:258,0
DA:259,0
DA:261,0
DA:263,0
DA:264,0
DA:266,0
DA:267,0
DA:270,0
DA:272,0
DA:274,0
DA:275,0
DA:276,0
DA:277,0
DA:278,0
DA:279,0
DA:282,0
DA:283,0
DA:284,0
DA:285,0
DA:286,0
DA:289,0
DA:290,0
DA:291,0
DA:292,0
DA:293,0
DA:294,0
DA:297,0
DA:298,0
DA:299,0
DA:300,0
DA:301,0
DA:302,0
DA:304,0
DA:307,0
DA:308,0
DA:309,0
DA:310,0
DA:311,0
DA:312,0
DA:315,0
DA:316,0
DA:317,0
DA:318,0
DA:322,0
DA:323,0
DA:324,0
DA:325,0
DA:326,0
DA:329,0
DA:330,0
DA:333,0
DA:334,0
DA:335,0
DA:336,0
DA:339,0
DA:349,0
DA:358,0
DA:374,0
DA:375,0
DA:376,0
DA:377,0
DA:378,0
DA:379,0
DA:381,0
DA:382,0
DA:385,0
DA:399,0
DA:405,0
DA:406,0
DA:411,0
DA:423,0
DA:424,0
DA:425,0
DA:431,0
DA:432,0
DA:443,0
DA:444,0
DA:447,0
DA:448,0
DA:449,0
DA:450,0
DA:451,0
DA:452,0
DA:453,0
DA:455,0
DA:456,0
DA:458,0
DA:460,0
DA:461,0
DA:463,0
DA:464,0
DA:465,0
DA:467,0
DA:468,0
DA:469,0
DA:471,0
DA:472,0
DA:475,0
DA:477,0
DA:479,0
DA:480,0
DA:482,0
DA:483,0
DA:486,0
DA:487,0
DA:488,0
DA:489,0
DA:490,0
DA:492,0
DA:493,0
DA:494,0
DA:495,0
DA:497,0
DA:500,0
DA:510,0
DA:511,0
DA:512,0
DA:513,0
DA:525,0
DA:526,0
DA:528,0
DA:530,0
DA:548,0
DA:550,0
DA:552,0
DA:556,0
DA:557,0
DA:558,0
DA:559,0
DA:576,0
DA:580,0
DA:594,0
DA:597,0
DA:599,0
DA:600,0
DA:601,0
DA:602,0
DA:603,0
DA:604,0
DA:605,0
DA:606,0
DA:608,0
DA:626,0
DA:627,0
DA:628,0
DA:629,0
DA:631,0
DA:632,0
DA:633,0
DA:634,0
DA:637,0
DA:638,0
DA:639,0
DA:643,0
DA:644,0
DA:645,0
DA:648,0
DA:649,0
DA:658,0
DA:659,0
DA:660,0
DA:670,0
DA:672,0
DA:679,0
DA:680,0
DA:693,0
DA:694,0
DA:704,0
DA:706,0
DA:707,0
DA:708,0
DA:709,0
DA:710,0
DA:711,0
DA:712,0
DA:713,0
DA:715,0
DA:728,0
DA:729,0
DA:736,0
DA:737,0
DA:739,0
DA:740,0
DA:754,0
DA:755,0
DA:756,0
DA:766,0
DA:768,0
DA:786,0
DA:787,0
DA:797,0
DA:799,0
DA:810,0
DA:811,0
DA:813,0
DA:814,0
DA:828,0
DA:829,0
DA:831,0
DA:832,0
DA:842,0
DA:844,0
DA:845,0
DA:847,0
DA:848,0
DA:857,0
DA:859,0
DA:860,0
DA:861,0
DA:862,0
DA:863,0
DA:864,0
DA:865,0
DA:867,0
DA:868,0
DA:869,0
DA:870,0
DA:871,0
DA:873,0
DA:875,0
DA:896,0
DA:897,0
DA:899,0
DA:907,0
DA:908,0
DA:918,0
DA:924,0
DA:944,0
DA:946,0
DA:950,0
DA:952,0
DA:953,0
LF:289
LH:0
BRDA:41,0,0,0
BRDA:41,0,1,0
BRDA:44,1,0,0
BRDA:44,1,1,0
BRDA:45,2,0,0
BRDA:45,2,1,0
BRDA:46,3,0,0
BRDA:46,3,1,0
BRDA:47,4,0,0
BRDA:47,4,1,0
BRDA:48,5,0,0
BRDA:48,5,1,0
BRDA:49,6,0,0
BRDA:49,6,1,0
BRDA:50,7,0,0
BRDA:50,7,1,0
BRDA:65,8,0,0
BRDA:65,8,1,0
BRDA:65,9,0,0
BRDA:65,9,1,0
BRDA:65,10,0,0
BRDA:65,10,1,0
BRDA:66,11,0,0
BRDA:66,11,1,0
BRDA:66,12,0,0
BRDA:66,12,1,0
BRDA:72,13,0,0
BRDA:72,13,1,0
BRDA:72,14,0,0
BRDA:72,14,1,0
BRDA:78,15,0,0
BRDA:78,15,1,0
BRDA:152,16,0,0
BRDA:152,16,1,0
BRDA:152,17,0,0
BRDA:152,17,1,0
BRDA:152,18,0,0
BRDA:152,18,1,0
BRDA:157,19,0,0
BRDA:157,19,1,0
BRDA:157,19,2,0
BRDA:160,20,0,0
BRDA:160,20,1,0
BRDA:162,21,0,0
BRDA:162,21,1,0
BRDA:162,22,0,0
BRDA:162,22,1,0
BRDA:163,23,0,0
BRDA:163,23,1,0
BRDA:163,24,0,0
BRDA:163,24,1,0
BRDA:169,25,0,0
BRDA:169,25,1,0
BRDA:170,26,0,0
BRDA:170,26,1,0
BRDA:172,27,0,0
BRDA:172,27,1,0
BRDA:173,28,0,0
BRDA:173,28,1,0
BRDA:174,29,0,0
BRDA:174,29,1,0
BRDA:175,30,0,0
BRDA:175,30,1,0
BRDA:182,31,0,0
BRDA:182,31,1,0
BRDA:182,32,0,0
BRDA:182,32,1,0
BRDA:182,33,0,0
BRDA:182,33,1,0
BRDA:183,34,0,0
BRDA:183,34,1,0
BRDA:183,35,0,0
BRDA:183,35,1,0
BRDA:183,36,0,0
BRDA:183,36,1,0
BRDA:189,37,0,0
BRDA:189,37,1,0
BRDA:189,38,0,0
BRDA:189,38,1,0
BRDA:254,39,0,0
BRDA:254,39,1,0
BRDA:254,40,0,0
BRDA:254,40,1,0
BRDA:261,41,0,0
BRDA:261,41,1,0
BRDA:272,42,0,0
BRDA:272,42,1,0
BRDA:272,42,2,0
BRDA:272,42,3,0
BRDA:272,42,4,0
BRDA:274,43,0,0
BRDA:274,43,1,0
BRDA:275,44,0,0
BRDA:275,44,1,0
BRDA:276,45,0,0
BRDA:276,45,1,0
BRDA:277,46,0,0
BRDA:277,46,1,0
BRDA:282,47,0,0
BRDA:282,47,1,0
BRDA:283,48,0,0
BRDA:283,48,1,0
BRDA:284,49,0,0
BRDA:284,49,1,0
BRDA:289,50,0,0
BRDA:289,50,1,0
BRDA:290,51,0,0
BRDA:290,51,1,0
BRDA:291,52,0,0
BRDA:291,52,1,0
BRDA:292,53,0,0
BRDA:292,53,1,0
BRDA:297,54,0,0
BRDA:297,54,1,0
BRDA:299,55,0,0
BRDA:299,55,1,0
BRDA:307,56,0,0
BRDA:307,56,1,0
BRDA:308,57,0,0
BRDA:308,57,1,0
BRDA:309,58,0,0
BRDA:309,58,1,0
BRDA:310,59,0,0
BRDA:310,59,1,0
BRDA:322,60,0,0
BRDA:322,60,1,0
BRDA:322,61,0,0
BRDA:322,61,1,0
BRDA:323,62,0,0
BRDA:323,62,1,0
BRDA:324,63,0,0
BRDA:324,63,1,0
BRDA:376,64,0,0
BRDA:376,64,1,0
BRDA:379,65,0,0
BRDA:379,65,1,0
BRDA:444,66,0,0
BRDA:444,66,1,0
BRDA:447,67,0,0
BRDA:447,67,1,0
BRDA:448,68,0,0
BRDA:448,68,1,0
BRDA:458,69,0,0
BRDA:458,69,1,0
BRDA:458,69,2,0
BRDA:458,69,3,0
BRDA:477,70,0,0
BRDA:477,70,1,0
BRDA:477,71,0,0
BRDA:477,71,1,0
BRDA:482,72,0,0
BRDA:482,72,1,0
BRDA:483,73,0,0
BRDA:483,73,1,0
BRDA:486,74,0,0
BRDA:486,74,1,0
BRDA:487,75,0,0
BRDA:487,75,1,0
BRDA:492,76,0,0
BRDA:492,76,1,0
BRDA:526,77,0,0
BRDA:526,77,1,0
BRDA:526,77,2,0
BRDA:528,78,0,0
BRDA:528,78,1,0
BRDA:532,79,0,0
BRDA:532,79,1,0
BRDA:548,80,0,0
BRDA:548,80,1,0
BRDA:557,81,0,0
BRDA:557,81,1,0
BRDA:576,82,0,0
BRDA:576,82,1,0
BRDA:594,83,0,0
BRDA:594,83,1,0
BRDA:594,83,2,0
BRDA:594,83,3,0
BRDA:594,83,4,0
BRDA:594,83,5,0
BRDA:597,84,0,0
BRDA:597,84,1,0
BRDA:599,85,0,0
BRDA:599,85,1,0
BRDA:599,86,0,0
BRDA:599,86,1,0
BRDA:599,87,0,0
BRDA:599,87,1,0
BRDA:600,88,0,0
BRDA:600,88,1,0
BRDA:600,89,0,0
BRDA:600,89,1,0
BRDA:600,90,0,0
BRDA:600,90,1,0
BRDA:604,91,0,0
BRDA:604,91,1,0
BRDA:629,92,0,0
BRDA:629,92,1,0
BRDA:633,93,0,0
BRDA:633,93,1,0
BRDA:633,94,0,0
BRDA:633,94,1,0
BRDA:633,95,0,0
BRDA:633,95,1,0
BRDA:634,96,0,0
BRDA:634,96,1,0
BRDA:634,97,0,0
BRDA:634,97,1,0
BRDA:634,98,0,0
BRDA:634,98,1,0
BRDA:660,99,0,0
BRDA:660,99,1,0
BRDA:670,100,0,0
BRDA:670,100,1,0
BRDA:670,101,0,0
BRDA:670,101,1,0
BRDA:670,101,2,0
BRDA:675,102,0,0
BRDA:675,102,1,0
BRDA:675,103,0,0
BRDA:675,103,1,0
BRDA:675,104,0,0
BRDA:675,104,1,0
BRDA:676,105,0,0
BRDA:676,105,1,0
BRDA:676,106,0,0
BRDA:676,106,1,0
BRDA:676,107,0,0
BRDA:676,107,1,0
BRDA:704,108,0,0
BRDA:704,108,1,0
BRDA:704,109,0,0
BRDA:704,109,1,0
BRDA:706,110,0,0
BRDA:706,110,1,0
BRDA:706,111,0,0
BRDA:706,111,1,0
BRDA:706,112,0,0
BRDA:706,112,1,0
BRDA:707,113,0,0
BRDA:707,113,1,0
BRDA:707,114,0,0
BRDA:707,114,1,0
BRDA:707,115,0,0
BRDA:707,115,1,0
BRDA:739,116,0,0
BRDA:739,116,1,0
BRDA:740,117,0,0
BRDA:740,117,1,0
BRDA:756,118,0,0
BRDA:756,118,1,0
BRDA:766,119,0,0
BRDA:766,119,1,0
BRDA:766,120,0,0
BRDA:766,120,1,0
BRDA:797,121,0,0
BRDA:797,121,1,0
BRDA:797,122,0,0
BRDA:797,122,1,0
BRDA:813,123,0,0
BRDA:813,123,1,0
BRDA:814,124,0,0
BRDA:814,124,1,0
BRDA:829,125,0,0
BRDA:829,125,1,0
BRDA:842,126,0,0
BRDA:842,126,1,0
BRDA:857,127,0,0
BRDA:857,127,1,0
BRDA:859,128,0,0
BRDA:859,128,1,0
BRDA:859,129,0,0
BRDA:859,129,1,0
BRDA:860,130,0,0
BRDA:860,130,1,0
BRDA:860,131,0,0
BRDA:860,131,1,0
BRDA:863,132,0,0
BRDA:863,132,1,0
BRDA:864,133,0,0
BRDA:864,133,1,0
BRDA:873,134,0,0
BRDA:873,134,1,0
BRDA:888,135,0,0
BRDA:888,135,1,0
BRDA:889,136,0,0
BRDA:889,136,1,0
BRDA:899,137,0,0
BRDA:899,137,1,0
BRDA:907,138,0,0
BRDA:907,138,1,0
BRDA:926,139,0,0
BRDA:926,139,1,0
BRDA:926,140,0,0
BRDA:926,140,1,0
BRDA:927,141,0,0
BRDA:927,141,1,0
BRDA:928,142,0,0
BRDA:928,142,1,0
BRDA:929,143,0,0
BRDA:929,143,1,0
BRDA:948,144,0,0
BRDA:948,144,1,0
BRDA:950,145,0,0
BRDA:950,145,1,0
BRDA:956,146,0,0
BRDA:956,146,1,0
BRF:306
BRH:0
end_of_record
TN:
SF:src/components/PropertiesPanel.tsx
FN:19,(anonymous_0)
FN:29,(anonymous_1)
FN:30,(anonymous_2)
FN:44,(anonymous_3)
FN:60,(anonymous_4)
FN:65,(anonymous_5)
FN:75,(anonymous_6)
FN:85,(anonymous_7)
FN:106,(anonymous_8)
FN:124,(anonymous_9)
FN:149,(anonymous_10)
FN:152,(anonymous_11)
FN:186,(anonymous_12)
FN:215,(anonymous_13)
FN:236,(anonymous_14)
FN:262,(anonymous_15)
FN:283,(anonymous_16)
FN:302,(anonymous_17)
FN:326,(anonymous_18)
FN:344,(anonymous_19)
FN:351,(anonymous_20)
FN:352,(anonymous_21)
FNF:22
FNH:0
FNDA:0,(anonymous_0)
FNDA:0,(anonymous_1)
FNDA:0,(anonymous_2)
FNDA:0,(anonymous_3)
FNDA:0,(anonymous_4)
FNDA:0,(anonymous_5)
FNDA:0,(anonymous_6)
FNDA:0,(anonymous_7)
FNDA:0,(anonymous_8)
FNDA:0,(anonymous_9)
FNDA:0,(anonymous_10)
FNDA:0,(anonymous_11)
FNDA:0,(anonymous_12)
FNDA:0,(anonymous_13)
FNDA:0,(anonymous_14)
FNDA:0,(anonymous_15)
FNDA:0,(anonymous_16)
FNDA:0,(anonymous_17)
FNDA:0,(anonymous_18)
FNDA:0,(anonymous_19)
FNDA:0,(anonymous_20)
FNDA:0,(anonymous_21)
DA:1,0
DA:19,0
DA:25,0
DA:26,0
DA:29,0
DA:30,0
DA:31,0
DA:32,0
DA:33,0
DA:34,0
DA:38,0
DA:44,0
DA:45,0
DA:55,0
DA:56,0
DA:57,0
DA:60,0
DA:61,0
DA:63,0
DA:64,0
DA:65,0
DA:66,0
DA:69,0
DA:72,0
DA:75,0
DA:76,0
DA:79,0
DA:80,0
DA:83,0
DA:84,0
DA:85,0
DA:86,0
DA:88,0
DA:92,0
DA:95,0
DA:97,0
DA:107,0
DA:108,0
DA:109,0
DA:110,0
DA:125,0
DA:126,0
DA:127,0
DA:128,0
DA:147,0
DA:148,0
DA:149,0
DA:150,0
DA:151,0
DA:152,0
DA:153,0
DA:161,0
DA:162,0
DA:163,0
DA:164,0
DA:165,0
DA:166,0
DA:169,0
DA:187,0
DA:188,0
DA:189,0
DA:216,0
DA:223,0
DA:237,0
DA:244,0
DA:263,0
DA:270,0
DA:284,0
DA:291,0
DA:303,0
DA:304,0
DA:311,0
DA:327,0
DA:328,0
DA:345,0
DA:352,0
DA:353,0
DA:355,0
DA:356,0
DA:357,0
DA:374,0
LF:81
LH:0
BRDA:31,0,0,0
BRDA:31,0,1,0
BRDA:31,1,0,0
BRDA:31,1,1,0
BRDA:31,2,0,0
BRDA:31,2,1,0
BRDA:33,3,0,0
BRDA:33,3,1,0
BRDA:51,4,0,0
BRDA:51,4,1,0
BRDA:51,5,0,0
BRDA:51,5,1,0
BRDA:51,6,0,0
BRDA:51,6,1,0
BRDA:55,7,0,0
BRDA:55,7,1,0
BRDA:55,8,0,0
BRDA:55,8,1,0
BRDA:55,9,0,0
BRDA:55,9,1,0
BRDA:63,10,0,0
BRDA:63,10,1,0
BRDA:76,11,0,0
BRDA:76,11,1,0
BRDA:86,12,0,0
BRDA:86,12,1,0
BRDA:86,13,0,0
BRDA:86,13,1,0
BRDA:92,14,0,0
BRDA:92,14,1,0
BRDA:92,15,0,0
BRDA:92,15,1,0
BRDA:95,16,0,0
BRDA:95,16,1,0
BRDA:95,17,0,0
BRDA:95,17,1,0
BRDA:109,18,0,0
BRDA:109,18,1,0
BRDA:109,19,0,0
BRDA:109,19,1,0
BRDA:109,20,0,0
BRDA:109,20,1,0
BRDA:127,21,0,0
BRDA:127,21,1,0
BRDA:127,22,0,0
BRDA:127,22,1,0
BRDA:127,23,0,0
BRDA:127,23,1,0
BRDA:127,24,0,0
BRDA:127,24,1,0
BRDA:127,25,0,0
BRDA:127,25,1,0
BRDA:136,26,0,0
BRDA:136,26,1,0
BRDA:136,27,0,0
BRDA:136,27,1,0
BRDA:136,28,0,0
BRDA:136,28,1,0
BRDA:136,29,0,0
BRDA:136,29,1,0
BRDA:136,30,0,0
BRDA:136,30,1,0
BRDA:136,31,0,0
BRDA:136,31,1,0
BRDA:136,32,0,0
BRDA:136,32,1,0
BRDA:137,33,0,0
BRDA:137,33,1,0
BRDA:137,34,0,0
BRDA:137,34,1,0
BRDA:137,35,0,0
BRDA:137,35,1,0
BRDA:137,36,0,0
BRDA:137,36,1,0
BRDA:137,37,0,0
BRDA:137,37,1,0
BRDA:137,38,0,0
BRDA:137,38,1,0
BRDA:137,39,0,0
BRDA:137,39,1,0
BRDA:138,40,0,0
BRDA:138,40,1,0
BRDA:138,41,0,0
BRDA:138,41,1,0
BRDA:138,42,0,0
BRDA:138,42,1,0
BRDA:138,43,0,0
BRDA:138,43,1,0
BRDA:138,44,0,0
BRDA:138,44,1,0
BRDA:138,45,0,0
BRDA:138,45,1,0
BRDA:138,46,0,0
BRDA:138,46,1,0
BRDA:147,47,0,0
BRDA:147,47,1,0
BRDA:147,48,0,0
BRDA:147,48,1,0
BRDA:147,49,0,0
BRDA:147,49,1,0
BRDA:150,50,0,0
BRDA:150,50,1,0
BRDA:161,51,0,0
BRDA:161,51,1,0
BRDA:161,52,0,0
BRDA:161,52,1,0
BRDA:161,53,0,0
BRDA:161,53,1,0
BRDA:161,54,0,0
BRDA:161,54,1,0
BRDA:162,55,0,0
BRDA:162,55,1,0
BRDA:162,56,0,0
BRDA:162,56,1,0
BRDA:162,57,0,0
BRDA:162,57,1,0
BRDA:162,58,0,0
BRDA:162,58,1,0
BRDA:163,59,0,0
BRDA:163,59,1,0
BRDA:163,60,0,0
BRDA:163,60,1,0
BRDA:163,61,0,0
BRDA:163,61,1,0
BRDA:163,62,0,0
BRDA:163,62,1,0
BRDA:164,63,0,0
BRDA:164,63,1,0
BRDA:164,64,0,0
BRDA:164,64,1,0
BRDA:164,65,0,0
BRDA:164,65,1,0
BRDA:164,66,0,0
BRDA:164,66,1,0
BRDA:185,67,0,0
BRDA:185,67,1,0
BRDA:189,68,0,0
BRDA:189,68,1,0
BRDA:189,69,0,0
BRDA:189,69,1,0
BRDA:200,70,0,0
BRDA:200,70,1,0
BRDA:200,70,2,0
BRDA:200,70,3,0
BRDA:214,71,0,0
BRDA:214,71,1,0
BRDA:214,72,0,0
BRDA:214,72,1,0
BRDA:214,73,0,0
BRDA:214,73,1,0
BRDA:228,74,0,0
BRDA:228,74,1,0
BRDA:228,75,0,0
BRDA:228,75,1,0
BRDA:228,76,0,0
BRDA:228,76,1,0
BRDA:235,77,0,0
BRDA:235,77,1,0
BRDA:235,78,0,0
BRDA:235,78,1,0
BRDA:235,79,0,0
BRDA:235,79,1,0
BRDA:249,80,0,0
BRDA:249,80,1,0
BRDA:249,81,0,0
BRDA:249,81,1,0
BRDA:249,82,0,0
BRDA:249,82,1,0
BRDA:261,83,0,0
BRDA:261,83,1,0
BRDA:261,84,0,0
BRDA:261,84,1,0
BRDA:261,85,0,0
BRDA:261,85,1,0
BRDA:267,86,0,0
BRDA:267,86,1,0
BRDA:282,87,0,0
BRDA:282,87,1,0
BRDA:282,88,0,0
BRDA:282,88,1,0
BRDA:282,89,0,0
BRDA:282,89,1,0
BRDA:288,90,0,0
BRDA:288,90,1,0
BRDA:301,91,0,0
BRDA:301,91,1,0
BRDA:301,92,0,0
BRDA:301,92,1,0
BRDA:301,93,0,0
BRDA:301,93,1,0
BRDA:303,94,0,0
BRDA:303,94,1,0
BRDA:323,95,0,0
BRDA:323,95,1,0
BRDA:340,96,0,0
BRDA:340,96,1,0
BRDA:340,96,2,0
BRDA:352,97,0,0
BRDA:352,97,1,0
BRDA:352,98,0,0
BRDA:352,98,1,0
BRDA:353,99,0,0
BRDA:353,99,1,0
BRDA:355,100,0,0
BRDA:355,100,1,0
BRF:205
BRH:0
end_of_record
TN:
SF:src/components/TabPanel.tsx
FN:22,(anonymous_0)
FN:33,(anonymous_1)
FN:38,(anonymous_2)
FN:46,(anonymous_3)
FN:59,(anonymous_4)
FN:67,(anonymous_5)
FN:68,(anonymous_6)
FN:74,(anonymous_7)
FN:86,(anonymous_8)
FNF:9
FNH:0
FNDA:0,(anonymous_0)
FNDA:0,(anonymous_1)
FNDA:0,(anonymous_2)
FNDA:0,(anonymous_3)
FNDA:0,(anonymous_4)
FNDA:0,(anonymous_5)
FNDA:0,(anonymous_6)
FNDA:0,(anonymous_7)
FNDA:0,(anonymous_8)
DA:1,0
DA:22,0
DA:30,0
DA:31,0
DA:33,0
DA:34,0
DA:35,0
DA:38,0
DA:39,0
DA:40,0
DA:42,0
DA:43,0
DA:46,0
DA:47,0
DA:48,0
DA:49,0
DA:50,0
DA:51,0
DA:55,0
DA:60,0
DA:67,0
DA:68,0
DA:74,0
DA:87,0
DA:88,0
DA:110,0
LF:26
LH:0
BRDA:39,0,0,0
BRDA:39,0,1,0
BRDA:39,1,0,0
BRDA:39,1,1,0
BRDA:47,2,0,0
BRDA:47,2,1,0
BRDA:49,3,0,0
BRDA:49,3,1,0
BRDA:63,4,0,0
BRDA:63,4,1,0
BRDA:70,5,0,0
BRDA:70,5,1,0
BRDA:83,6,0,0
BRDA:83,6,1,0
BRF:14
BRH:0
end_of_record
TN:
SF:src/components/Toolbox.tsx
FN:12,groupBy
FN:13,(anonymous_3)
FN:60,(anonymous_4)
FN:82,(anonymous_5)
FN:85,(anonymous_6)
FN:91,(anonymous_7)
FN:92,(anonymous_8)
FN:103,(anonymous_9)
FN:110,(anonymous_10)
FN:120,(anonymous_11)
FN:125,(anonymous_12)
FN:136,(anonymous_13)
FN:169,(anonymous_14)
FN:179,(anonymous_15)
FN:183,(anonymous_16)
FN:196,(anonymous_17)
FN:210,(anonymous_18)
FN:224,(anonymous_19)
FN:238,(anonymous_20)
FN:254,(anonymous_21)
FN:268,(anonymous_22)
FN:280,(anonymous_23)
FN:282,(anonymous_24)
FN:309,(anonymous_25)
FNF:24
FNH:0
FNDA:0,groupBy
FNDA:0,(anonymous_3)
FNDA:0,(anonymous_4)
FNDA:0,(anonymous_5)
FNDA:0,(anonymous_6)
FNDA:0,(anonymous_7)
FNDA:0,(anonymous_8)
FNDA:0,(anonymous_9)
FNDA:0,(anonymous_10)
FNDA:0,(anonymous_11)
FNDA:0,(anonymous_12)
FNDA:0,(anonymous_13)
FNDA:0,(anonymous_14)
FNDA:0,(anonymous_15)
FNDA:0,(anonymous_16)
FNDA:0,(anonymous_17)
FNDA:0,(anonymous_18)
FNDA:0,(anonymous_19)
FNDA:0,(anonymous_20)
FNDA:0,(anonymous_21)
FNDA:0,(anonymous_22)
FNDA:0,(anonymous_23)
FNDA:0,(anonymous_24)
FNDA:0,(anonymous_25)
DA:1,0
DA:2,0
DA:3,0
DA:13,0
DA:14,0
DA:15,0
DA:16,0
DA:17,0
DA:60,0
DA:68,0
DA:69,0
DA:70,0
DA:72,0
DA:82,0
DA:84,0
DA:86,0
DA:87,0
DA:91,0
DA:92,0
DA:98,0
DA:104,0
DA:110,0
DA:121,0
DA:126,0
DA:127,0
DA:136,0
DA:169,0
DA:179,0
DA:183,0
DA:197,0
DA:211,0
DA:225,0
DA:239,0
DA:255,0
DA:269,0
DA:281,0
DA:282,0
DA:294,0
DA:302,0
DA:309,0
DA:324,0
LF:41
LH:0
BRDA:14,0,0,0
BRDA:14,0,1,0
BRDA:15,1,0,0
BRDA:15,1,1,0
BRDA:69,2,0,0
BRDA:69,2,1,0
BRDA:70,3,0,0
BRDA:70,3,1,0
BRDA:82,4,0,0
BRDA:82,4,1,0
BRDA:106,5,0,0
BRDA:106,5,1,0
BRDA:113,6,0,0
BRDA:113,6,1,0
BRDA:117,7,0,0
BRDA:117,7,1,0
BRDA:146,8,0,0
BRDA:146,8,1,0
BRDA:146,9,0,0
BRDA:146,9,1,0
BRDA:150,10,0,0
BRDA:150,10,1,0
BRDA:150,11,0,0
BRDA:150,11,1,0
BRDA:153,12,0,0
BRDA:153,12,1,0
BRDA:176,13,0,0
BRDA:176,13,1,0
BRDA:281,14,0,0
BRDA:281,14,1,0
BRF:30
BRH:0
end_of_record
TN:
SF:src/test/setup.ts
FN:13,(anonymous_0)
FN:20,(anonymous_1)
FNF:2
FNH:0
FNDA:0,(anonymous_0)
FNDA:0,(anonymous_1)
DA:1,0
DA:2,0
DA:10,0
DA:13,0
DA:20,0
DA:21,0
DA:22,0
DA:30,0
LF:8
LH:0
BRF:0
BRH:0
end_of_record
