TN:
SF:eslint.config.js
FN:1,(empty-report)
FNF:1
FNH:0
FNDA:0,(empty-report)
DA:1,0
DA:2,0
DA:3,0
DA:4,0
DA:5,0
DA:7,0
DA:8,0
DA:9,0
DA:10,0
DA:11,0
DA:12,0
DA:13,0
DA:14,0
DA:15,0
DA:16,0
DA:17,0
DA:18,0
DA:19,0
DA:20,0
DA:21,0
DA:22,0
DA:23,0
DA:24,0
DA:25,0
DA:26,0
DA:27,0
DA:28,0
DA:29,0
DA:30,0
DA:31,0
DA:32,0
DA:33,0
LF:32
LH:0
BRDA:1,0,0,0
BRF:1
BRH:0
end_of_record
TN:
SF:postcss.config.js
FN:1,(empty-report)
FNF:1
FNH:0
FNDA:0,(empty-report)
DA:1,0
DA:2,0
DA:3,0
DA:4,0
DA:5,0
DA:6,0
LF:6
LH:0
BRDA:1,0,0,0
BRF:1
BRH:0
end_of_record
TN:
SF:tailwind.config.js
FN:1,(empty-report)
FNF:1
FNH:0
FNDA:0,(empty-report)
DA:1,0
DA:2,0
DA:3,0
DA:4,0
DA:5,0
DA:6,0
DA:7,0
DA:8,0
DA:9,0
DA:10,0
DA:11,0
LF:11
LH:0
BRDA:1,0,0,0
BRF:1
BRH:0
end_of_record
TN:
SF:test_copy_paste.js
FN:1,(empty-report)
FNF:1
FNH:0
FNDA:0,(empty-report)
DA:1,0
DA:2,0
DA:4,0
DA:5,0
DA:6,0
DA:7,0
DA:8,0
DA:9,0
DA:10,0
DA:11,0
DA:12,0
DA:13,0
DA:14,0
DA:15,0
DA:16,0
DA:17,0
DA:18,0
DA:19,0
DA:20,0
DA:21,0
DA:22,0
DA:23,0
DA:24,0
DA:25,0
DA:27,0
LF:25
LH:0
BRDA:1,0,0,0
BRF:1
BRH:0
end_of_record
TN:
SF:vite.config.ts
FN:1,(empty-report)
FNF:1
FNH:0
FNDA:0,(empty-report)
DA:1,0
DA:2,0
DA:5,0
DA:6,0
DA:7,0
DA:8,0
DA:9,0
DA:10,0
DA:11,0
DA:12,0
DA:13,0
DA:14,0
DA:15,0
DA:16,0
DA:17,0
DA:18,0
DA:19,0
DA:20,0
DA:21,0
DA:22,0
DA:23,0
DA:24,0
DA:25,0
DA:26,0
DA:27,0
DA:28,0
LF:26
LH:0
BRDA:1,0,0,0
BRF:1
BRH:0
end_of_record
TN:
SF:vitest.config.ts
FN:1,(empty-report)
FNF:1
FNH:0
FNDA:0,(empty-report)
DA:1,0
DA:2,0
DA:4,0
DA:5,0
DA:6,0
DA:7,0
DA:8,0
DA:9,0
DA:10,0
DA:11,0
DA:12,0
DA:13,0
DA:14,0
DA:15,0
DA:16,0
DA:17,0
DA:18,0
DA:19,0
DA:20,0
DA:21,0
DA:22,0
DA:23,0
DA:24,0
DA:25,0
DA:26,0
DA:27,0
DA:28,0
DA:29,0
DA:30,0
DA:31,0
DA:32,0
DA:33,0
DA:34,0
DA:35,0
LF:34
LH:0
BRDA:1,0,0,0
BRF:1
BRH:0
end_of_record
TN:
SF:src/RailwayDrawerApp.tsx
FN:33,RailwayDrawerApp
FN:47,getCurrentDrawAreaRef
FN:50,setDrawAreaRef
FN:128,handleTabCreate
FN:186,handleTabClose
FN:202,handleTabChange
FN:250,handleTabRename
FN:305,setDraggedItem
FN:311,handleGlobalCopy
FN:341,handleGlobalPaste
FN:378,handleGlobalCut
FN:413,handleKeyDown
FN:446,saveAsJson
FN:463,loadFromJson
FN:493,exportToImage
FN:551,saveToolboxAsJson
FN:569,loadToolboxFromJson
FN:599,startResizeToolbox
FN:618,startResizeProperties
FN:655,handleZoomIn
FN:660,handleZoomOut
FN:665,handleZoomReset
FN:673,onClick
FN:692,onMouseEnter
FN:693,onMouseLeave
FN:703,onMouseEnter
FN:704,onMouseLeave
FN:709,onClick
FN:712,onClick
FN:717,onMouseEnter
FN:718,onMouseLeave
FN:726,onClick
FN:727,onClick
FN:728,onClick
FN:729,onClick
FN:748,onMouseEnter
FN:749,onMouseLeave
FN:756,onMouseEnter
FN:757,onMouseLeave
FN:759,onClick
FN:762,onClick
FN:765,onClick
FN:783,onMouseEnter
FN:784,onMouseLeave
FN:791,onMouseEnter
FN:792,onMouseLeave
FN:794,onClick
FN:860,ref
FNF:48
FNH:6
FNDA:15,RailwayDrawerApp
FNDA:23,getCurrentDrawAreaRef
FNDA:0,setDrawAreaRef
FNDA:0,handleTabCreate
FNDA:0,handleTabClose
FNDA:0,handleTabChange
FNDA:0,handleTabRename
FNDA:0,setDraggedItem
FNDA:0,handleGlobalCopy
FNDA:0,handleGlobalPaste
FNDA:0,handleGlobalCut
FNDA:4,handleKeyDown
FNDA:0,saveAsJson
FNDA:0,loadFromJson
FNDA:0,exportToImage
FNDA:0,saveToolboxAsJson
FNDA:0,loadToolboxFromJson
FNDA:0,startResizeToolbox
FNDA:0,startResizeProperties
FNDA:0,handleZoomIn
FNDA:0,handleZoomOut
FNDA:0,handleZoomReset
FNDA:0,onClick
FNDA:1,onMouseEnter
FNDA:0,onMouseLeave
FNDA:0,onMouseEnter
FNDA:0,onMouseLeave
FNDA:0,onClick
FNDA:0,onClick
FNDA:0,onMouseEnter
FNDA:0,onMouseLeave
FNDA:0,onClick
FNDA:0,onClick
FNDA:0,onClick
FNDA:0,onClick
FNDA:1,onMouseEnter
FNDA:0,onMouseLeave
FNDA:0,onMouseEnter
FNDA:0,onMouseLeave
FNDA:0,onClick
FNDA:0,onClick
FNDA:0,onClick
FNDA:2,onMouseEnter
FNDA:0,onMouseLeave
FNDA:0,onMouseEnter
FNDA:0,onMouseLeave
FNDA:0,onClick
FNDA:0,ref
DA:13,1
DA:14,1
DA:15,1
DA:17,1
DA:18,1
DA:19,1
DA:21,1
DA:24,1
DA:33,1
DA:35,15
DA:38,15
DA:41,15
DA:44,15
DA:47,15
DA:50,15
DA:51,0
DA:52,0
DA:53,0
DA:54,0
DA:55,0
DA:56,0
DA:59,15
DA:60,15
DA:63,15
DA:66,15
DA:67,15
DA:68,15
DA:69,15
DA:70,15
DA:71,15
DA:72,15
DA:73,15
DA:74,15
DA:75,15
DA:76,15
DA:79,15
DA:82,15
DA:83,15
DA:86,15
DA:87,15
DA:88,15
DA:91,15
DA:92,15
DA:93,15
DA:96,15
DA:99,15
DA:100,11
DA:101,11
DA:102,11
DA:103,11
DA:104,11
DA:105,11
DA:106,11
DA:108,11
DA:111,11
DA:112,0
DA:113,0
DA:114,0
DA:115,0
DA:116,0
DA:117,0
DA:118,0
DA:119,15
DA:122,15
DA:128,15
DA:130,0
DA:131,0
DA:132,0
DA:133,0
DA:134,0
DA:135,0
DA:138,0
DA:139,0
DA:140,0
DA:141,0
DA:142,0
DA:145,0
DA:146,0
DA:147,0
DA:148,0
DA:149,0
DA:150,0
DA:152,0
DA:153,0
DA:154,0
DA:155,0
DA:156,0
DA:157,0
DA:158,0
DA:159,0
DA:160,0
DA:161,0
DA:162,0
DA:163,0
DA:164,0
DA:165,0
DA:167,0
DA:168,0
DA:169,0
DA:170,0
DA:171,0
DA:172,0
DA:173,0
DA:174,0
DA:175,0
DA:176,0
DA:177,0
DA:178,0
DA:179,0
DA:186,15
DA:187,0
DA:189,0
DA:190,0
DA:193,0
DA:194,0
DA:195,0
DA:196,0
DA:197,0
DA:202,15
DA:204,0
DA:205,0
DA:206,0
DA:207,0
DA:208,0
DA:211,0
DA:212,0
DA:213,0
DA:214,0
DA:215,0
DA:217,0
DA:219,0
DA:220,0
DA:221,0
DA:222,0
DA:223,0
DA:224,0
DA:226,0
DA:227,0
DA:228,0
DA:229,0
DA:230,0
DA:231,0
DA:232,0
DA:233,0
DA:234,0
DA:235,0
DA:236,0
DA:237,0
DA:238,0
DA:239,0
DA:241,0
DA:242,0
DA:243,0
DA:250,15
DA:251,0
DA:252,0
DA:253,0
DA:254,0
DA:260,15
DA:262,11
DA:263,1
DA:264,1
DA:265,0
DA:268,0
DA:269,0
DA:272,0
DA:273,0
DA:274,0
DA:275,0
DA:277,0
DA:278,0
DA:279,0
DA:280,0
DA:281,1
DA:282,1
DA:283,1
DA:284,11
DA:286,11
DA:287,15
DA:293,15
DA:294,11
DA:295,11
DA:296,0
DA:297,0
DA:298,0
DA:299,15
DA:305,15
DA:311,15
DA:312,0
DA:313,0
DA:314,0
DA:315,0
DA:318,0
DA:319,0
DA:320,0
DA:321,0
DA:323,0
DA:324,0
DA:325,0
DA:326,0
DA:327,0
DA:328,0
DA:329,0
DA:330,0
DA:331,0
DA:332,0
DA:333,0
DA:334,0
DA:335,0
DA:336,0
DA:337,0
DA:338,0
DA:339,0
DA:341,15
DA:342,0
DA:345,0
DA:346,0
DA:347,0
DA:349,0
DA:350,0
DA:351,0
DA:352,0
DA:353,0
DA:354,0
DA:355,0
DA:356,0
DA:357,0
DA:358,0
DA:360,0
DA:361,0
DA:362,0
DA:363,0
DA:364,0
DA:365,0
DA:366,0
DA:367,0
DA:368,0
DA:369,0
DA:370,0
DA:371,0
DA:372,0
DA:373,0
DA:374,0
DA:375,0
DA:376,0
DA:378,15
DA:379,0
DA:380,0
DA:381,0
DA:382,0
DA:385,0
DA:386,0
DA:387,0
DA:388,0
DA:390,0
DA:391,0
DA:392,0
DA:393,0
DA:394,0
DA:395,0
DA:396,0
DA:397,0
DA:398,0
DA:399,0
DA:400,0
DA:401,0
DA:402,0
DA:403,0
DA:404,0
DA:405,0
DA:406,0
DA:412,15
DA:413,11
DA:415,4
DA:416,0
DA:417,0
DA:420,4
DA:421,0
DA:422,0
DA:423,0
DA:426,4
DA:427,0
DA:428,0
DA:429,0
DA:432,4
DA:433,0
DA:434,0
DA:435,0
DA:436,4
DA:438,11
DA:439,11
DA:440,15
DA:446,15
DA:447,0
DA:448,0
DA:449,0
DA:450,0
DA:451,0
DA:452,0
DA:453,0
DA:454,0
DA:455,0
DA:456,0
DA:463,15
DA:464,0
DA:465,0
DA:466,0
DA:467,0
DA:468,0
DA:469,0
DA:470,0
DA:471,0
DA:472,0
DA:473,0
DA:474,0
DA:475,0
DA:476,0
DA:478,0
DA:479,0
DA:480,0
DA:481,0
DA:482,0
DA:483,0
DA:484,0
DA:485,0
DA:486,0
DA:487,0
DA:493,15
DA:494,0
DA:495,0
DA:496,0
DA:499,0
DA:500,0
DA:501,0
DA:502,0
DA:503,0
DA:504,0
DA:505,0
DA:506,0
DA:507,0
DA:508,0
DA:511,0
DA:512,0
DA:513,0
DA:514,0
DA:515,0
DA:516,0
DA:517,0
DA:518,0
DA:519,0
DA:520,0
DA:521,0
DA:522,0
DA:523,0
DA:524,0
DA:525,0
DA:526,0
DA:527,0
DA:528,0
DA:529,0
DA:530,0
DA:531,0
DA:532,0
DA:533,0
DA:536,0
DA:537,0
DA:538,0
DA:539,0
DA:540,0
DA:541,0
DA:542,0
DA:543,0
DA:544,0
DA:545,0
DA:551,15
DA:552,0
DA:553,0
DA:554,0
DA:555,0
DA:556,0
DA:557,0
DA:558,0
DA:559,0
DA:560,0
DA:561,0
DA:562,0
DA:569,15
DA:570,0
DA:571,0
DA:572,0
DA:573,0
DA:574,0
DA:575,0
DA:576,0
DA:577,0
DA:578,0
DA:579,0
DA:580,0
DA:581,0
DA:582,0
DA:583,0
DA:584,0
DA:585,0
DA:587,0
DA:588,0
DA:589,0
DA:590,0
DA:591,0
DA:592,0
DA:599,15
DA:600,0
DA:601,0
DA:602,0
DA:603,0
DA:604,0
DA:605,0
DA:606,0
DA:607,0
DA:608,0
DA:609,0
DA:610,0
DA:611,0
DA:618,15
DA:619,0
DA:620,0
DA:621,0
DA:622,0
DA:623,0
DA:624,0
DA:625,0
DA:626,0
DA:627,0
DA:628,0
DA:629,0
DA:630,0
DA:633,15
DA:639,15
DA:640,11
DA:641,11
DA:642,11
DA:643,0
DA:644,0
DA:645,0
DA:646,0
DA:647,11
DA:648,11
DA:649,11
DA:650,15
DA:655,15
DA:660,15
DA:665,15
DA:668,15
DA:669,0
DA:670,0
DA:671,0
DA:672,0
DA:673,0
DA:674,0
DA:675,0
DA:677,0
DA:678,0
DA:679,0
DA:680,0
DA:682,0
DA:684,15
DA:685,15
DA:687,15
DA:689,15
DA:690,15
DA:691,15
DA:692,15
DA:693,15
DA:694,0
DA:695,0
DA:696,0
DA:697,15
DA:699,15
DA:700,15
DA:701,1
DA:702,1
DA:703,1
DA:704,1
DA:705,0
DA:706,0
DA:707,0
DA:709,1
DA:711,1
DA:712,1
DA:714,1
DA:715,1
DA:716,1
DA:717,1
DA:718,1
DA:720,1
DA:722,1
DA:723,1
DA:724,1
DA:725,0
DA:726,0
DA:727,0
DA:728,0
DA:729,0
DA:730,0
DA:732,1
DA:733,1
DA:735,15
DA:736,15
DA:737,15
DA:738,15
DA:739,15
DA:740,15
DA:741,15
DA:742,15
DA:745,15
DA:746,15
DA:747,15
DA:748,15
DA:749,15
DA:750,15
DA:752,15
DA:753,15
DA:754,1
DA:755,1
DA:756,1
DA:757,1
DA:759,1
DA:761,1
DA:762,1
DA:764,1
DA:765,1
DA:767,1
DA:768,1
DA:770,15
DA:771,15
DA:772,15
DA:773,15
DA:774,15
DA:775,15
DA:776,15
DA:777,15
DA:780,15
DA:781,15
DA:782,15
DA:783,15
DA:784,15
DA:785,15
DA:787,15
DA:788,15
DA:789,2
DA:790,2
DA:791,2
DA:792,2
DA:794,2
DA:796,2
DA:797,2
DA:799,15
DA:802,15
DA:803,15
DA:804,15
DA:805,15
DA:808,15
DA:809,15
DA:810,15
DA:812,15
DA:813,15
DA:814,15
DA:815,15
DA:816,15
DA:817,15
DA:818,15
DA:819,15
DA:821,15
DA:822,15
DA:823,15
DA:824,15
DA:826,15
DA:827,15
DA:828,15
DA:830,15
DA:831,15
DA:832,15
DA:833,15
DA:834,15
DA:836,15
DA:837,15
DA:838,15
DA:839,15
DA:840,15
DA:841,15
DA:842,15
DA:843,15
DA:845,15
DA:846,15
DA:847,15
DA:848,15
DA:849,15
DA:851,15
DA:852,15
DA:854,15
DA:855,15
DA:856,15
DA:857,15
DA:859,15
DA:860,15
DA:861,15
DA:862,15
DA:863,15
DA:864,15
DA:865,15
DA:866,15
DA:867,15
DA:868,15
DA:869,15
DA:870,15
DA:872,15
DA:873,15
DA:874,15
DA:875,15
DA:877,15
DA:878,15
DA:879,15
DA:881,15
DA:882,15
DA:883,15
DA:884,15
DA:885,15
DA:886,15
DA:887,15
DA:890,15
DA:891,15
DA:892,15
DA:893,15
DA:894,15
DA:895,15
DA:896,15
DA:897,15
DA:898,15
DA:899,15
DA:900,15
DA:902,15
DA:904,1
LF:641
LH:268
BRDA:33,0,0,15
BRDA:122,1,0,0
BRDA:668,2,0,0
BRDA:700,3,0,1
BRDA:724,4,0,0
BRDA:753,5,0,1
BRDA:788,6,0,2
BRDA:47,7,0,23
BRDA:99,8,0,11
BRDA:104,9,0,0
BRDA:104,10,0,0
BRDA:105,11,0,0
BRDA:111,12,0,0
BRDA:111,13,0,0
BRDA:122,14,0,15
BRDA:260,15,0,11
BRDA:262,16,0,1
BRDA:264,17,0,0
BRDA:264,18,0,0
BRDA:286,19,0,11
BRDA:293,20,0,11
BRDA:295,21,0,0
BRDA:295,22,0,0
BRDA:412,23,0,11
BRDA:413,24,0,4
BRDA:415,25,0,0
BRDA:420,26,0,0
BRDA:420,27,0,0
BRDA:426,28,0,0
BRDA:426,29,0,0
BRDA:432,30,0,0
BRDA:432,31,0,0
BRDA:439,32,0,11
BRDA:639,33,0,11
BRDA:641,34,0,0
BRDA:649,35,0,11
BRDA:692,36,0,1
BRDA:748,37,0,1
BRDA:783,38,0,2
BRDA:854,39,0,15
BRDA:857,40,0,0
BRF:41
BRH:20
end_of_record
TN:
SF:src/main.tsx
FN:1,(empty-report)
FNF:1
FNH:0
FNDA:0,(empty-report)
DA:1,0
DA:2,0
DA:3,0
DA:4,0
DA:6,0
DA:7,0
DA:8,0
DA:9,0
DA:10,0
LF:9
LH:0
BRDA:1,0,0,0
BRF:1
BRH:0
end_of_record
TN:
SF:src/setupTests.ts
FN:1,(empty-report)
FNF:1
FNH:0
FNDA:0,(empty-report)
DA:1,0
LF:1
LH:0
BRDA:1,0,0,0
BRF:1
BRH:0
end_of_record
TN:
SF:src/vite.config.ts
FN:1,(empty-report)
FNF:1
FNH:0
FNDA:0,(empty-report)
DA:1,0
DA:2,0
DA:5,0
DA:6,0
DA:7,0
LF:5
LH:0
BRDA:1,0,0,0
BRF:1
BRH:0
end_of_record
TN:
SF:src/components/Button.tsx
FN:3,Button
FNF:1
FNH:1
FNDA:14,Button
DA:1,1
DA:3,1
DA:5,14
DA:7,14
DA:8,14
DA:9,14
DA:10,14
DA:11,14
DA:13,14
DA:14,14
DA:16,14
DA:18,1
LF:12
LH:12
BRDA:3,0,0,14
BRDA:5,1,0,4
BRF:2
BRH:2
end_of_record
TN:
SF:src/components/Card.tsx
FN:3,Card
FN:20,CardContent
FNF:2
FNH:1
FNDA:4,Card
FNDA:0,CardContent
DA:1,1
DA:3,1
DA:4,4
DA:5,4
DA:6,4
DA:7,4
DA:8,4
DA:9,4
DA:10,4
DA:11,4
DA:12,4
DA:13,4
DA:14,4
DA:16,4
DA:17,4
DA:20,1
DA:21,0
LF:17
LH:16
BRDA:3,0,0,4
BRDA:13,1,0,2
BRF:2
BRH:2
end_of_record
TN:
SF:src/components/DrawArea.tsx
FN:156,getSvgElement
FN:157,getElements
FN:158,setElements
FN:167,setGridVisible
FN:168,getGridVisible
FN:169,setBackgroundColor
FN:175,getBackgroundColor
FN:176,getSelectedElement
FN:180,getSelectedElementIds
FN:184,getCopiedElements
FN:185,setCopiedElements
FN:220,handleKeyDown
FN:260,pushToHistoryAndSetElements
FN:271,isElementInSelection
FN:289,handlePointerDown
FN:333,renderSelectionRectangle
FN:367,handleSvgPointerDown
FN:516,handlePanMove
FN:533,handlePanUp
FN:546,handlePointerMove
FN:597,handlePointerUp
FN:609,renderGrid
FN:643,handleDrop
FN:671,createCenteredElement
FN:742,copySelectedElements
FN:807,cutSelectedElements
FN:874,calculateElementsBounds
FN:923,pasteElements
FN:1023,handleContextMenu
FN:1055,onDragOver
FN:1071,updateElement
FN:1097,onPointerDown
FNF:32
FNH:4
FNDA:0,getSvgElement
FNDA:25,getElements
FNDA:12,setElements
FNDA:0,setGridVisible
FNDA:0,getGridVisible
FNDA:0,setBackgroundColor
FNDA:0,getBackgroundColor
FNDA:0,getSelectedElement
FNDA:0,getSelectedElementIds
FNDA:0,getCopiedElements
FNDA:0,setCopiedElements
FNDA:0,handleKeyDown
FNDA:0,pushToHistoryAndSetElements
FNDA:0,isElementInSelection
FNDA:0,handlePointerDown
FNDA:18,renderSelectionRectangle
FNDA:0,handleSvgPointerDown
FNDA:0,handlePanMove
FNDA:0,handlePanUp
FNDA:0,handlePointerMove
FNDA:0,handlePointerUp
FNDA:18,renderGrid
FNDA:0,handleDrop
FNDA:0,createCenteredElement
FNDA:0,copySelectedElements
FNDA:0,cutSelectedElements
FNDA:0,calculateElementsBounds
FNDA:0,pasteElements
FNDA:0,handleContextMenu
FNDA:0,onDragOver
FNDA:0,updateElement
FNDA:0,onPointerDown
DA:13,1
DA:14,1
DA:90,1
DA:91,18
DA:92,18
DA:93,18
DA:94,18
DA:95,18
DA:96,18
DA:97,18
DA:99,18
DA:102,18
DA:103,18
DA:104,18
DA:105,18
DA:106,18
DA:107,18
DA:108,18
DA:110,18
DA:112,18
DA:114,18
DA:116,18
DA:118,18
DA:120,18
DA:122,18
DA:124,18
DA:126,18
DA:128,18
DA:131,18
DA:133,18
DA:135,18
DA:137,18
DA:140,18
DA:142,18
DA:144,18
DA:147,18
DA:149,18
DA:155,18
DA:156,18
DA:157,18
DA:158,18
DA:159,12
DA:160,12
DA:161,12
DA:162,12
DA:163,12
DA:164,12
DA:165,12
DA:166,12
DA:167,18
DA:168,18
DA:169,18
DA:170,0
DA:171,0
DA:172,0
DA:173,0
DA:174,0
DA:175,18
DA:176,18
DA:177,0
DA:178,0
DA:179,0
DA:180,18
DA:181,18
DA:182,18
DA:183,18
DA:184,18
DA:185,18
DA:186,18
DA:192,18
DA:193,3
DA:194,18
DA:197,18
DA:198,15
DA:199,15
DA:200,15
DA:201,15
DA:202,18
DA:208,18
DA:209,3
DA:210,18
DA:216,18
DA:218,18
DA:220,18
DA:222,0
DA:223,0
DA:224,0
DA:225,0
DA:226,0
DA:227,0
DA:230,0
DA:231,0
DA:232,0
DA:233,0
DA:236,0
DA:237,0
DA:238,0
DA:239,0
DA:242,0
DA:243,0
DA:244,0
DA:245,0
DA:246,0
DA:247,0
DA:248,0
DA:249,0
DA:250,0
DA:251,18
DA:252,18
DA:253,18
DA:260,18
DA:261,0
DA:262,0
DA:263,0
DA:271,18
DA:272,0
DA:273,0
DA:274,0
DA:275,0
DA:277,0
DA:278,0
DA:279,0
DA:280,0
DA:281,0
DA:289,18
DA:290,0
DA:292,0
DA:293,0
DA:294,0
DA:295,0
DA:296,0
DA:297,0
DA:298,0
DA:299,0
DA:300,0
DA:303,0
DA:305,0
DA:307,0
DA:308,0
DA:309,0
DA:310,0
DA:311,0
DA:312,0
DA:315,0
DA:316,0
DA:317,0
DA:318,0
DA:319,0
DA:320,0
DA:321,0
DA:322,0
DA:323,0
DA:324,0
DA:326,0
DA:327,0
DA:328,0
DA:333,18
DA:334,18
DA:335,18
DA:336,18
DA:337,18
DA:338,18
DA:340,18
DA:342,0
DA:343,0
DA:344,0
DA:345,0
DA:347,0
DA:349,0
DA:350,0
DA:351,0
DA:352,0
DA:353,0
DA:354,0
DA:355,0
DA:356,0
DA:357,0
DA:358,0
DA:359,0
DA:360,0
DA:362,18
DA:367,18
DA:368,0
DA:370,0
DA:371,0
DA:372,0
DA:373,0
DA:376,0
DA:378,0
DA:379,0
DA:380,0
DA:381,0
DA:382,0
DA:383,0
DA:384,0
DA:385,0
DA:387,0
DA:388,0
DA:389,0
DA:390,0
DA:392,0
DA:393,0
DA:394,0
DA:395,0
DA:397,0
DA:400,0
DA:401,0
DA:402,0
DA:404,0
DA:405,0
DA:406,0
DA:407,0
DA:410,0
DA:411,0
DA:414,0
DA:416,0
DA:417,0
DA:418,0
DA:419,0
DA:421,0
DA:422,0
DA:424,0
DA:425,0
DA:426,0
DA:427,0
DA:429,0
DA:432,0
DA:433,0
DA:434,0
DA:436,0
DA:437,0
DA:439,0
DA:441,0
DA:442,0
DA:444,0
DA:445,0
DA:446,0
DA:447,0
DA:448,0
DA:449,0
DA:451,0
DA:454,0
DA:456,0
DA:457,0
DA:458,0
DA:459,0
DA:460,0
DA:461,0
DA:462,0
DA:463,0
DA:464,0
DA:465,0
DA:468,0
DA:469,0
DA:471,0
DA:473,0
DA:475,0
DA:476,0
DA:477,0
DA:478,0
DA:479,0
DA:480,0
DA:481,0
DA:482,0
DA:483,0
DA:485,0
DA:486,0
DA:487,0
DA:488,0
DA:489,0
DA:490,0
DA:491,0
DA:492,0
DA:493,0
DA:496,0
DA:497,0
DA:498,0
DA:499,0
DA:500,0
DA:501,0
DA:502,0
DA:503,0
DA:504,0
DA:507,0
DA:508,0
DA:509,0
DA:510,0
DA:511,0
DA:516,18
DA:517,0
DA:519,0
DA:520,0
DA:522,0
DA:523,0
DA:524,0
DA:525,0
DA:527,0
DA:528,0
DA:533,18
DA:534,0
DA:535,0
DA:536,0
DA:537,0
DA:538,0
DA:546,18
DA:547,0
DA:548,0
DA:549,0
DA:550,0
DA:552,0
DA:553,0
DA:554,0
DA:555,0
DA:558,0
DA:559,0
DA:562,0
DA:563,0
DA:566,0
DA:567,0
DA:569,0
DA:570,0
DA:572,0
DA:573,0
DA:574,0
DA:575,0
DA:576,0
DA:577,0
DA:578,0
DA:579,0
DA:580,0
DA:581,0
DA:582,0
DA:583,0
DA:584,0
DA:585,0
DA:586,0
DA:587,0
DA:588,0
DA:589,0
DA:590,0
DA:591,0
DA:597,18
DA:598,0
DA:599,0
DA:600,0
DA:601,0
DA:602,0
DA:609,18
DA:610,18
DA:611,18
DA:612,18
DA:613,720
DA:614,720
DA:615,720
DA:616,720
DA:617,720
DA:618,720
DA:619,720
DA:620,720
DA:621,720
DA:622,18
DA:623,18
DA:624,540
DA:625,540
DA:626,540
DA:627,540
DA:628,540
DA:629,540
DA:630,540
DA:631,540
DA:632,540
DA:633,18
DA:634,18
DA:636,18
DA:643,18
DA:644,0
DA:645,0
DA:646,0
DA:647,0
DA:648,0
DA:649,0
DA:650,0
DA:651,0
DA:652,0
DA:653,0
DA:654,0
DA:655,0
DA:656,0
DA:657,0
DA:658,0
DA:659,0
DA:660,0
DA:661,0
DA:671,18
DA:674,0
DA:676,0
DA:677,0
DA:678,0
DA:679,0
DA:680,0
DA:681,0
DA:683,0
DA:684,0
DA:685,0
DA:686,0
DA:687,0
DA:688,0
DA:689,0
DA:690,0
DA:691,0
DA:692,0
DA:693,0
DA:694,0
DA:695,0
DA:696,0
DA:697,0
DA:698,0
DA:699,0
DA:700,0
DA:701,0
DA:703,0
DA:704,0
DA:705,0
DA:706,0
DA:707,0
DA:708,0
DA:709,0
DA:710,0
DA:711,0
DA:712,0
DA:713,0
DA:714,0
DA:715,0
DA:716,0
DA:717,0
DA:718,0
DA:719,0
DA:720,0
DA:721,0
DA:722,0
DA:723,0
DA:724,0
DA:725,0
DA:726,0
DA:727,0
DA:728,0
DA:729,0
DA:730,0
DA:731,0
DA:732,0
DA:733,0
DA:734,0
DA:735,0
DA:742,18
DA:743,0
DA:745,0
DA:746,0
DA:747,0
DA:748,0
DA:751,0
DA:753,0
DA:754,0
DA:756,0
DA:757,0
DA:758,0
DA:759,0
DA:761,0
DA:762,0
DA:764,0
DA:765,0
DA:766,0
DA:767,0
DA:768,0
DA:769,0
DA:770,0
DA:771,0
DA:772,0
DA:773,0
DA:774,0
DA:776,0
DA:777,0
DA:779,0
DA:780,0
DA:783,0
DA:786,0
DA:787,0
DA:788,0
DA:789,0
DA:790,0
DA:791,0
DA:792,0
DA:793,0
DA:794,0
DA:795,0
DA:796,0
DA:799,0
DA:800,0
DA:807,18
DA:808,0
DA:810,0
DA:811,0
DA:812,0
DA:813,0
DA:816,0
DA:817,0
DA:818,0
DA:819,0
DA:820,0
DA:821,0
DA:822,0
DA:823,0
DA:824,0
DA:825,0
DA:826,0
DA:827,0
DA:828,0
DA:829,0
DA:830,0
DA:831,0
DA:832,0
DA:833,0
DA:834,0
DA:835,0
DA:836,0
DA:837,0
DA:839,0
DA:840,0
DA:843,0
DA:846,0
DA:847,0
DA:848,0
DA:849,0
DA:852,0
DA:853,0
DA:854,0
DA:855,0
DA:856,0
DA:857,0
DA:858,0
DA:859,0
DA:860,0
DA:861,0
DA:862,0
DA:863,0
DA:866,0
DA:867,0
DA:874,18
DA:875,0
DA:876,0
DA:877,0
DA:879,0
DA:880,0
DA:881,0
DA:882,0
DA:884,0
DA:886,0
DA:887,0
DA:888,0
DA:889,0
DA:890,0
DA:891,0
DA:893,0
DA:894,0
DA:895,0
DA:896,0
DA:898,0
DA:899,0
DA:900,0
DA:901,0
DA:902,0
DA:905,0
DA:906,0
DA:907,0
DA:909,0
DA:910,0
DA:911,0
DA:912,0
DA:913,0
DA:914,0
DA:915,0
DA:923,18
DA:924,0
DA:925,0
DA:926,0
DA:927,0
DA:930,0
DA:932,0
DA:933,0
DA:934,0
DA:935,0
DA:937,0
DA:938,0
DA:939,0
DA:940,0
DA:941,0
DA:942,0
DA:943,0
DA:944,0
DA:945,0
DA:948,0
DA:949,0
DA:950,0
DA:953,0
DA:954,0
DA:957,0
DA:958,0
DA:961,0
DA:962,0
DA:963,0
DA:964,0
DA:965,0
DA:966,0
DA:967,0
DA:968,0
DA:969,0
DA:970,0
DA:971,0
DA:973,0
DA:974,0
DA:975,0
DA:976,0
DA:978,0
DA:980,0
DA:981,0
DA:983,0
DA:984,0
DA:987,0
DA:988,0
DA:989,0
DA:990,0
DA:991,0
DA:993,0
DA:994,0
DA:995,0
DA:997,0
DA:998,0
DA:999,0
DA:1000,0
DA:1003,0
DA:1006,0
DA:1007,0
DA:1009,0
DA:1010,0
DA:1011,0
DA:1012,0
DA:1013,0
DA:1015,0
DA:1016,0
DA:1023,18
DA:1024,0
DA:1027,0
DA:1028,0
DA:1030,0
DA:1031,0
DA:1034,0
DA:1035,0
DA:1036,0
DA:1037,0
DA:1040,18
DA:1041,18
DA:1042,18
DA:1043,18
DA:1044,18
DA:1045,18
DA:1046,18
DA:1047,18
DA:1048,18
DA:1049,18
DA:1050,18
DA:1051,18
DA:1052,18
DA:1053,18
DA:1054,18
DA:1055,18
DA:1056,18
DA:1059,18
DA:1061,18
DA:1064,18
DA:1065,15
DA:1066,15
DA:1067,15
DA:1068,15
DA:1069,15
DA:1070,15
DA:1071,15
DA:1072,0
DA:1074,15
DA:1075,15
DA:1076,18
DA:1079,18
DA:1080,15
DA:1082,0
DA:1083,0
DA:1084,0
DA:1085,0
DA:1087,0
DA:1088,0
DA:1089,0
DA:1090,0
DA:1091,0
DA:1092,0
DA:1093,0
DA:1094,0
DA:1095,0
DA:1096,0
DA:1097,0
DA:1098,0
DA:1100,18
DA:1103,18
DA:1104,15
DA:1106,0
DA:1107,0
DA:1108,0
DA:1109,0
DA:1111,0
DA:1112,0
DA:1113,0
DA:1114,0
DA:1115,0
DA:1116,0
DA:1117,0
DA:1118,0
DA:1119,0
DA:1120,0
DA:1121,0
DA:1122,0
DA:1123,0
DA:1125,18
DA:1128,18
DA:1129,18
DA:1130,18
DA:1132,18
DA:1134,1
DA:1136,1
LF:734
LH:171
BRDA:90,0,0,18
BRDA:1050,1,0,0
BRDA:102,2,0,18
BRDA:105,3,0,15
BRDA:106,4,0,15
BRDA:155,5,0,18
BRDA:157,6,0,25
BRDA:158,7,0,12
BRDA:162,8,0,15
BRDA:163,9,0,15
BRDA:192,10,0,3
BRDA:193,11,0,3
BRDA:197,12,0,15
BRDA:208,13,0,3
BRDA:216,14,0,18
BRDA:218,15,0,0
BRDA:252,16,0,18
BRDA:333,17,0,18
BRDA:340,18,0,0
BRDA:340,19,0,0
BRDA:340,20,0,0
BRDA:609,21,0,18
BRDA:612,22,0,720
BRDA:623,23,0,540
BRDA:1064,24,0,15
BRDA:1079,25,0,15
BRDA:1080,26,0,0
BRDA:1103,27,0,15
BRDA:1104,28,0,0
BRF:29
BRH:22
end_of_record
TN:
SF:src/components/ElementStateDebugger.tsx
FN:8,ElementStateDebugger
FNF:1
FNH:0
FNDA:0,ElementStateDebugger
DA:1,1
DA:2,1
DA:8,1
DA:9,0
DA:11,0
DA:12,0
DA:13,0
DA:14,0
DA:15,0
DA:16,0
DA:17,0
DA:18,0
DA:19,0
DA:20,0
DA:21,0
DA:22,0
DA:23,0
DA:24,0
DA:25,0
DA:27,0
DA:28,0
DA:29,0
DA:30,0
DA:32,0
DA:33,0
DA:34,0
DA:36,0
DA:38,0
DA:39,0
DA:40,0
DA:41,0
DA:42,0
DA:43,0
DA:44,0
DA:46,0
DA:47,0
DA:49,0
DA:50,0
DA:51,0
DA:53,0
DA:54,0
DA:55,0
DA:57,0
DA:58,0
DA:59,0
DA:60,0
DA:61,0
DA:62,0
DA:63,0
DA:64,0
DA:65,0
DA:67,0
DA:69,0
DA:70,0
DA:71,0
DA:73,0
DA:74,0
DA:76,0
DA:77,0
DA:78,0
DA:79,0
DA:80,0
DA:81,0
DA:82,0
DA:83,0
DA:84,0
DA:85,0
DA:86,0
DA:87,0
DA:89,0
DA:90,0
DA:91,0
DA:92,0
DA:93,0
DA:94,0
DA:95,0
DA:96,0
DA:97,0
DA:98,0
DA:99,0
DA:100,0
DA:101,0
DA:102,0
DA:103,0
DA:104,0
DA:105,0
DA:106,0
DA:107,0
DA:108,0
DA:110,0
DA:111,0
DA:112,0
DA:113,0
DA:114,0
DA:115,0
DA:117,0
DA:118,0
DA:120,0
DA:121,0
DA:123,0
DA:124,0
DA:125,0
DA:126,0
DA:127,0
DA:128,0
DA:129,0
DA:130,0
DA:131,0
DA:132,0
DA:133,0
DA:134,0
DA:135,0
DA:137,0
DA:139,1
LF:114
LH:4
BRF:0
BRH:0
end_of_record
TN:
SF:src/components/Elements.tsx
FN:1,(empty-report)
FNF:1
FNH:1
FNDA:1,(empty-report)
DA:15,0
DA:16,0
DA:17,0
DA:40,0
DA:41,0
DA:43,0
DA:44,0
DA:45,0
DA:46,0
DA:47,0
DA:48,0
DA:49,0
DA:50,0
DA:52,0
DA:53,0
DA:62,0
DA:64,0
DA:65,0
DA:66,0
DA:67,0
DA:68,0
DA:69,0
DA:72,0
DA:73,0
DA:74,0
DA:75,0
DA:78,0
DA:79,0
DA:80,0
DA:82,0
DA:83,0
DA:84,0
DA:147,0
DA:148,0
DA:149,0
DA:150,0
DA:151,0
DA:152,0
DA:153,0
DA:154,0
DA:155,0
DA:157,0
DA:159,0
DA:160,0
DA:162,0
DA:163,0
DA:165,0
DA:166,0
DA:169,0
DA:170,0
DA:172,0
DA:173,0
DA:174,0
DA:175,0
DA:178,0
DA:180,0
DA:181,0
DA:182,0
DA:183,0
DA:184,0
DA:185,0
DA:186,0
DA:189,0
DA:190,0
DA:191,0
DA:192,0
DA:193,0
DA:194,0
DA:195,0
DA:196,0
DA:197,0
DA:200,0
DA:201,0
DA:203,0
DA:205,0
DA:206,0
DA:207,0
DA:208,0
DA:209,0
DA:210,0
DA:211,0
DA:214,0
DA:215,0
DA:217,0
DA:218,0
DA:219,0
DA:220,0
DA:221,0
DA:222,0
DA:223,0
DA:224,0
DA:225,0
DA:226,0
DA:227,0
DA:228,0
DA:229,0
DA:230,0
DA:231,0
DA:233,0
DA:234,0
DA:236,0
DA:237,0
DA:238,0
DA:239,0
DA:240,0
DA:248,0
DA:249,0
DA:250,0
DA:251,0
DA:252,0
DA:255,0
DA:257,0
DA:258,0
DA:259,0
DA:260,0
DA:262,0
DA:264,0
DA:265,0
DA:267,0
DA:268,0
DA:271,0
DA:273,0
DA:274,0
DA:275,0
DA:276,0
DA:277,0
DA:278,0
DA:279,0
DA:280,0
DA:281,0
DA:283,0
DA:284,0
DA:285,0
DA:286,0
DA:287,0
DA:288,0
DA:289,0
DA:291,0
DA:292,0
DA:293,0
DA:294,0
DA:295,0
DA:296,0
DA:297,0
DA:298,0
DA:300,0
DA:301,0
DA:302,0
DA:303,0
DA:304,0
DA:305,0
DA:306,0
DA:307,0
DA:308,0
DA:309,0
DA:311,0
DA:312,0
DA:313,0
DA:314,0
DA:315,0
DA:316,0
DA:317,0
DA:318,0
DA:319,0
DA:321,0
DA:322,0
DA:323,0
DA:324,0
DA:325,0
DA:328,0
DA:329,0
DA:330,0
DA:331,0
DA:332,0
DA:335,0
DA:336,0
DA:339,0
DA:340,0
DA:341,0
DA:342,0
DA:345,0
DA:346,0
DA:347,0
DA:348,0
DA:349,0
DA:350,0
DA:351,0
DA:352,0
DA:353,0
DA:355,0
DA:356,0
DA:364,0
DA:365,0
DA:366,0
DA:367,0
DA:368,0
DA:369,0
DA:370,0
DA:371,0
DA:378,0
DA:380,0
DA:381,0
DA:382,0
DA:383,0
DA:384,0
DA:385,0
DA:387,0
DA:388,0
DA:391,0
DA:396,0
DA:404,0
DA:405,0
DA:406,0
DA:407,0
DA:408,0
DA:409,0
DA:410,0
DA:411,0
DA:412,0
DA:413,0
DA:414,0
DA:415,0
DA:416,0
DA:417,0
DA:418,0
DA:419,0
DA:420,0
DA:428,0
DA:429,0
DA:430,0
DA:431,0
DA:432,0
DA:433,0
DA:434,0
DA:435,0
DA:436,0
DA:437,0
DA:438,0
DA:439,0
DA:448,0
DA:449,0
DA:450,0
DA:453,0
DA:454,0
DA:455,0
DA:456,0
DA:457,0
DA:458,0
DA:459,0
DA:461,0
DA:462,0
DA:464,0
DA:465,0
DA:466,0
DA:467,0
DA:468,0
DA:469,0
DA:470,0
DA:471,0
DA:472,0
DA:473,0
DA:474,0
DA:475,0
DA:476,0
DA:477,0
DA:478,0
DA:479,0
DA:481,0
DA:483,0
DA:485,0
DA:486,0
DA:488,0
DA:489,0
DA:492,0
DA:493,0
DA:494,0
DA:495,0
DA:496,0
DA:497,0
DA:498,0
DA:499,0
DA:500,0
DA:501,0
DA:502,0
DA:503,0
DA:504,0
DA:506,0
DA:507,0
DA:508,0
DA:515,0
DA:516,0
DA:517,0
DA:518,0
DA:519,0
DA:520,0
DA:530,0
DA:531,0
DA:532,0
DA:534,0
DA:536,0
DA:537,0
DA:538,0
DA:539,0
DA:540,0
DA:541,0
DA:542,0
DA:543,0
DA:545,0
DA:553,0
DA:554,0
DA:556,0
DA:558,0
DA:559,0
DA:560,0
DA:561,0
DA:562,0
DA:563,0
DA:564,0
DA:565,0
DA:566,0
DA:567,0
DA:569,0
DA:570,0
DA:571,0
DA:573,0
DA:581,0
DA:582,0
DA:583,0
DA:584,0
DA:586,0
DA:587,0
DA:588,0
DA:589,0
DA:591,0
DA:599,0
DA:600,0
DA:601,0
DA:603,0
DA:605,0
DA:606,0
DA:607,0
DA:608,0
DA:609,0
DA:610,0
DA:611,0
DA:612,0
DA:614,0
DA:615,0
DA:616,0
DA:617,0
DA:618,0
DA:619,0
DA:620,0
DA:621,0
DA:623,0
DA:631,0
DA:632,0
DA:633,0
DA:634,0
DA:635,0
DA:637,0
DA:638,0
DA:639,0
DA:640,0
DA:642,0
DA:643,0
DA:644,0
DA:645,0
DA:646,0
DA:648,0
DA:649,0
DA:650,0
DA:651,0
DA:652,0
DA:654,0
DA:655,0
DA:656,0
DA:663,0
DA:664,0
DA:665,0
DA:666,0
DA:667,0
DA:675,0
DA:676,0
DA:678,0
DA:679,0
DA:680,0
DA:681,0
DA:682,0
DA:683,0
DA:684,0
DA:685,0
DA:686,0
DA:688,0
DA:689,0
DA:691,0
DA:698,0
DA:699,0
DA:700,0
DA:701,0
DA:709,0
DA:710,0
DA:712,0
DA:713,0
DA:714,0
DA:715,0
DA:716,0
DA:717,0
DA:718,0
DA:719,0
DA:721,0
DA:722,0
DA:723,0
DA:724,0
DA:725,0
DA:726,0
DA:727,0
DA:728,0
DA:729,0
DA:730,0
DA:731,0
DA:732,0
DA:733,0
DA:734,0
DA:735,0
DA:737,0
DA:738,0
DA:739,0
DA:740,0
DA:741,0
DA:742,0
DA:743,0
DA:744,0
DA:745,0
DA:746,0
DA:747,0
DA:748,0
DA:749,0
DA:750,0
DA:752,0
DA:759,0
DA:760,0
DA:761,0
DA:762,0
DA:763,0
DA:771,0
DA:772,0
DA:774,0
DA:775,0
DA:776,0
DA:777,0
DA:778,0
DA:779,0
DA:781,0
DA:782,0
DA:784,0
DA:791,0
DA:792,0
DA:793,0
DA:794,0
DA:802,0
DA:803,0
DA:805,0
DA:806,0
DA:807,0
DA:808,0
DA:809,0
DA:811,0
DA:812,0
DA:813,0
DA:814,0
DA:815,0
DA:816,0
DA:817,0
DA:818,0
DA:819,0
DA:820,0
DA:821,0
DA:822,0
DA:823,0
DA:825,0
DA:833,0
DA:834,0
DA:835,0
DA:837,0
DA:838,0
DA:839,0
DA:847,0
DA:848,0
DA:850,0
DA:851,0
DA:853,0
DA:854,0
DA:855,0
DA:862,0
DA:863,0
DA:865,0
DA:866,0
DA:867,0
DA:868,0
DA:869,0
DA:870,0
DA:871,0
DA:873,0
DA:874,0
DA:875,0
DA:876,0
DA:877,0
DA:879,0
DA:881,0
DA:882,0
DA:883,0
DA:884,0
DA:885,0
DA:886,0
DA:887,0
DA:889,0
DA:890,0
DA:891,0
DA:892,0
DA:893,0
DA:894,0
DA:895,0
DA:896,0
DA:897,0
DA:898,0
DA:899,0
DA:900,0
DA:901,0
DA:902,0
DA:903,0
DA:904,0
DA:905,0
DA:906,0
DA:907,0
DA:908,0
DA:910,0
DA:913,0
DA:914,0
DA:915,0
DA:917,0
DA:918,0
DA:919,0
DA:920,0
DA:921,0
DA:922,0
DA:923,0
DA:924,0
DA:925,0
DA:928,0
DA:929,0
DA:930,0
DA:931,0
DA:932,0
DA:933,0
DA:934,0
DA:935,0
DA:936,0
DA:937,0
DA:938,0
DA:940,0
DA:941,0
DA:942,0
DA:943,0
DA:944,0
DA:946,0
DA:947,0
DA:950,0
DA:952,0
DA:953,0
DA:954,0
DA:955,0
DA:956,0
DA:957,0
DA:958,0
DA:959,0
DA:961,0
DA:962,0
DA:963,0
DA:964,0
DA:965,0
DA:966,0
DA:967,0
DA:968,0
DA:969,0
DA:970,0
DA:971,0
DA:973,0
LF:588
LH:0
BRDA:1,0,0,1
BRF:1
BRH:1
end_of_record
TN:
SF:src/components/PropertiesPanel.tsx
FN:19,PropertiesPanel
FN:30,updateState
FN:44,updateElement
FN:106,onChange
FN:124,onChange
FN:186,onChange
FN:215,onChange
FN:236,onChange
FN:262,onChange
FN:283,onChange
FN:302,onChange
FN:326,onClick
FNF:12
FNH:6
FNDA:9,PropertiesPanel
FNDA:9,updateState
FNDA:5,updateElement
FNDA:0,onChange
FNDA:0,onChange
FNDA:1,onChange
FNDA:1,onChange
FNDA:0,onChange
FNDA:0,onChange
FNDA:3,onChange
FNDA:0,onChange
FNDA:0,onClick
DA:1,1
DA:14,1
DA:19,1
DA:20,9
DA:21,9
DA:22,9
DA:23,9
DA:24,9
DA:25,9
DA:26,9
DA:29,9
DA:30,9
DA:31,9
DA:32,8
DA:33,8
DA:34,8
DA:35,8
DA:36,8
DA:37,9
DA:38,9
DA:41,9
DA:44,9
DA:45,5
DA:46,5
DA:47,5
DA:48,5
DA:49,5
DA:50,5
DA:51,5
DA:52,5
DA:55,5
DA:56,5
DA:57,5
DA:60,5
DA:61,5
DA:63,5
DA:64,0
DA:65,0
DA:66,0
DA:69,0
DA:72,0
DA:73,0
DA:75,5
DA:76,5
DA:77,5
DA:79,5
DA:80,5
DA:83,5
DA:84,5
DA:85,5
DA:86,5
DA:87,5
DA:88,0
DA:89,0
DA:92,5
DA:93,5
DA:95,9
DA:97,2
DA:98,2
DA:99,2
DA:100,2
DA:101,2
DA:102,2
DA:103,2
DA:104,2
DA:105,2
DA:106,2
DA:107,0
DA:108,0
DA:109,0
DA:110,0
DA:111,0
DA:112,0
DA:113,2
DA:114,2
DA:115,2
DA:116,2
DA:117,2
DA:118,2
DA:119,2
DA:120,2
DA:121,2
DA:122,2
DA:123,2
DA:124,2
DA:125,0
DA:126,0
DA:127,0
DA:128,0
DA:129,0
DA:130,0
DA:131,2
DA:132,2
DA:133,2
DA:134,2
DA:135,2
DA:136,2
DA:137,2
DA:138,2
DA:139,2
DA:140,2
DA:141,2
DA:142,2
DA:144,2
DA:147,9
DA:148,7
DA:149,7
DA:150,7
DA:151,1
DA:152,1
DA:153,1
DA:157,1
DA:158,7
DA:161,9
DA:162,9
DA:163,9
DA:164,9
DA:165,9
DA:166,9
DA:169,9
DA:170,9
DA:171,9
DA:172,9
DA:173,9
DA:174,9
DA:175,9
DA:176,9
DA:177,9
DA:178,9
DA:179,9
DA:180,9
DA:182,9
DA:183,9
DA:184,9
DA:185,9
DA:186,9
DA:187,1
DA:188,1
DA:189,1
DA:190,1
DA:191,9
DA:192,9
DA:193,9
DA:194,9
DA:195,9
DA:198,9
DA:199,9
DA:200,9
DA:201,5
DA:202,5
DA:203,5
DA:204,5
DA:205,5
DA:206,5
DA:208,9
DA:209,9
DA:210,9
DA:211,9
DA:212,9
DA:213,9
DA:214,9
DA:215,9
DA:216,1
DA:217,1
DA:218,1
DA:219,1
DA:220,1
DA:221,1
DA:222,1
DA:223,1
DA:224,1
DA:225,9
DA:226,9
DA:227,9
DA:228,9
DA:229,9
DA:230,9
DA:231,9
DA:232,9
DA:233,9
DA:234,9
DA:235,9
DA:236,9
DA:237,0
DA:238,0
DA:239,0
DA:240,0
DA:241,0
DA:242,0
DA:243,0
DA:244,0
DA:245,0
DA:246,9
DA:247,9
DA:248,9
DA:249,9
DA:250,9
DA:251,9
DA:252,9
DA:254,9
DA:255,9
DA:256,9
DA:257,9
DA:258,9
DA:259,9
DA:260,9
DA:261,9
DA:262,9
DA:263,0
DA:264,0
DA:265,0
DA:266,0
DA:267,0
DA:268,0
DA:269,0
DA:270,0
DA:271,0
DA:272,9
DA:273,9
DA:274,9
DA:275,9
DA:276,9
DA:277,9
DA:278,9
DA:279,9
DA:280,9
DA:281,9
DA:282,9
DA:283,9
DA:284,3
DA:285,3
DA:286,3
DA:287,3
DA:288,3
DA:289,3
DA:290,3
DA:291,3
DA:292,3
DA:293,9
DA:294,9
DA:295,9
DA:296,9
DA:298,9
DA:299,9
DA:300,9
DA:301,9
DA:302,9
DA:303,0
DA:304,0
DA:305,0
DA:306,0
DA:307,0
DA:308,0
DA:309,0
DA:310,0
DA:311,0
DA:312,0
DA:313,9
DA:315,9
DA:316,9
DA:317,9
DA:318,9
DA:319,9
DA:320,9
DA:323,9
DA:324,2
DA:325,2
DA:326,2
DA:327,0
DA:328,0
DA:329,0
DA:330,2
DA:331,2
DA:333,2
DA:334,2
DA:336,9
DA:337,9
DA:340,9
DA:341,0
DA:342,0
DA:343,0
DA:344,0
DA:345,0
DA:346,0
DA:347,0
DA:348,0
DA:349,0
DA:350,0
DA:351,0
DA:352,0
DA:353,0
DA:354,0
DA:355,0
DA:356,0
DA:357,0
DA:358,0
DA:359,0
DA:360,0
DA:361,0
DA:362,0
DA:363,0
DA:364,0
DA:365,0
DA:366,0
DA:367,0
DA:369,9
DA:370,9
DA:372,9
DA:374,1
LF:309
LH:231
BRDA:19,0,0,9
BRDA:95,1,0,7
BRDA:95,2,0,2
BRDA:136,3,0,1
BRDA:136,4,0,1
BRDA:136,5,0,1
BRDA:137,6,0,1
BRDA:137,7,0,0
BRDA:138,8,0,1
BRDA:138,9,0,0
BRDA:144,10,0,7
BRDA:147,11,0,7
BRDA:150,12,0,1
BRDA:161,13,0,0
BRDA:162,14,0,7
BRDA:162,15,0,0
BRDA:163,16,0,7
BRDA:163,17,0,0
BRDA:164,18,0,7
BRDA:164,19,0,0
BRDA:185,20,0,0
BRDA:200,21,0,7
BRDA:200,22,0,7
BRDA:200,23,0,5
BRDA:214,24,0,2
BRDA:214,25,0,5
BRDA:228,26,0,2
BRDA:228,27,0,2
BRDA:228,28,0,5
BRDA:235,29,0,2
BRDA:235,30,0,5
BRDA:249,31,0,2
BRDA:249,32,0,2
BRDA:249,33,0,5
BRDA:261,34,0,2
BRDA:261,35,0,6
BRDA:282,36,0,2
BRDA:282,37,0,6
BRDA:301,38,0,2
BRDA:301,39,0,7
BRDA:323,40,0,2
BRDA:340,41,0,0
BRDA:340,42,0,0
BRDA:29,43,0,9
BRDA:30,44,0,9
BRDA:31,45,0,8
BRDA:44,46,0,5
BRDA:51,47,0,0
BRDA:63,48,0,0
BRDA:87,49,0,0
BRDA:60,50,0,5
BRDA:75,51,0,5
BRDA:76,52,0,0
BRDA:85,53,0,5
BRDA:149,54,0,7
BRDA:152,55,0,1
BRDA:186,56,0,1
BRDA:189,57,0,0
BRDA:215,58,0,1
BRDA:283,59,0,3
BRDA:288,60,0,1
BRF:61
BRH:47
end_of_record
TN:
SF:src/components/TabPanel.tsx
FN:22,TabPanel
FN:33,handleTabDoubleClick
FN:38,handleNameSubmit
FN:46,handleKeyDown
FN:67,onClick
FN:68,onDoubleClick
FN:74,onChange
FN:86,onClick
FNF:8
FNH:8
FNDA:49,TabPanel
FNDA:3,handleTabDoubleClick
FNDA:2,handleNameSubmit
FNDA:32,handleKeyDown
FNDA:10,onClick
FNDA:3,onDoubleClick
FNDA:32,onChange
FNDA:1,onClick
DA:1,1
DA:22,1
DA:23,49
DA:24,49
DA:25,49
DA:26,49
DA:27,49
DA:28,49
DA:29,49
DA:30,49
DA:31,49
DA:33,49
DA:34,3
DA:35,3
DA:36,3
DA:38,49
DA:39,2
DA:40,2
DA:41,2
DA:42,2
DA:43,2
DA:44,2
DA:46,49
DA:47,32
DA:48,1
DA:49,32
DA:50,1
DA:51,1
DA:52,1
DA:53,32
DA:55,49
DA:56,49
DA:57,49
DA:58,49
DA:59,49
DA:60,140
DA:61,140
DA:62,140
DA:63,140
DA:64,48
DA:65,92
DA:66,140
DA:67,140
DA:68,140
DA:70,140
DA:71,35
DA:72,35
DA:73,35
DA:74,35
DA:75,35
DA:76,35
DA:77,35
DA:78,35
DA:79,35
DA:81,105
DA:83,140
DA:84,138
DA:85,138
DA:86,138
DA:87,1
DA:88,1
DA:89,1
DA:90,138
DA:91,138
DA:93,138
DA:95,140
DA:96,49
DA:97,49
DA:98,49
DA:99,49
DA:100,49
DA:101,49
DA:103,49
DA:104,49
DA:105,49
DA:106,49
DA:108,49
DA:110,1
LF:78
LH:78
BRDA:22,0,0,49
BRDA:33,1,0,3
BRDA:38,2,0,2
BRDA:46,3,0,32
BRDA:47,4,0,1
BRDA:49,5,0,31
BRDA:49,6,0,1
BRDA:59,7,0,140
BRDA:63,8,0,48
BRDA:64,9,0,92
BRDA:70,10,0,35
BRDA:79,11,0,105
BRDA:83,12,0,138
BRDA:67,13,0,10
BRDA:68,14,0,3
BRDA:74,15,0,32
BRDA:86,16,0,1
BRF:17
BRH:17
end_of_record
TN:
SF:src/components/Toolbox.tsx
FN:12,groupBy
FN:60,Toolbox
FN:91,toggleGroup
FN:110,onClick
FN:125,onDragStart
FN:136,onDragEnd
FN:169,onClick
FN:179,onClick
FN:183,onClick
FN:196,onChange
FN:210,onChange
FN:224,onChange
FN:238,onChange
FN:254,onChange
FN:268,onChange
FN:280,onClick
FN:309,onClick
FNF:17
FNH:5
FNDA:9,groupBy
FNDA:9,Toolbox
FNDA:1,toggleGroup
FNDA:1,onClick
FNDA:1,onDragStart
FNDA:0,onDragEnd
FNDA:0,onClick
FNDA:0,onClick
FNDA:0,onClick
FNDA:0,onChange
FNDA:0,onChange
FNDA:0,onChange
FNDA:0,onChange
FNDA:0,onChange
FNDA:0,onChange
FNDA:0,onClick
FNDA:0,onClick
DA:1,1
DA:2,1
DA:3,1
DA:12,9
DA:13,9
DA:14,15
DA:15,15
DA:16,15
DA:17,15
DA:18,9
DA:19,9
DA:60,1
DA:61,9
DA:62,9
DA:63,9
DA:64,9
DA:65,9
DA:66,9
DA:68,9
DA:69,9
DA:70,9
DA:72,9
DA:73,9
DA:74,9
DA:75,9
DA:76,9
DA:77,9
DA:78,9
DA:79,9
DA:82,9
DA:84,9
DA:85,9
DA:86,10
DA:87,10
DA:88,9
DA:89,9
DA:91,9
DA:92,1
DA:93,1
DA:94,1
DA:95,1
DA:96,1
DA:98,9
DA:99,9
DA:100,9
DA:102,9
DA:103,9
DA:104,10
DA:105,10
DA:106,10
DA:108,10
DA:109,10
DA:110,10
DA:112,10
DA:113,10
DA:114,10
DA:115,10
DA:116,10
DA:117,10
DA:118,9
DA:119,9
DA:120,9
DA:121,14
DA:122,14
DA:123,14
DA:124,14
DA:125,14
DA:126,1
DA:127,1
DA:128,1
DA:129,1
DA:130,1
DA:131,1
DA:132,1
DA:133,1
DA:134,1
DA:135,1
DA:136,14
DA:137,14
DA:138,14
DA:141,14
DA:142,14
DA:143,14
DA:146,14
DA:147,0
DA:148,0
DA:149,0
DA:150,0
DA:151,0
DA:152,0
DA:153,14
DA:154,0
DA:155,0
DA:156,0
DA:157,0
DA:158,14
DA:159,14
DA:161,9
DA:162,9
DA:163,9
DA:165,10
DA:166,9
DA:167,9
DA:168,9
DA:169,9
DA:170,9
DA:172,9
DA:174,9
DA:176,9
DA:177,0
DA:178,0
DA:179,0
DA:181,0
DA:182,0
DA:183,0
DA:185,0
DA:187,0
DA:188,0
DA:189,0
DA:190,0
DA:192,0
DA:193,0
DA:194,0
DA:195,0
DA:196,0
DA:197,0
DA:199,0
DA:200,0
DA:201,0
DA:203,0
DA:204,0
DA:206,0
DA:207,0
DA:208,0
DA:209,0
DA:210,0
DA:211,0
DA:213,0
DA:214,0
DA:215,0
DA:216,0
DA:218,0
DA:219,0
DA:221,0
DA:222,0
DA:223,0
DA:224,0
DA:225,0
DA:227,0
DA:228,0
DA:229,0
DA:230,0
DA:232,0
DA:233,0
DA:235,0
DA:236,0
DA:237,0
DA:238,0
DA:239,0
DA:241,0
DA:242,0
DA:243,0
DA:244,0
DA:246,0
DA:247,0
DA:248,0
DA:250,0
DA:251,0
DA:252,0
DA:253,0
DA:254,0
DA:255,0
DA:257,0
DA:258,0
DA:259,0
DA:261,0
DA:262,0
DA:264,0
DA:265,0
DA:266,0
DA:267,0
DA:268,0
DA:269,0
DA:271,0
DA:272,0
DA:273,0
DA:274,0
DA:275,0
DA:277,0
DA:278,0
DA:279,0
DA:280,0
DA:281,0
DA:282,0
DA:283,0
DA:284,0
DA:285,0
DA:286,0
DA:287,0
DA:288,0
DA:289,0
DA:290,0
DA:291,0
DA:292,0
DA:293,0
DA:294,0
DA:295,0
DA:296,0
DA:297,0
DA:298,0
DA:299,0
DA:300,0
DA:301,0
DA:302,0
DA:303,0
DA:304,0
DA:306,0
DA:307,0
DA:308,0
DA:309,0
DA:310,0
DA:312,0
DA:313,0
DA:314,0
DA:315,0
DA:317,9
DA:319,9
DA:324,1
LF:228
LH:102
BRDA:12,0,0,9
BRDA:13,1,0,15
BRDA:14,2,0,0
BRDA:15,3,0,10
BRDA:60,4,0,9
BRDA:69,5,0,0
BRDA:70,6,0,8
BRDA:176,7,0,0
BRDA:82,8,0,15
BRDA:82,9,0,1
BRDA:85,10,0,10
BRDA:91,11,0,1
BRDA:92,12,0,1
BRDA:103,13,0,10
BRDA:106,14,0,1
BRDA:106,15,0,9
BRDA:113,16,0,1
BRDA:113,17,0,9
BRDA:117,18,0,9
BRDA:110,19,0,1
BRDA:120,20,0,14
BRDA:146,21,0,0
BRDA:146,22,0,0
BRDA:153,23,0,0
BRDA:125,24,0,1
BRF:25
BRH:19
end_of_record
